        Memory Usage by Core
        ====================

Generated: Sun Jan  2 23:46:37 2022 for target machine '10.11.193.81'

Planned by partitioner
----------------------
Based on 1000 timesteps

SDRAM reqs for core (0,0,4) is 552 KB (565817 bytes) for Placement(vertex=E_pop:0:99, x=0, y=0, p=4)
SDRAM reqs for core (1,0,9) is 552 KB (565817 bytes) for Placement(vertex=E_pop:1000:1099, x=1, y=0, p=9)
SDRAM reqs for core (0,0,6) is 552 KB (565817 bytes) for Placement(vertex=E_pop:100:199, x=0, y=0, p=6)
SDRAM reqs for core (1,0,11) is 552 KB (565817 bytes) for Placement(vertex=E_pop:1100:1199, x=1, y=0, p=11)
SDRAM reqs for core (1,0,13) is 552 KB (565817 bytes) for Placement(vertex=E_pop:1200:1299, x=1, y=0, p=13)
SDRAM reqs for core (1,0,15) is 552 KB (565817 bytes) for Placement(vertex=E_pop:1300:1399, x=1, y=0, p=15)
SDRAM reqs for core (1,0,17) is 552 KB (565817 bytes) for Placement(vertex=E_pop:1400:1499, x=1, y=0, p=17)
SDRAM reqs for core (1,1,3) is 552 KB (565817 bytes) for Placement(vertex=E_pop:1500:1599, x=1, y=1, p=3)
SDRAM reqs for core (1,1,5) is 552 KB (565817 bytes) for Placement(vertex=E_pop:1600:1699, x=1, y=1, p=5)
SDRAM reqs for core (1,1,7) is 552 KB (565817 bytes) for Placement(vertex=E_pop:1700:1799, x=1, y=1, p=7)
SDRAM reqs for core (1,1,9) is 552 KB (565817 bytes) for Placement(vertex=E_pop:1800:1899, x=1, y=1, p=9)
SDRAM reqs for core (1,1,11) is 552 KB (565817 bytes) for Placement(vertex=E_pop:1900:1999, x=1, y=1, p=11)
SDRAM reqs for core (1,1,13) is 552 KB (565817 bytes) for Placement(vertex=E_pop:2000:2099, x=1, y=1, p=13)
SDRAM reqs for core (0,0,8) is 552 KB (565817 bytes) for Placement(vertex=E_pop:200:299, x=0, y=0, p=8)
SDRAM reqs for core (1,1,15) is 552 KB (565817 bytes) for Placement(vertex=E_pop:2100:2199, x=1, y=1, p=15)
SDRAM reqs for core (0,1,3) is 552 KB (565817 bytes) for Placement(vertex=E_pop:2200:2299, x=0, y=1, p=3)
SDRAM reqs for core (0,1,5) is 552 KB (565817 bytes) for Placement(vertex=E_pop:2300:2399, x=0, y=1, p=5)
SDRAM reqs for core (0,0,10) is 552 KB (565817 bytes) for Placement(vertex=E_pop:300:399, x=0, y=0, p=10)
SDRAM reqs for core (0,0,12) is 552 KB (565817 bytes) for Placement(vertex=E_pop:400:499, x=0, y=0, p=12)
SDRAM reqs for core (0,0,14) is 552 KB (565817 bytes) for Placement(vertex=E_pop:500:599, x=0, y=0, p=14)
SDRAM reqs for core (0,0,16) is 552 KB (565817 bytes) for Placement(vertex=E_pop:600:699, x=0, y=0, p=16)
SDRAM reqs for core (1,0,3) is 552 KB (565817 bytes) for Placement(vertex=E_pop:700:799, x=1, y=0, p=3)
SDRAM reqs for core (1,0,5) is 552 KB (565817 bytes) for Placement(vertex=E_pop:800:899, x=1, y=0, p=5)
SDRAM reqs for core (1,0,7) is 552 KB (565817 bytes) for Placement(vertex=E_pop:900:999, x=1, y=0, p=7)
SDRAM reqs for core (0,1,7) is 496 KB (508897 bytes) for Placement(vertex=I_pop:0:99, x=0, y=1, p=7)
SDRAM reqs for core (0,1,9) is 496 KB (508897 bytes) for Placement(vertex=I_pop:100:199, x=0, y=1, p=9)
SDRAM reqs for core (0,1,11) is 496 KB (508897 bytes) for Placement(vertex=I_pop:200:299, x=0, y=1, p=11)
SDRAM reqs for core (0,1,13) is 496 KB (508897 bytes) for Placement(vertex=I_pop:300:399, x=0, y=1, p=13)
SDRAM reqs for core (0,1,15) is 496 KB (508897 bytes) for Placement(vertex=I_pop:400:499, x=0, y=1, p=15)
SDRAM reqs for core (0,1,17) is 496 KB (508897 bytes) for Placement(vertex=I_pop:500:599, x=0, y=1, p=17)
SDRAM reqs for core (0,0,3) is 4 KB (4184 bytes) for Placement(vertex=Poisson_pop_E:0:99, x=0, y=0, p=3)
SDRAM reqs for core (1,0,8) is 4 KB (4184 bytes) for Placement(vertex=Poisson_pop_E:1000:1099, x=1, y=0, p=8)
SDRAM reqs for core (0,0,5) is 4 KB (4184 bytes) for Placement(vertex=Poisson_pop_E:100:199, x=0, y=0, p=5)
SDRAM reqs for core (1,0,10) is 4 KB (4184 bytes) for Placement(vertex=Poisson_pop_E:1100:1199, x=1, y=0, p=10)
SDRAM reqs for core (1,0,12) is 4 KB (4184 bytes) for Placement(vertex=Poisson_pop_E:1200:1299, x=1, y=0, p=12)
SDRAM reqs for core (1,0,14) is 4 KB (4184 bytes) for Placement(vertex=Poisson_pop_E:1300:1399, x=1, y=0, p=14)
SDRAM reqs for core (1,0,16) is 4 KB (4184 bytes) for Placement(vertex=Poisson_pop_E:1400:1499, x=1, y=0, p=16)
SDRAM reqs for core (1,1,2) is 4 KB (4184 bytes) for Placement(vertex=Poisson_pop_E:1500:1599, x=1, y=1, p=2)
SDRAM reqs for core (1,1,4) is 4 KB (4184 bytes) for Placement(vertex=Poisson_pop_E:1600:1699, x=1, y=1, p=4)
SDRAM reqs for core (1,1,6) is 4 KB (4184 bytes) for Placement(vertex=Poisson_pop_E:1700:1799, x=1, y=1, p=6)
SDRAM reqs for core (1,1,8) is 4 KB (4184 bytes) for Placement(vertex=Poisson_pop_E:1800:1899, x=1, y=1, p=8)
SDRAM reqs for core (1,1,10) is 4 KB (4184 bytes) for Placement(vertex=Poisson_pop_E:1900:1999, x=1, y=1, p=10)
SDRAM reqs for core (1,1,12) is 4 KB (4184 bytes) for Placement(vertex=Poisson_pop_E:2000:2099, x=1, y=1, p=12)
SDRAM reqs for core (0,0,7) is 4 KB (4184 bytes) for Placement(vertex=Poisson_pop_E:200:299, x=0, y=0, p=7)
SDRAM reqs for core (1,1,14) is 4 KB (4184 bytes) for Placement(vertex=Poisson_pop_E:2100:2199, x=1, y=1, p=14)
SDRAM reqs for core (0,1,2) is 4 KB (4184 bytes) for Placement(vertex=Poisson_pop_E:2200:2299, x=0, y=1, p=2)
SDRAM reqs for core (0,1,4) is 4 KB (4184 bytes) for Placement(vertex=Poisson_pop_E:2300:2399, x=0, y=1, p=4)
SDRAM reqs for core (0,0,9) is 4 KB (4184 bytes) for Placement(vertex=Poisson_pop_E:300:399, x=0, y=0, p=9)
SDRAM reqs for core (0,0,11) is 4 KB (4184 bytes) for Placement(vertex=Poisson_pop_E:400:499, x=0, y=0, p=11)
SDRAM reqs for core (0,0,13) is 4 KB (4184 bytes) for Placement(vertex=Poisson_pop_E:500:599, x=0, y=0, p=13)
SDRAM reqs for core (0,0,15) is 4 KB (4184 bytes) for Placement(vertex=Poisson_pop_E:600:699, x=0, y=0, p=15)
SDRAM reqs for core (1,0,2) is 4 KB (4184 bytes) for Placement(vertex=Poisson_pop_E:700:799, x=1, y=0, p=2)
SDRAM reqs for core (1,0,4) is 4 KB (4184 bytes) for Placement(vertex=Poisson_pop_E:800:899, x=1, y=0, p=4)
SDRAM reqs for core (1,0,6) is 4 KB (4184 bytes) for Placement(vertex=Poisson_pop_E:900:999, x=1, y=0, p=6)
SDRAM reqs for core (0,1,6) is 4 KB (4184 bytes) for Placement(vertex=Poisson_pop_I:0:99, x=0, y=1, p=6)
SDRAM reqs for core (0,1,8) is 4 KB (4184 bytes) for Placement(vertex=Poisson_pop_I:100:199, x=0, y=1, p=8)
SDRAM reqs for core (0,1,10) is 4 KB (4184 bytes) for Placement(vertex=Poisson_pop_I:200:299, x=0, y=1, p=10)
SDRAM reqs for core (0,1,12) is 4 KB (4184 bytes) for Placement(vertex=Poisson_pop_I:300:399, x=0, y=1, p=12)
SDRAM reqs for core (0,1,14) is 4 KB (4184 bytes) for Placement(vertex=Poisson_pop_I:400:499, x=0, y=1, p=14)
SDRAM reqs for core (0,1,16) is 4 KB (4184 bytes) for Placement(vertex=Poisson_pop_I:500:599, x=0, y=1, p=16)
SDRAM reqs for core (0,0,1) is 476 KB (488136 bytes) for Placement(vertex=SYSTEM:ExtraMonitor, x=0, y=0, p=1)
SDRAM reqs for core (0,1,1) is 476 KB (488136 bytes) for Placement(vertex=SYSTEM:ExtraMonitor1, x=0, y=1, p=1)
SDRAM reqs for core (2,1,1) is 476 KB (488136 bytes) for Placement(vertex=SYSTEM:ExtraMonitor10, x=2, y=1, p=1)
SDRAM reqs for core (2,2,1) is 476 KB (488136 bytes) for Placement(vertex=SYSTEM:ExtraMonitor11, x=2, y=2, p=1)
SDRAM reqs for core (2,3,1) is 476 KB (488136 bytes) for Placement(vertex=SYSTEM:ExtraMonitor12, x=2, y=3, p=1)
SDRAM reqs for core (2,4,1) is 476 KB (488136 bytes) for Placement(vertex=SYSTEM:ExtraMonitor13, x=2, y=4, p=1)
SDRAM reqs for core (2,5,1) is 476 KB (488136 bytes) for Placement(vertex=SYSTEM:ExtraMonitor14, x=2, y=5, p=1)
SDRAM reqs for core (3,0,1) is 476 KB (488136 bytes) for Placement(vertex=SYSTEM:ExtraMonitor15, x=3, y=0, p=1)
SDRAM reqs for core (3,1,1) is 476 KB (488136 bytes) for Placement(vertex=SYSTEM:ExtraMonitor16, x=3, y=1, p=1)
SDRAM reqs for core (3,2,1) is 476 KB (488136 bytes) for Placement(vertex=SYSTEM:ExtraMonitor17, x=3, y=2, p=1)
SDRAM reqs for core (3,3,1) is 476 KB (488136 bytes) for Placement(vertex=SYSTEM:ExtraMonitor18, x=3, y=3, p=1)
SDRAM reqs for core (3,4,1) is 476 KB (488136 bytes) for Placement(vertex=SYSTEM:ExtraMonitor19, x=3, y=4, p=1)
SDRAM reqs for core (0,2,1) is 476 KB (488136 bytes) for Placement(vertex=SYSTEM:ExtraMonitor2, x=0, y=2, p=1)
SDRAM reqs for core (3,5,1) is 476 KB (488136 bytes) for Placement(vertex=SYSTEM:ExtraMonitor20, x=3, y=5, p=1)
SDRAM reqs for core (3,6,1) is 476 KB (488136 bytes) for Placement(vertex=SYSTEM:ExtraMonitor21, x=3, y=6, p=1)
SDRAM reqs for core (4,0,1) is 476 KB (488136 bytes) for Placement(vertex=SYSTEM:ExtraMonitor22, x=4, y=0, p=1)
SDRAM reqs for core (4,1,1) is 476 KB (488136 bytes) for Placement(vertex=SYSTEM:ExtraMonitor23, x=4, y=1, p=1)
SDRAM reqs for core (4,2,1) is 476 KB (488136 bytes) for Placement(vertex=SYSTEM:ExtraMonitor24, x=4, y=2, p=1)
SDRAM reqs for core (4,3,1) is 476 KB (488136 bytes) for Placement(vertex=SYSTEM:ExtraMonitor25, x=4, y=3, p=1)
SDRAM reqs for core (4,4,1) is 476 KB (488136 bytes) for Placement(vertex=SYSTEM:ExtraMonitor26, x=4, y=4, p=1)
SDRAM reqs for core (4,5,1) is 476 KB (488136 bytes) for Placement(vertex=SYSTEM:ExtraMonitor27, x=4, y=5, p=1)
SDRAM reqs for core (4,6,1) is 476 KB (488136 bytes) for Placement(vertex=SYSTEM:ExtraMonitor28, x=4, y=6, p=1)
SDRAM reqs for core (4,7,1) is 476 KB (488136 bytes) for Placement(vertex=SYSTEM:ExtraMonitor29, x=4, y=7, p=1)
SDRAM reqs for core (0,3,1) is 476 KB (488136 bytes) for Placement(vertex=SYSTEM:ExtraMonitor3, x=0, y=3, p=1)
SDRAM reqs for core (5,1,1) is 476 KB (488136 bytes) for Placement(vertex=SYSTEM:ExtraMonitor30, x=5, y=1, p=1)
SDRAM reqs for core (5,2,1) is 476 KB (488136 bytes) for Placement(vertex=SYSTEM:ExtraMonitor31, x=5, y=2, p=1)
SDRAM reqs for core (5,3,1) is 476 KB (488136 bytes) for Placement(vertex=SYSTEM:ExtraMonitor32, x=5, y=3, p=1)
SDRAM reqs for core (5,4,1) is 476 KB (488136 bytes) for Placement(vertex=SYSTEM:ExtraMonitor33, x=5, y=4, p=1)
SDRAM reqs for core (5,5,1) is 476 KB (488136 bytes) for Placement(vertex=SYSTEM:ExtraMonitor34, x=5, y=5, p=1)
SDRAM reqs for core (5,6,1) is 476 KB (488136 bytes) for Placement(vertex=SYSTEM:ExtraMonitor35, x=5, y=6, p=1)
SDRAM reqs for core (5,7,1) is 476 KB (488136 bytes) for Placement(vertex=SYSTEM:ExtraMonitor36, x=5, y=7, p=1)
SDRAM reqs for core (6,2,1) is 476 KB (488136 bytes) for Placement(vertex=SYSTEM:ExtraMonitor37, x=6, y=2, p=1)
SDRAM reqs for core (6,3,1) is 476 KB (488136 bytes) for Placement(vertex=SYSTEM:ExtraMonitor38, x=6, y=3, p=1)
SDRAM reqs for core (6,4,1) is 476 KB (488136 bytes) for Placement(vertex=SYSTEM:ExtraMonitor39, x=6, y=4, p=1)
SDRAM reqs for core (1,0,1) is 476 KB (488136 bytes) for Placement(vertex=SYSTEM:ExtraMonitor4, x=1, y=0, p=1)
SDRAM reqs for core (6,5,1) is 476 KB (488136 bytes) for Placement(vertex=SYSTEM:ExtraMonitor40, x=6, y=5, p=1)
SDRAM reqs for core (6,6,1) is 476 KB (488136 bytes) for Placement(vertex=SYSTEM:ExtraMonitor41, x=6, y=6, p=1)
SDRAM reqs for core (6,7,1) is 476 KB (488136 bytes) for Placement(vertex=SYSTEM:ExtraMonitor42, x=6, y=7, p=1)
SDRAM reqs for core (7,3,1) is 476 KB (488136 bytes) for Placement(vertex=SYSTEM:ExtraMonitor43, x=7, y=3, p=1)
SDRAM reqs for core (7,4,1) is 476 KB (488136 bytes) for Placement(vertex=SYSTEM:ExtraMonitor44, x=7, y=4, p=1)
SDRAM reqs for core (7,5,1) is 476 KB (488136 bytes) for Placement(vertex=SYSTEM:ExtraMonitor45, x=7, y=5, p=1)
SDRAM reqs for core (7,6,1) is 476 KB (488136 bytes) for Placement(vertex=SYSTEM:ExtraMonitor46, x=7, y=6, p=1)
SDRAM reqs for core (7,7,1) is 476 KB (488136 bytes) for Placement(vertex=SYSTEM:ExtraMonitor47, x=7, y=7, p=1)
SDRAM reqs for core (1,1,1) is 476 KB (488136 bytes) for Placement(vertex=SYSTEM:ExtraMonitor5, x=1, y=1, p=1)
SDRAM reqs for core (1,2,1) is 476 KB (488136 bytes) for Placement(vertex=SYSTEM:ExtraMonitor6, x=1, y=2, p=1)
SDRAM reqs for core (1,3,1) is 476 KB (488136 bytes) for Placement(vertex=SYSTEM:ExtraMonitor7, x=1, y=3, p=1)
SDRAM reqs for core (1,4,1) is 476 KB (488136 bytes) for Placement(vertex=SYSTEM:ExtraMonitor8, x=1, y=4, p=1)
SDRAM reqs for core (2,0,1) is 476 KB (488136 bytes) for Placement(vertex=SYSTEM:ExtraMonitor9, x=2, y=0, p=1)
SDRAM reqs for core (0,0,2) is 459 KB (470200 bytes) for Placement(vertex=SYSTEM:PacketGatherer(0,0), x=0, y=0, p=2)
**** Chip: (0, 0) has total memory usage of 4832 KB (4948343 bytes) out of a max of 120575 KB (123469792 bytes)

**** Chip: (0, 1) has total memory usage of 4596 KB (4706624 bytes) out of a max of 120575 KB (123469792 bytes)

**** Chip: (0, 2) has total memory usage of 476 KB (488136 bytes) out of a max of 120575 KB (123469792 bytes)

**** Chip: (0, 3) has total memory usage of 476 KB (488136 bytes) out of a max of 120575 KB (123469792 bytes)

**** Chip: (1, 0) has total memory usage of 4929 KB (5048144 bytes) out of a max of 120575 KB (123469792 bytes)

**** Chip: (1, 1) has total memory usage of 4373 KB (4478143 bytes) out of a max of 120575 KB (123469792 bytes)

**** Chip: (1, 2) has total memory usage of 476 KB (488136 bytes) out of a max of 120575 KB (123469792 bytes)

**** Chip: (1, 3) has total memory usage of 476 KB (488136 bytes) out of a max of 120575 KB (123469792 bytes)

**** Chip: (1, 4) has total memory usage of 476 KB (488136 bytes) out of a max of 120575 KB (123469792 bytes)

**** Chip: (2, 0) has total memory usage of 476 KB (488136 bytes) out of a max of 120575 KB (123469792 bytes)

**** Chip: (2, 1) has total memory usage of 476 KB (488136 bytes) out of a max of 120575 KB (123469792 bytes)

**** Chip: (2, 2) has total memory usage of 476 KB (488136 bytes) out of a max of 120575 KB (123469792 bytes)

**** Chip: (2, 3) has total memory usage of 476 KB (488136 bytes) out of a max of 120575 KB (123469792 bytes)

**** Chip: (2, 4) has total memory usage of 476 KB (488136 bytes) out of a max of 120575 KB (123469792 bytes)

**** Chip: (2, 5) has total memory usage of 476 KB (488136 bytes) out of a max of 120575 KB (123469792 bytes)

**** Chip: (3, 0) has total memory usage of 476 KB (488136 bytes) out of a max of 120575 KB (123469792 bytes)

**** Chip: (3, 1) has total memory usage of 476 KB (488136 bytes) out of a max of 120575 KB (123469792 bytes)

**** Chip: (3, 2) has total memory usage of 476 KB (488136 bytes) out of a max of 120575 KB (123469792 bytes)

**** Chip: (3, 3) has total memory usage of 476 KB (488136 bytes) out of a max of 120575 KB (123469792 bytes)

**** Chip: (3, 4) has total memory usage of 476 KB (488136 bytes) out of a max of 120575 KB (123469792 bytes)

**** Chip: (3, 5) has total memory usage of 476 KB (488136 bytes) out of a max of 120575 KB (123469792 bytes)

**** Chip: (3, 6) has total memory usage of 476 KB (488136 bytes) out of a max of 120575 KB (123469792 bytes)

**** Chip: (4, 0) has total memory usage of 476 KB (488136 bytes) out of a max of 120575 KB (123469792 bytes)

**** Chip: (4, 1) has total memory usage of 476 KB (488136 bytes) out of a max of 120575 KB (123469792 bytes)

**** Chip: (4, 2) has total memory usage of 476 KB (488136 bytes) out of a max of 120575 KB (123469792 bytes)

**** Chip: (4, 3) has total memory usage of 476 KB (488136 bytes) out of a max of 120575 KB (123469792 bytes)

**** Chip: (4, 4) has total memory usage of 476 KB (488136 bytes) out of a max of 120575 KB (123469792 bytes)

**** Chip: (4, 5) has total memory usage of 476 KB (488136 bytes) out of a max of 120575 KB (123469792 bytes)

**** Chip: (4, 6) has total memory usage of 476 KB (488136 bytes) out of a max of 120575 KB (123469792 bytes)

**** Chip: (4, 7) has total memory usage of 476 KB (488136 bytes) out of a max of 120575 KB (123469792 bytes)

**** Chip: (5, 1) has total memory usage of 476 KB (488136 bytes) out of a max of 120575 KB (123469792 bytes)

**** Chip: (5, 2) has total memory usage of 476 KB (488136 bytes) out of a max of 120575 KB (123469792 bytes)

**** Chip: (5, 3) has total memory usage of 476 KB (488136 bytes) out of a max of 120575 KB (123469792 bytes)

**** Chip: (5, 4) has total memory usage of 476 KB (488136 bytes) out of a max of 120575 KB (123469792 bytes)

**** Chip: (5, 5) has total memory usage of 476 KB (488136 bytes) out of a max of 120575 KB (123469792 bytes)

**** Chip: (5, 6) has total memory usage of 476 KB (488136 bytes) out of a max of 120575 KB (123469792 bytes)

**** Chip: (5, 7) has total memory usage of 476 KB (488136 bytes) out of a max of 120575 KB (123469792 bytes)

**** Chip: (6, 2) has total memory usage of 476 KB (488136 bytes) out of a max of 120575 KB (123469792 bytes)

**** Chip: (6, 3) has total memory usage of 476 KB (488136 bytes) out of a max of 120575 KB (123469792 bytes)

**** Chip: (6, 4) has total memory usage of 476 KB (488136 bytes) out of a max of 120575 KB (123469792 bytes)

**** Chip: (6, 5) has total memory usage of 476 KB (488136 bytes) out of a max of 120575 KB (123469792 bytes)

**** Chip: (6, 6) has total memory usage of 476 KB (488136 bytes) out of a max of 120575 KB (123469792 bytes)

**** Chip: (6, 7) has total memory usage of 476 KB (488136 bytes) out of a max of 120575 KB (123469792 bytes)

**** Chip: (7, 3) has total memory usage of 476 KB (488136 bytes) out of a max of 120575 KB (123469792 bytes)

**** Chip: (7, 4) has total memory usage of 476 KB (488136 bytes) out of a max of 120575 KB (123469792 bytes)

**** Chip: (7, 5) has total memory usage of 476 KB (488136 bytes) out of a max of 120575 KB (123469792 bytes)

**** Chip: (7, 6) has total memory usage of 476 KB (488136 bytes) out of a max of 120575 KB (123469792 bytes)

**** Chip: (7, 7) has total memory usage of 476 KB (488136 bytes) out of a max of 120575 KB (123469792 bytes)


Actual space reserved on the machine
----------------------
Based on 741135 timesteps

SDRAM reqs for core (0,0,4) is 15008 KB (15368517 bytes) for Placement(vertex=E_pop:0:99, x=0, y=0, p=4)
SDRAM reqs for core (1,0,9) is 15008 KB (15368517 bytes) for Placement(vertex=E_pop:1000:1099, x=1, y=0, p=9)
SDRAM reqs for core (0,0,6) is 15008 KB (15368517 bytes) for Placement(vertex=E_pop:100:199, x=0, y=0, p=6)
SDRAM reqs for core (1,0,11) is 15008 KB (15368517 bytes) for Placement(vertex=E_pop:1100:1199, x=1, y=0, p=11)
SDRAM reqs for core (1,0,13) is 15008 KB (15368517 bytes) for Placement(vertex=E_pop:1200:1299, x=1, y=0, p=13)
SDRAM reqs for core (1,0,15) is 15008 KB (15368517 bytes) for Placement(vertex=E_pop:1300:1399, x=1, y=0, p=15)
SDRAM reqs for core (1,0,17) is 15008 KB (15368517 bytes) for Placement(vertex=E_pop:1400:1499, x=1, y=0, p=17)
SDRAM reqs for core (1,1,3) is 15008 KB (15368517 bytes) for Placement(vertex=E_pop:1500:1599, x=1, y=1, p=3)
SDRAM reqs for core (1,1,5) is 15008 KB (15368517 bytes) for Placement(vertex=E_pop:1600:1699, x=1, y=1, p=5)
SDRAM reqs for core (1,1,7) is 15008 KB (15368517 bytes) for Placement(vertex=E_pop:1700:1799, x=1, y=1, p=7)
SDRAM reqs for core (1,1,9) is 15008 KB (15368517 bytes) for Placement(vertex=E_pop:1800:1899, x=1, y=1, p=9)
SDRAM reqs for core (1,1,11) is 15008 KB (15368517 bytes) for Placement(vertex=E_pop:1900:1999, x=1, y=1, p=11)
SDRAM reqs for core (1,1,13) is 15008 KB (15368517 bytes) for Placement(vertex=E_pop:2000:2099, x=1, y=1, p=13)
SDRAM reqs for core (0,0,8) is 15008 KB (15368517 bytes) for Placement(vertex=E_pop:200:299, x=0, y=0, p=8)
SDRAM reqs for core (1,1,15) is 15008 KB (15368517 bytes) for Placement(vertex=E_pop:2100:2199, x=1, y=1, p=15)
SDRAM reqs for core (0,1,3) is 15008 KB (15368517 bytes) for Placement(vertex=E_pop:2200:2299, x=0, y=1, p=3)
SDRAM reqs for core (0,1,5) is 15008 KB (15368517 bytes) for Placement(vertex=E_pop:2300:2399, x=0, y=1, p=5)
SDRAM reqs for core (0,0,10) is 15008 KB (15368517 bytes) for Placement(vertex=E_pop:300:399, x=0, y=0, p=10)
SDRAM reqs for core (0,0,12) is 15008 KB (15368517 bytes) for Placement(vertex=E_pop:400:499, x=0, y=0, p=12)
SDRAM reqs for core (0,0,14) is 15008 KB (15368517 bytes) for Placement(vertex=E_pop:500:599, x=0, y=0, p=14)
SDRAM reqs for core (0,0,16) is 15008 KB (15368517 bytes) for Placement(vertex=E_pop:600:699, x=0, y=0, p=16)
SDRAM reqs for core (1,0,3) is 15008 KB (15368517 bytes) for Placement(vertex=E_pop:700:799, x=1, y=0, p=3)
SDRAM reqs for core (1,0,5) is 15008 KB (15368517 bytes) for Placement(vertex=E_pop:800:899, x=1, y=0, p=5)
SDRAM reqs for core (1,0,7) is 15008 KB (15368517 bytes) for Placement(vertex=E_pop:900:999, x=1, y=0, p=7)
SDRAM reqs for core (0,1,7) is 496 KB (508897 bytes) for Placement(vertex=I_pop:0:99, x=0, y=1, p=7)
SDRAM reqs for core (0,1,9) is 496 KB (508897 bytes) for Placement(vertex=I_pop:100:199, x=0, y=1, p=9)
SDRAM reqs for core (0,1,11) is 496 KB (508897 bytes) for Placement(vertex=I_pop:200:299, x=0, y=1, p=11)
SDRAM reqs for core (0,1,13) is 496 KB (508897 bytes) for Placement(vertex=I_pop:300:399, x=0, y=1, p=13)
SDRAM reqs for core (0,1,15) is 496 KB (508897 bytes) for Placement(vertex=I_pop:400:499, x=0, y=1, p=15)
SDRAM reqs for core (0,1,17) is 496 KB (508897 bytes) for Placement(vertex=I_pop:500:599, x=0, y=1, p=17)
SDRAM reqs for core (0,0,3) is 4 KB (4184 bytes) for Placement(vertex=Poisson_pop_E:0:99, x=0, y=0, p=3)
SDRAM reqs for core (1,0,8) is 4 KB (4184 bytes) for Placement(vertex=Poisson_pop_E:1000:1099, x=1, y=0, p=8)
SDRAM reqs for core (0,0,5) is 4 KB (4184 bytes) for Placement(vertex=Poisson_pop_E:100:199, x=0, y=0, p=5)
SDRAM reqs for core (1,0,10) is 4 KB (4184 bytes) for Placement(vertex=Poisson_pop_E:1100:1199, x=1, y=0, p=10)
SDRAM reqs for core (1,0,12) is 4 KB (4184 bytes) for Placement(vertex=Poisson_pop_E:1200:1299, x=1, y=0, p=12)
SDRAM reqs for core (1,0,14) is 4 KB (4184 bytes) for Placement(vertex=Poisson_pop_E:1300:1399, x=1, y=0, p=14)
SDRAM reqs for core (1,0,16) is 4 KB (4184 bytes) for Placement(vertex=Poisson_pop_E:1400:1499, x=1, y=0, p=16)
SDRAM reqs for core (1,1,2) is 4 KB (4184 bytes) for Placement(vertex=Poisson_pop_E:1500:1599, x=1, y=1, p=2)
SDRAM reqs for core (1,1,4) is 4 KB (4184 bytes) for Placement(vertex=Poisson_pop_E:1600:1699, x=1, y=1, p=4)
SDRAM reqs for core (1,1,6) is 4 KB (4184 bytes) for Placement(vertex=Poisson_pop_E:1700:1799, x=1, y=1, p=6)
SDRAM reqs for core (1,1,8) is 4 KB (4184 bytes) for Placement(vertex=Poisson_pop_E:1800:1899, x=1, y=1, p=8)
SDRAM reqs for core (1,1,10) is 4 KB (4184 bytes) for Placement(vertex=Poisson_pop_E:1900:1999, x=1, y=1, p=10)
SDRAM reqs for core (1,1,12) is 4 KB (4184 bytes) for Placement(vertex=Poisson_pop_E:2000:2099, x=1, y=1, p=12)
SDRAM reqs for core (0,0,7) is 4 KB (4184 bytes) for Placement(vertex=Poisson_pop_E:200:299, x=0, y=0, p=7)
SDRAM reqs for core (1,1,14) is 4 KB (4184 bytes) for Placement(vertex=Poisson_pop_E:2100:2199, x=1, y=1, p=14)
SDRAM reqs for core (0,1,2) is 4 KB (4184 bytes) for Placement(vertex=Poisson_pop_E:2200:2299, x=0, y=1, p=2)
SDRAM reqs for core (0,1,4) is 4 KB (4184 bytes) for Placement(vertex=Poisson_pop_E:2300:2399, x=0, y=1, p=4)
SDRAM reqs for core (0,0,9) is 4 KB (4184 bytes) for Placement(vertex=Poisson_pop_E:300:399, x=0, y=0, p=9)
SDRAM reqs for core (0,0,11) is 4 KB (4184 bytes) for Placement(vertex=Poisson_pop_E:400:499, x=0, y=0, p=11)
SDRAM reqs for core (0,0,13) is 4 KB (4184 bytes) for Placement(vertex=Poisson_pop_E:500:599, x=0, y=0, p=13)
SDRAM reqs for core (0,0,15) is 4 KB (4184 bytes) for Placement(vertex=Poisson_pop_E:600:699, x=0, y=0, p=15)
SDRAM reqs for core (1,0,2) is 4 KB (4184 bytes) for Placement(vertex=Poisson_pop_E:700:799, x=1, y=0, p=2)
SDRAM reqs for core (1,0,4) is 4 KB (4184 bytes) for Placement(vertex=Poisson_pop_E:800:899, x=1, y=0, p=4)
SDRAM reqs for core (1,0,6) is 4 KB (4184 bytes) for Placement(vertex=Poisson_pop_E:900:999, x=1, y=0, p=6)
SDRAM reqs for core (0,1,6) is 4 KB (4184 bytes) for Placement(vertex=Poisson_pop_I:0:99, x=0, y=1, p=6)
SDRAM reqs for core (0,1,8) is 4 KB (4184 bytes) for Placement(vertex=Poisson_pop_I:100:199, x=0, y=1, p=8)
SDRAM reqs for core (0,1,10) is 4 KB (4184 bytes) for Placement(vertex=Poisson_pop_I:200:299, x=0, y=1, p=10)
SDRAM reqs for core (0,1,12) is 4 KB (4184 bytes) for Placement(vertex=Poisson_pop_I:300:399, x=0, y=1, p=12)
SDRAM reqs for core (0,1,14) is 4 KB (4184 bytes) for Placement(vertex=Poisson_pop_I:400:499, x=0, y=1, p=14)
SDRAM reqs for core (0,1,16) is 4 KB (4184 bytes) for Placement(vertex=Poisson_pop_I:500:599, x=0, y=1, p=16)
SDRAM reqs for core (0,0,1) is 476 KB (488136 bytes) for Placement(vertex=SYSTEM:ExtraMonitor, x=0, y=0, p=1)
SDRAM reqs for core (0,1,1) is 476 KB (488136 bytes) for Placement(vertex=SYSTEM:ExtraMonitor1, x=0, y=1, p=1)
SDRAM reqs for core (2,1,1) is 476 KB (488136 bytes) for Placement(vertex=SYSTEM:ExtraMonitor10, x=2, y=1, p=1)
SDRAM reqs for core (2,2,1) is 476 KB (488136 bytes) for Placement(vertex=SYSTEM:ExtraMonitor11, x=2, y=2, p=1)
SDRAM reqs for core (2,3,1) is 476 KB (488136 bytes) for Placement(vertex=SYSTEM:ExtraMonitor12, x=2, y=3, p=1)
SDRAM reqs for core (2,4,1) is 476 KB (488136 bytes) for Placement(vertex=SYSTEM:ExtraMonitor13, x=2, y=4, p=1)
SDRAM reqs for core (2,5,1) is 476 KB (488136 bytes) for Placement(vertex=SYSTEM:ExtraMonitor14, x=2, y=5, p=1)
SDRAM reqs for core (3,0,1) is 476 KB (488136 bytes) for Placement(vertex=SYSTEM:ExtraMonitor15, x=3, y=0, p=1)
SDRAM reqs for core (3,1,1) is 476 KB (488136 bytes) for Placement(vertex=SYSTEM:ExtraMonitor16, x=3, y=1, p=1)
SDRAM reqs for core (3,2,1) is 476 KB (488136 bytes) for Placement(vertex=SYSTEM:ExtraMonitor17, x=3, y=2, p=1)
SDRAM reqs for core (3,3,1) is 476 KB (488136 bytes) for Placement(vertex=SYSTEM:ExtraMonitor18, x=3, y=3, p=1)
SDRAM reqs for core (3,4,1) is 476 KB (488136 bytes) for Placement(vertex=SYSTEM:ExtraMonitor19, x=3, y=4, p=1)
SDRAM reqs for core (0,2,1) is 476 KB (488136 bytes) for Placement(vertex=SYSTEM:ExtraMonitor2, x=0, y=2, p=1)
SDRAM reqs for core (3,5,1) is 476 KB (488136 bytes) for Placement(vertex=SYSTEM:ExtraMonitor20, x=3, y=5, p=1)
SDRAM reqs for core (3,6,1) is 476 KB (488136 bytes) for Placement(vertex=SYSTEM:ExtraMonitor21, x=3, y=6, p=1)
SDRAM reqs for core (4,0,1) is 476 KB (488136 bytes) for Placement(vertex=SYSTEM:ExtraMonitor22, x=4, y=0, p=1)
SDRAM reqs for core (4,1,1) is 476 KB (488136 bytes) for Placement(vertex=SYSTEM:ExtraMonitor23, x=4, y=1, p=1)
SDRAM reqs for core (4,2,1) is 476 KB (488136 bytes) for Placement(vertex=SYSTEM:ExtraMonitor24, x=4, y=2, p=1)
SDRAM reqs for core (4,3,1) is 476 KB (488136 bytes) for Placement(vertex=SYSTEM:ExtraMonitor25, x=4, y=3, p=1)
SDRAM reqs for core (4,4,1) is 476 KB (488136 bytes) for Placement(vertex=SYSTEM:ExtraMonitor26, x=4, y=4, p=1)
SDRAM reqs for core (4,5,1) is 476 KB (488136 bytes) for Placement(vertex=SYSTEM:ExtraMonitor27, x=4, y=5, p=1)
SDRAM reqs for core (4,6,1) is 476 KB (488136 bytes) for Placement(vertex=SYSTEM:ExtraMonitor28, x=4, y=6, p=1)
SDRAM reqs for core (4,7,1) is 476 KB (488136 bytes) for Placement(vertex=SYSTEM:ExtraMonitor29, x=4, y=7, p=1)
SDRAM reqs for core (0,3,1) is 476 KB (488136 bytes) for Placement(vertex=SYSTEM:ExtraMonitor3, x=0, y=3, p=1)
SDRAM reqs for core (5,1,1) is 476 KB (488136 bytes) for Placement(vertex=SYSTEM:ExtraMonitor30, x=5, y=1, p=1)
SDRAM reqs for core (5,2,1) is 476 KB (488136 bytes) for Placement(vertex=SYSTEM:ExtraMonitor31, x=5, y=2, p=1)
SDRAM reqs for core (5,3,1) is 476 KB (488136 bytes) for Placement(vertex=SYSTEM:ExtraMonitor32, x=5, y=3, p=1)
SDRAM reqs for core (5,4,1) is 476 KB (488136 bytes) for Placement(vertex=SYSTEM:ExtraMonitor33, x=5, y=4, p=1)
SDRAM reqs for core (5,5,1) is 476 KB (488136 bytes) for Placement(vertex=SYSTEM:ExtraMonitor34, x=5, y=5, p=1)
SDRAM reqs for core (5,6,1) is 476 KB (488136 bytes) for Placement(vertex=SYSTEM:ExtraMonitor35, x=5, y=6, p=1)
SDRAM reqs for core (5,7,1) is 476 KB (488136 bytes) for Placement(vertex=SYSTEM:ExtraMonitor36, x=5, y=7, p=1)
SDRAM reqs for core (6,2,1) is 476 KB (488136 bytes) for Placement(vertex=SYSTEM:ExtraMonitor37, x=6, y=2, p=1)
SDRAM reqs for core (6,3,1) is 476 KB (488136 bytes) for Placement(vertex=SYSTEM:ExtraMonitor38, x=6, y=3, p=1)
SDRAM reqs for core (6,4,1) is 476 KB (488136 bytes) for Placement(vertex=SYSTEM:ExtraMonitor39, x=6, y=4, p=1)
SDRAM reqs for core (1,0,1) is 476 KB (488136 bytes) for Placement(vertex=SYSTEM:ExtraMonitor4, x=1, y=0, p=1)
SDRAM reqs for core (6,5,1) is 476 KB (488136 bytes) for Placement(vertex=SYSTEM:ExtraMonitor40, x=6, y=5, p=1)
SDRAM reqs for core (6,6,1) is 476 KB (488136 bytes) for Placement(vertex=SYSTEM:ExtraMonitor41, x=6, y=6, p=1)
SDRAM reqs for core (6,7,1) is 476 KB (488136 bytes) for Placement(vertex=SYSTEM:ExtraMonitor42, x=6, y=7, p=1)
SDRAM reqs for core (7,3,1) is 476 KB (488136 bytes) for Placement(vertex=SYSTEM:ExtraMonitor43, x=7, y=3, p=1)
SDRAM reqs for core (7,4,1) is 476 KB (488136 bytes) for Placement(vertex=SYSTEM:ExtraMonitor44, x=7, y=4, p=1)
SDRAM reqs for core (7,5,1) is 476 KB (488136 bytes) for Placement(vertex=SYSTEM:ExtraMonitor45, x=7, y=5, p=1)
SDRAM reqs for core (7,6,1) is 476 KB (488136 bytes) for Placement(vertex=SYSTEM:ExtraMonitor46, x=7, y=6, p=1)
SDRAM reqs for core (7,7,1) is 476 KB (488136 bytes) for Placement(vertex=SYSTEM:ExtraMonitor47, x=7, y=7, p=1)
SDRAM reqs for core (1,1,1) is 476 KB (488136 bytes) for Placement(vertex=SYSTEM:ExtraMonitor5, x=1, y=1, p=1)
SDRAM reqs for core (1,2,1) is 476 KB (488136 bytes) for Placement(vertex=SYSTEM:ExtraMonitor6, x=1, y=2, p=1)
SDRAM reqs for core (1,3,1) is 476 KB (488136 bytes) for Placement(vertex=SYSTEM:ExtraMonitor7, x=1, y=3, p=1)
SDRAM reqs for core (1,4,1) is 476 KB (488136 bytes) for Placement(vertex=SYSTEM:ExtraMonitor8, x=1, y=4, p=1)
SDRAM reqs for core (2,0,1) is 476 KB (488136 bytes) for Placement(vertex=SYSTEM:ExtraMonitor9, x=2, y=0, p=1)
SDRAM reqs for core (0,0,2) is 459 KB (470200 bytes) for Placement(vertex=SYSTEM:PacketGatherer(0,0), x=0, y=0, p=2)
**** Chip: (0, 0) has total memory usage of 106022 KB (108567243 bytes) out of a max of 120575 KB (123469792 bytes)

**** Chip: (0, 1) has total memory usage of 33507 KB (34312024 bytes) out of a max of 120575 KB (123469792 bytes)

**** Chip: (0, 2) has total memory usage of 476 KB (488136 bytes) out of a max of 120575 KB (123469792 bytes)

**** Chip: (0, 3) has total memory usage of 476 KB (488136 bytes) out of a max of 120575 KB (123469792 bytes)

**** Chip: (1, 0) has total memory usage of 120575 KB (123469744 bytes) out of a max of 120575 KB (123469792 bytes)

**** Chip: (1, 1) has total memory usage of 105563 KB (108097043 bytes) out of a max of 120575 KB (123469792 bytes)

**** Chip: (1, 2) has total memory usage of 476 KB (488136 bytes) out of a max of 120575 KB (123469792 bytes)

**** Chip: (1, 3) has total memory usage of 476 KB (488136 bytes) out of a max of 120575 KB (123469792 bytes)

**** Chip: (1, 4) has total memory usage of 476 KB (488136 bytes) out of a max of 120575 KB (123469792 bytes)

**** Chip: (2, 0) has total memory usage of 476 KB (488136 bytes) out of a max of 120575 KB (123469792 bytes)

**** Chip: (2, 1) has total memory usage of 476 KB (488136 bytes) out of a max of 120575 KB (123469792 bytes)

**** Chip: (2, 2) has total memory usage of 476 KB (488136 bytes) out of a max of 120575 KB (123469792 bytes)

**** Chip: (2, 3) has total memory usage of 476 KB (488136 bytes) out of a max of 120575 KB (123469792 bytes)

**** Chip: (2, 4) has total memory usage of 476 KB (488136 bytes) out of a max of 120575 KB (123469792 bytes)

**** Chip: (2, 5) has total memory usage of 476 KB (488136 bytes) out of a max of 120575 KB (123469792 bytes)

**** Chip: (3, 0) has total memory usage of 476 KB (488136 bytes) out of a max of 120575 KB (123469792 bytes)

**** Chip: (3, 1) has total memory usage of 476 KB (488136 bytes) out of a max of 120575 KB (123469792 bytes)

**** Chip: (3, 2) has total memory usage of 476 KB (488136 bytes) out of a max of 120575 KB (123469792 bytes)

**** Chip: (3, 3) has total memory usage of 476 KB (488136 bytes) out of a max of 120575 KB (123469792 bytes)

**** Chip: (3, 4) has total memory usage of 476 KB (488136 bytes) out of a max of 120575 KB (123469792 bytes)

**** Chip: (3, 5) has total memory usage of 476 KB (488136 bytes) out of a max of 120575 KB (123469792 bytes)

**** Chip: (3, 6) has total memory usage of 476 KB (488136 bytes) out of a max of 120575 KB (123469792 bytes)

**** Chip: (4, 0) has total memory usage of 476 KB (488136 bytes) out of a max of 120575 KB (123469792 bytes)

**** Chip: (4, 1) has total memory usage of 476 KB (488136 bytes) out of a max of 120575 KB (123469792 bytes)

**** Chip: (4, 2) has total memory usage of 476 KB (488136 bytes) out of a max of 120575 KB (123469792 bytes)

**** Chip: (4, 3) has total memory usage of 476 KB (488136 bytes) out of a max of 120575 KB (123469792 bytes)

**** Chip: (4, 4) has total memory usage of 476 KB (488136 bytes) out of a max of 120575 KB (123469792 bytes)

**** Chip: (4, 5) has total memory usage of 476 KB (488136 bytes) out of a max of 120575 KB (123469792 bytes)

**** Chip: (4, 6) has total memory usage of 476 KB (488136 bytes) out of a max of 120575 KB (123469792 bytes)

**** Chip: (4, 7) has total memory usage of 476 KB (488136 bytes) out of a max of 120575 KB (123469792 bytes)

**** Chip: (5, 1) has total memory usage of 476 KB (488136 bytes) out of a max of 120575 KB (123469792 bytes)

**** Chip: (5, 2) has total memory usage of 476 KB (488136 bytes) out of a max of 120575 KB (123469792 bytes)

**** Chip: (5, 3) has total memory usage of 476 KB (488136 bytes) out of a max of 120575 KB (123469792 bytes)

**** Chip: (5, 4) has total memory usage of 476 KB (488136 bytes) out of a max of 120575 KB (123469792 bytes)

**** Chip: (5, 5) has total memory usage of 476 KB (488136 bytes) out of a max of 120575 KB (123469792 bytes)

**** Chip: (5, 6) has total memory usage of 476 KB (488136 bytes) out of a max of 120575 KB (123469792 bytes)

**** Chip: (5, 7) has total memory usage of 476 KB (488136 bytes) out of a max of 120575 KB (123469792 bytes)

**** Chip: (6, 2) has total memory usage of 476 KB (488136 bytes) out of a max of 120575 KB (123469792 bytes)

**** Chip: (6, 3) has total memory usage of 476 KB (488136 bytes) out of a max of 120575 KB (123469792 bytes)

**** Chip: (6, 4) has total memory usage of 476 KB (488136 bytes) out of a max of 120575 KB (123469792 bytes)

**** Chip: (6, 5) has total memory usage of 476 KB (488136 bytes) out of a max of 120575 KB (123469792 bytes)

**** Chip: (6, 6) has total memory usage of 476 KB (488136 bytes) out of a max of 120575 KB (123469792 bytes)

**** Chip: (6, 7) has total memory usage of 476 KB (488136 bytes) out of a max of 120575 KB (123469792 bytes)

**** Chip: (7, 3) has total memory usage of 476 KB (488136 bytes) out of a max of 120575 KB (123469792 bytes)

**** Chip: (7, 4) has total memory usage of 476 KB (488136 bytes) out of a max of 120575 KB (123469792 bytes)

**** Chip: (7, 5) has total memory usage of 476 KB (488136 bytes) out of a max of 120575 KB (123469792 bytes)

**** Chip: (7, 6) has total memory usage of 476 KB (488136 bytes) out of a max of 120575 KB (123469792 bytes)

**** Chip: (7, 7) has total memory usage of 476 KB (488136 bytes) out of a max of 120575 KB (123469792 bytes)

