Vertex: E_pop:0:99
    Partition: SPIKE, Routing Info: [KeyAndMask:0x0:0xffffff80]
Vertex: E_pop:100:199
    Partition: SPIKE, Routing Info: [KeyAndMask:0x80:0xffffff80]
Vertex: E_pop:200:299
    Partition: SPIKE, Routing Info: [KeyAndMask:0x100:0xffffff80]
Vertex: E_pop:300:399
    Partition: SPIKE, Routing Info: [KeyAndMask:0x180:0xffffff80]
Vertex: E_pop:400:499
    Partition: SPIKE, Routing Info: [KeyAndMask:0x200:0xffffff80]
Vertex: E_pop:500:599
    Partition: SPIKE, Routing Info: [KeyAndMask:0x280:0xffffff80]
Vertex: E_pop:600:699
    Partition: SPIKE, Routing Info: [KeyAndMask:0x300:0xffffff80]
Vertex: E_pop:700:799
    Partition: SPIKE, Routing Info: [KeyAndMask:0x380:0xffffff80]
Vertex: E_pop:800:899
    Partition: SPIKE, Routing Info: [KeyAndMask:0x400:0xffffff80]
Vertex: E_pop:900:999
    Partition: SPIKE, Routing Info: [KeyAndMask:0x480:0xffffff80]
Vertex: E_pop:1000:1099
    Partition: SPIKE, Routing Info: [KeyAndMask:0x500:0xffffff80]
Vertex: E_pop:1100:1199
    Partition: SPIKE, Routing Info: [KeyAndMask:0x580:0xffffff80]
Vertex: E_pop:1200:1299
    Partition: SPIKE, Routing Info: [KeyAndMask:0x600:0xffffff80]
Vertex: E_pop:1300:1399
    Partition: SPIKE, Routing Info: [KeyAndMask:0x680:0xffffff80]
Vertex: E_pop:1400:1499
    Partition: SPIKE, Routing Info: [KeyAndMask:0x700:0xffffff80]
Vertex: E_pop:1500:1599
    Partition: SPIKE, Routing Info: [KeyAndMask:0x780:0xffffff80]
Vertex: E_pop:1600:1699
    Partition: SPIKE, Routing Info: [KeyAndMask:0x800:0xffffff80]
Vertex: E_pop:1700:1799
    Partition: SPIKE, Routing Info: [KeyAndMask:0x880:0xffffff80]
Vertex: E_pop:1800:1899
    Partition: SPIKE, Routing Info: [KeyAndMask:0x900:0xffffff80]
Vertex: E_pop:1900:1999
    Partition: SPIKE, Routing Info: [KeyAndMask:0x980:0xffffff80]
Vertex: E_pop:2000:2099
    Partition: SPIKE, Routing Info: [KeyAndMask:0xa00:0xffffff80]
Vertex: E_pop:2100:2199
    Partition: SPIKE, Routing Info: [KeyAndMask:0xa80:0xffffff80]
Vertex: E_pop:2200:2299
    Partition: SPIKE, Routing Info: [KeyAndMask:0xb00:0xffffff80]
Vertex: E_pop:2300:2399
    Partition: SPIKE, Routing Info: [KeyAndMask:0xb80:0xffffff80]
Vertex: I_pop:0:99
    Partition: SPIKE, Routing Info: [KeyAndMask:0xc00:0xffffff80]
Vertex: I_pop:100:199
    Partition: SPIKE, Routing Info: [KeyAndMask:0xc80:0xffffff80]
Vertex: I_pop:200:299
    Partition: SPIKE, Routing Info: [KeyAndMask:0xd00:0xffffff80]
Vertex: I_pop:300:399
    Partition: SPIKE, Routing Info: [KeyAndMask:0xd80:0xffffff80]
Vertex: I_pop:400:499
    Partition: SPIKE, Routing Info: [KeyAndMask:0xe00:0xffffff80]
Vertex: I_pop:500:599
    Partition: SPIKE, Routing Info: [KeyAndMask:0xe80:0xffffff80]
Vertex: Poisson_pop_E:0:99
    Partition: SPIKE, Routing Info: [KeyAndMask:0xf00:0xffffff80]
Vertex: Poisson_pop_E:100:199
    Partition: SPIKE, Routing Info: [KeyAndMask:0xf80:0xffffff80]
Vertex: Poisson_pop_E:200:299
    Partition: SPIKE, Routing Info: [KeyAndMask:0x1000:0xffffff80]
Vertex: Poisson_pop_E:300:399
    Partition: SPIKE, Routing Info: [KeyAndMask:0x1080:0xffffff80]
Vertex: Poisson_pop_E:400:499
    Partition: SPIKE, Routing Info: [KeyAndMask:0x1100:0xffffff80]
Vertex: Poisson_pop_E:500:599
    Partition: SPIKE, Routing Info: [KeyAndMask:0x1180:0xffffff80]
Vertex: Poisson_pop_E:600:699
    Partition: SPIKE, Routing Info: [KeyAndMask:0x1200:0xffffff80]
Vertex: Poisson_pop_E:700:799
    Partition: SPIKE, Routing Info: [KeyAndMask:0x1280:0xffffff80]
Vertex: Poisson_pop_E:800:899
    Partition: SPIKE, Routing Info: [KeyAndMask:0x1300:0xffffff80]
Vertex: Poisson_pop_E:900:999
    Partition: SPIKE, Routing Info: [KeyAndMask:0x1380:0xffffff80]
Vertex: Poisson_pop_E:1000:1099
    Partition: SPIKE, Routing Info: [KeyAndMask:0x1400:0xffffff80]
Vertex: Poisson_pop_E:1100:1199
    Partition: SPIKE, Routing Info: [KeyAndMask:0x1480:0xffffff80]
Vertex: Poisson_pop_E:1200:1299
    Partition: SPIKE, Routing Info: [KeyAndMask:0x1500:0xffffff80]
Vertex: Poisson_pop_E:1300:1399
    Partition: SPIKE, Routing Info: [KeyAndMask:0x1580:0xffffff80]
Vertex: Poisson_pop_E:1400:1499
    Partition: SPIKE, Routing Info: [KeyAndMask:0x1600:0xffffff80]
Vertex: Poisson_pop_E:1500:1599
    Partition: SPIKE, Routing Info: [KeyAndMask:0x1680:0xffffff80]
Vertex: Poisson_pop_E:1600:1699
    Partition: SPIKE, Routing Info: [KeyAndMask:0x1700:0xffffff80]
Vertex: Poisson_pop_E:1700:1799
    Partition: SPIKE, Routing Info: [KeyAndMask:0x1780:0xffffff80]
Vertex: Poisson_pop_E:1800:1899
    Partition: SPIKE, Routing Info: [KeyAndMask:0x1800:0xffffff80]
Vertex: Poisson_pop_E:1900:1999
    Partition: SPIKE, Routing Info: [KeyAndMask:0x1880:0xffffff80]
Vertex: Poisson_pop_E:2000:2099
    Partition: SPIKE, Routing Info: [KeyAndMask:0x1900:0xffffff80]
Vertex: Poisson_pop_E:2100:2199
    Partition: SPIKE, Routing Info: [KeyAndMask:0x1980:0xffffff80]
Vertex: Poisson_pop_E:2200:2299
    Partition: SPIKE, Routing Info: [KeyAndMask:0x1a00:0xffffff80]
Vertex: Poisson_pop_E:2300:2399
    Partition: SPIKE, Routing Info: [KeyAndMask:0x1a80:0xffffff80]
Vertex: Poisson_pop_I:0:99
    Partition: SPIKE, Routing Info: [KeyAndMask:0x1b00:0xffffff80]
Vertex: Poisson_pop_I:100:199
    Partition: SPIKE, Routing Info: [KeyAndMask:0x1b80:0xffffff80]
Vertex: Poisson_pop_I:200:299
    Partition: SPIKE, Routing Info: [KeyAndMask:0x1c00:0xffffff80]
Vertex: Poisson_pop_I:300:399
    Partition: SPIKE, Routing Info: [KeyAndMask:0x1c80:0xffffff80]
Vertex: Poisson_pop_I:400:499
    Partition: SPIKE, Routing Info: [KeyAndMask:0x1d00:0xffffff80]
Vertex: Poisson_pop_I:500:599
    Partition: SPIKE, Routing Info: [KeyAndMask:0x1d80:0xffffff80]
Vertex: SYSTEM:ExtraMonitor
Vertex: SYSTEM:ExtraMonitor1
Vertex: SYSTEM:ExtraMonitor2
Vertex: SYSTEM:ExtraMonitor3
Vertex: SYSTEM:ExtraMonitor4
Vertex: SYSTEM:ExtraMonitor5
Vertex: SYSTEM:ExtraMonitor6
Vertex: SYSTEM:ExtraMonitor7
Vertex: SYSTEM:ExtraMonitor8
Vertex: SYSTEM:ExtraMonitor9
Vertex: SYSTEM:ExtraMonitor10
Vertex: SYSTEM:ExtraMonitor11
Vertex: SYSTEM:ExtraMonitor12
Vertex: SYSTEM:ExtraMonitor13
Vertex: SYSTEM:ExtraMonitor14
Vertex: SYSTEM:ExtraMonitor15
Vertex: SYSTEM:ExtraMonitor16
Vertex: SYSTEM:ExtraMonitor17
Vertex: SYSTEM:ExtraMonitor18
Vertex: SYSTEM:ExtraMonitor19
Vertex: SYSTEM:ExtraMonitor20
Vertex: SYSTEM:ExtraMonitor21
Vertex: SYSTEM:ExtraMonitor22
Vertex: SYSTEM:ExtraMonitor23
Vertex: SYSTEM:ExtraMonitor24
Vertex: SYSTEM:ExtraMonitor25
Vertex: SYSTEM:ExtraMonitor26
Vertex: SYSTEM:ExtraMonitor27
Vertex: SYSTEM:ExtraMonitor28
Vertex: SYSTEM:ExtraMonitor29
Vertex: SYSTEM:ExtraMonitor30
Vertex: SYSTEM:ExtraMonitor31
Vertex: SYSTEM:ExtraMonitor32
Vertex: SYSTEM:ExtraMonitor33
Vertex: SYSTEM:ExtraMonitor34
Vertex: SYSTEM:ExtraMonitor35
Vertex: SYSTEM:ExtraMonitor36
Vertex: SYSTEM:ExtraMonitor37
Vertex: SYSTEM:ExtraMonitor38
Vertex: SYSTEM:ExtraMonitor39
Vertex: SYSTEM:ExtraMonitor40
Vertex: SYSTEM:ExtraMonitor41
Vertex: SYSTEM:ExtraMonitor42
Vertex: SYSTEM:ExtraMonitor43
Vertex: SYSTEM:ExtraMonitor44
Vertex: SYSTEM:ExtraMonitor45
Vertex: SYSTEM:ExtraMonitor46
Vertex: SYSTEM:ExtraMonitor47
Vertex: SYSTEM:PacketGatherer(0,0)
