*** Vertices:
Vertex Exc, size: 800, model: AbstractPopulationVertex
    Constraints:
        MaxVertexAtomsConstraint(size=255)
    Outgoing Edge Partitions:
    Partition SPIKE:
        Edge: projection edge 0, From Exc to Exc, model: ProjectionApplicationEdge
        Edge: projection edge 1, From Exc to Inh, model: ProjectionApplicationEdge

Vertex Inh, size: 200, model: AbstractPopulationVertex
    Constraints:
        MaxVertexAtomsConstraint(size=255)
    Outgoing Edge Partitions:
    Partition SPIKE:
        Edge: projection edge 2, From Inh to Exc, model: ProjectionApplicationEdge
        Edge: projection edge 3, From Inh to Inh, model: ProjectionApplicationEdge

Vertex Thalamus, size: 800, model: SpikeSourceArrayVertex
    Constraints:
        MaxVertexAtomsConstraint(size=9223372036854775807)
    Outgoing Edge Partitions:
    Partition SPIKE:
        Edge: thalamus-exc connections, From Thalamus to Exc, model: ProjectionApplicationEdge

Vertex Thalamus1, size: 800, model: SpikeSourceArrayVertex
    Constraints:
        MaxVertexAtomsConstraint(size=9223372036854775807)
    Outgoing Edge Partitions:
    Partition SPIKE:
        Edge: thalamus-exc connections, From Thalamus1 to Exc, model: ProjectionApplicationEdge

