        Placement Information by Vertex
        ===============================

Generated: Mon Jan  3 12:55:40 2022 for target machine '10.11.193.129'

**** Vertex: 'Exc'
Model: AbstractPopulationVertex
Pop size: 800
Machine Vertices: 
  Slice 0:254 (255 atoms) 
  Slice 255:509 (255 atoms) 
  Slice 510:764 (255 atoms) 
  Slice 765:799 (35 atoms) 

**** Vertex: 'Inh'
Model: AbstractPopulationVertex
Pop size: 200
Machine Vertices: 
  Slice 0:199 (200 atoms) 

**** Vertex: 'Thalamus'
Model: SpikeSourceArrayVertex
Pop size: 800
Machine Vertices: 
  Slice 0:799 (800 atoms) 

**** Vertex: 'Thalamus1'
Model: SpikeSourceArrayVertex
Pop size: 800
Machine Vertices: 
  Slice 0:799 (800 atoms) 

