Router contains 17 entries
Index Key        Mask       Route      Default [Cores][Links]
----- ---------- ---------- ---------- ------- --------------
    0 0x00000000 0xFFFFFF00 0x00011A00 False   [10, 3, 5, 6] []
    1 0x00000400 0xFFFFFC00 0x00111001 False   [10, 6, 14] [E]
    2 0x00000100 0xFFFFFF00 0x0011B000 False   [6, 7, 9, 10, 14] []
    3 0x00000800 0xFFFFFC00 0x00111001 False   [10, 6, 14] [E]
    4 0x00000200 0xFFFFFF00 0x001B0001 False   [10, 11, 13, 14] [E]
    5 0x00000C00 0xFFFFFC00 0x00111001 False   [10, 6, 14] [E]
    6 0x00000300 0xFFFFFF00 0x00100000 False   [14] []
    7 0x00001000 0xFFFFFC00 0x00111000 False   [10, 6, 14] []
    8 0x00001400 0xFFFFFF00 0x00011400 False   [10, 4, 6] []
    9 0x00002000 0xFFFFF000 0x00111001 False   [10, 6, 14] [E]
   10 0x00001500 0xFFFFFF00 0x00115000 False   [8, 10, 6, 14] []
   11 0x00003000 0xFFFFF000 0x00111001 False   [10, 6, 14] [E]
   12 0x00001600 0xFFFFFF00 0x00150001 False   [10, 12, 14] [E]
   13 0x00004000 0xFFFFF000 0x00111001 False   [10, 6, 14] [E]
   14 0x00001700 0xFFFFFF00 0x00100000 False   [14] []
   15 0x00005000 0xFFFFF000 0x00111000 False   [10, 6, 14] []
   16 0x00001800 0xFFFFFC00 0x00111000 False   [10, 6, 14] []
0 Defaultable entries
