Vertex: <class 'spynnaker.pyNN.models.neuron.builds.if_cond_exp_base.IFCondExpBase'>:0:0
Vertex: <class 'spynnaker.pyNN.models.neuron.builds.if_curr_alpha.IFCurrAlpha'>:0:0
Vertex: <class 'spynnaker.pyNN.models.neuron.builds.if_curr_exp_base.IFCurrExpBase'>:0:0
Vertex: <class 'spynnaker.pyNN.models.neuron.builds.izk_curr_exp_base.IzkCurrExpBase'>:0:0
Vertex: <class 'spynnaker.pyNN.models.neuron.builds.if_curr_dual_exp_base.IFCurrDualExpBase'>:0:0
Vertex: <class 'spynnaker.pyNN.models.neuron.builds.if_cond_exp_stoc.IFCondExpStoc'>:0:0
Vertex: <class 'spynnaker.pyNN.models.neuron.builds.if_curr_delta.IFCurrDelta'>:0:0
Vertex: <class 'spynnaker.pyNN.models.neuron.builds.if_curr_exp_ca2_adaptive.IFCurrExpCa2Adaptive'>:0:0
Vertex: <class 'spynnaker.pyNN.models.neuron.builds.izk_cond_exp_base.IzkCondExpBase'>:0:0
Vertex: SpikeSourceArrayVertex_1:0:0
    Partition: SPIKE, Routing Info: [KeyAndMask:0x0:0xffffffff]
Vertex: SYSTEM:ExtraMonitor
Vertex: SYSTEM:ExtraMonitor1
Vertex: SYSTEM:ExtraMonitor2
Vertex: SYSTEM:ExtraMonitor3
Vertex: SYSTEM:ExtraMonitor4
Vertex: SYSTEM:ExtraMonitor5
Vertex: SYSTEM:ExtraMonitor6
Vertex: SYSTEM:ExtraMonitor7
Vertex: SYSTEM:ExtraMonitor8
Vertex: SYSTEM:ExtraMonitor9
Vertex: SYSTEM:ExtraMonitor10
Vertex: SYSTEM:ExtraMonitor11
Vertex: SYSTEM:ExtraMonitor12
Vertex: SYSTEM:ExtraMonitor13
Vertex: SYSTEM:ExtraMonitor14
Vertex: SYSTEM:ExtraMonitor15
Vertex: SYSTEM:ExtraMonitor16
Vertex: SYSTEM:ExtraMonitor17
Vertex: SYSTEM:ExtraMonitor18
Vertex: SYSTEM:ExtraMonitor19
Vertex: SYSTEM:ExtraMonitor20
Vertex: SYSTEM:ExtraMonitor21
Vertex: SYSTEM:ExtraMonitor22
Vertex: SYSTEM:ExtraMonitor23
Vertex: SYSTEM:ExtraMonitor24
Vertex: SYSTEM:ExtraMonitor25
Vertex: SYSTEM:ExtraMonitor26
Vertex: SYSTEM:ExtraMonitor27
Vertex: SYSTEM:ExtraMonitor28
Vertex: SYSTEM:ExtraMonitor29
Vertex: SYSTEM:ExtraMonitor30
Vertex: SYSTEM:ExtraMonitor31
Vertex: SYSTEM:ExtraMonitor32
Vertex: SYSTEM:ExtraMonitor33
Vertex: SYSTEM:ExtraMonitor34
Vertex: SYSTEM:ExtraMonitor35
Vertex: SYSTEM:ExtraMonitor36
Vertex: SYSTEM:ExtraMonitor37
Vertex: SYSTEM:ExtraMonitor38
Vertex: SYSTEM:ExtraMonitor39
Vertex: SYSTEM:ExtraMonitor40
Vertex: SYSTEM:ExtraMonitor41
Vertex: SYSTEM:ExtraMonitor42
Vertex: SYSTEM:ExtraMonitor43
Vertex: SYSTEM:ExtraMonitor44
Vertex: SYSTEM:ExtraMonitor45
Vertex: SYSTEM:ExtraMonitor46
Vertex: SYSTEM:ExtraMonitor47
Vertex: SYSTEM:PacketGatherer(0,0)
