        Placement Information by Vertex
        ===============================

Generated: Thu Apr 29 07:41:06 2021 for target machine '10.11.197.25'

**** Vertex: 'AbstractPopulationVertex_1'
Model: AbstractPopulationVertex
Pop size: 80
Machine Vertices: 
  Slice 0:79 (80 atoms) 

**** Vertex: 'AbstractPopulationVertex_2'
Model: AbstractPopulationVertex
Pop size: 20
Machine Vertices: 
  Slice 0:19 (20 atoms) 

**** Vertex: 'SpikeSourcePoissonVertex_3'
Model: SpikeSourcePoissonVertex
Pop size: 80
Machine Vertices: 
  Slice 0:79 (80 atoms) 

**** Vertex: 'SpikeSourcePoissonVertex_4'
Model: SpikeSourcePoissonVertex
Pop size: 20
Machine Vertices: 
  Slice 0:19 (20 atoms) 

