*** Vertices:
Vertex Exc, size: 100, model: AbstractPopulationVertex
    Constraints:
        MaxVertexAtomsConstraint(size=255)
    Outgoing Edge Partitions:

Vertex Inh, size: 1000, model: AbstractPopulationVertex
    Constraints:
        MaxVertexAtomsConstraint(size=255)
    Outgoing Edge Partitions:

Vertex Exc1, size: 1000, model: AbstractPopulationVertex
    Constraints:
        MaxVertexAtomsConstraint(size=255)
        SameAtomsAsVertexConstraint(vertex=Exc1_delayed)
    Outgoing Edge Partitions:
    Partition SPIKE:
        Edge: exc-exc connections, From Exc1 to Exc1, model: ProjectionApplicationEdge
        Edge: Exc1_to_DelayExtension, From Exc1 to Exc1_delayed, model: DelayAfferentApplicationEdge
        Edge: exc-inh connections, From Exc1 to Inh2, model: ProjectionApplicationEdge

Vertex Inh2, size: 1000, model: AbstractPopulationVertex
    Constraints:
        MaxVertexAtomsConstraint(size=255)
        SameAtomsAsVertexConstraint(vertex=Inh2_delayed)
    Outgoing Edge Partitions:
    Partition SPIKE:
        Edge: inh-exc connections, From Inh2 to Exc1, model: ProjectionApplicationEdge
        Edge: Inh2_to_DelayExtension, From Inh2 to Inh2_delayed, model: DelayAfferentApplicationEdge

Vertex Exc1_delayed, size: 1000, model: DelayExtensionVertex
    Constraints:
        SameAtomsAsVertexConstraint(vertex=Exc1 with 1000 atoms)
        MaxVertexAtomsConstraint(size=256)
    Outgoing Edge Partitions:
    Partition SPIKE:
        Edge: Exc1_delayed_to_Exc1, From Exc1_delayed to Exc1, model: DelayedApplicationEdge

Vertex Inh2_delayed, size: 1000, model: DelayExtensionVertex
    Constraints:
        MaxVertexAtomsConstraint(size=256)
        SameAtomsAsVertexConstraint(vertex=Inh2 with 1000 atoms)
    Outgoing Edge Partitions:
    Partition SPIKE:
        Edge: Inh2_delayed_to_Exc1, From Inh2_delayed to Exc1, model: DelayedApplicationEdge

Vertex Thalamus, size: 1000, model: SpikeSourceArrayVertex
    Constraints:
        MaxVertexAtomsConstraint(size=9223372036854775807)
    Outgoing Edge Partitions:
    Partition SPIKE:
        Edge: thalamus-exc connections, From Thalamus to Exc1, model: ProjectionApplicationEdge

