Vertex: Exc:0:99
Vertex: Inh:0:254
Vertex: Inh:255:509
Vertex: Inh:510:764
Vertex: Inh:765:999
Vertex: Exc1:0:254
    Partition: SPIKE, Routing Info: [KeyAndMask:0x0:0xffffff00]
Vertex: Exc1_delayed:0:254
    Partition: SPIKE, Routing Info: [KeyAndMask:0x400:0xfffffc00]
Vertex: Exc1:255:509
    Partition: SPIKE, Routing Info: [KeyAndMask:0x100:0xffffff00]
Vertex: Exc1_delayed:255:509
    Partition: SPIKE, Routing Info: [KeyAndMask:0x800:0xfffffc00]
Vertex: Exc1:510:764
    Partition: SPIKE, Routing Info: [KeyAndMask:0x200:0xffffff00]
Vertex: Exc1_delayed:510:764
    Partition: SPIKE, Routing Info: [KeyAndMask:0xc00:0xfffffc00]
Vertex: Exc1:765:999
    Partition: SPIKE, Routing Info: [KeyAndMask:0x300:0xffffff00]
Vertex: Exc1_delayed:765:999
    Partition: SPIKE, Routing Info: [KeyAndMask:0x1000:0xfffffc00]
Vertex: Inh2:0:254
    Partition: SPIKE, Routing Info: [KeyAndMask:0x1400:0xffffff00]
Vertex: Inh2_delayed:0:254
    Partition: SPIKE, Routing Info: [KeyAndMask:0x2000:0xfffff000]
Vertex: Inh2:255:509
    Partition: SPIKE, Routing Info: [KeyAndMask:0x1500:0xffffff00]
Vertex: Inh2_delayed:255:509
    Partition: SPIKE, Routing Info: [KeyAndMask:0x3000:0xfffff000]
Vertex: Inh2:510:764
    Partition: SPIKE, Routing Info: [KeyAndMask:0x1600:0xffffff00]
Vertex: Inh2_delayed:510:764
    Partition: SPIKE, Routing Info: [KeyAndMask:0x4000:0xfffff000]
Vertex: Inh2:765:999
    Partition: SPIKE, Routing Info: [KeyAndMask:0x1700:0xffffff00]
Vertex: Inh2_delayed:765:999
    Partition: SPIKE, Routing Info: [KeyAndMask:0x5000:0xfffff000]
Vertex: Thalamus:0:999
    Partition: SPIKE, Routing Info: [KeyAndMask:0x1800:0xfffffc00]
Vertex: SYSTEM:ExtraMonitor
Vertex: SYSTEM:ExtraMonitor1
Vertex: SYSTEM:ExtraMonitor2
Vertex: SYSTEM:ExtraMonitor3
Vertex: SYSTEM:ExtraMonitor4
Vertex: SYSTEM:ExtraMonitor5
Vertex: SYSTEM:ExtraMonitor6
Vertex: SYSTEM:ExtraMonitor7
Vertex: SYSTEM:ExtraMonitor8
Vertex: SYSTEM:ExtraMonitor9
Vertex: SYSTEM:ExtraMonitor10
Vertex: SYSTEM:ExtraMonitor11
Vertex: SYSTEM:ExtraMonitor12
Vertex: SYSTEM:ExtraMonitor13
Vertex: SYSTEM:ExtraMonitor14
Vertex: SYSTEM:ExtraMonitor15
Vertex: SYSTEM:ExtraMonitor16
Vertex: SYSTEM:ExtraMonitor17
Vertex: SYSTEM:ExtraMonitor18
Vertex: SYSTEM:ExtraMonitor19
Vertex: SYSTEM:ExtraMonitor20
Vertex: SYSTEM:ExtraMonitor21
Vertex: SYSTEM:ExtraMonitor22
Vertex: SYSTEM:ExtraMonitor23
Vertex: SYSTEM:ExtraMonitor24
Vertex: SYSTEM:ExtraMonitor25
Vertex: SYSTEM:ExtraMonitor26
Vertex: SYSTEM:ExtraMonitor27
Vertex: SYSTEM:ExtraMonitor28
Vertex: SYSTEM:ExtraMonitor29
Vertex: SYSTEM:ExtraMonitor30
Vertex: SYSTEM:ExtraMonitor31
Vertex: SYSTEM:ExtraMonitor32
Vertex: SYSTEM:ExtraMonitor33
Vertex: SYSTEM:ExtraMonitor34
Vertex: SYSTEM:ExtraMonitor35
Vertex: SYSTEM:ExtraMonitor36
Vertex: SYSTEM:ExtraMonitor37
Vertex: SYSTEM:ExtraMonitor38
Vertex: SYSTEM:ExtraMonitor39
Vertex: SYSTEM:ExtraMonitor40
Vertex: SYSTEM:ExtraMonitor41
Vertex: SYSTEM:ExtraMonitor42
Vertex: SYSTEM:ExtraMonitor43
Vertex: SYSTEM:ExtraMonitor44
Vertex: SYSTEM:ExtraMonitor45
Vertex: SYSTEM:ExtraMonitor46
Vertex: SYSTEM:ExtraMonitor47
Vertex: SYSTEM:PacketGatherer(0,0)
