Vertex: Exc:0:254
Vertex: Exc:255:509
Vertex: Exc:510:764
Vertex: Exc:765:999
Vertex: Inh:0:254
Vertex: Inh:255:509
Vertex: Inh:510:764
Vertex: Inh:765:999
Vertex: Inh1:0:254
Vertex: Inh1:255:509
Vertex: Inh1:510:764
Vertex: Inh1:765:999
Vertex: Inh2:0:254
Vertex: Inh2:255:509
Vertex: Inh2:510:764
Vertex: Inh2:765:999
Vertex: Exc3:0:254
Vertex: Exc3:255:509
Vertex: Exc3:510:764
Vertex: Exc3:765:999
Vertex: Exc4:0:254
Vertex: Exc4:255:509
Vertex: Exc4:510:764
Vertex: Exc4:765:999
Vertex: Exc5:0:254
    Partition: SPIKE, Routing Info: [KeyAndMask:0x0:0xffffff00]
Vertex: Exc5:255:509
    Partition: SPIKE, Routing Info: [KeyAndMask:0x100:0xffffff00]
Vertex: Exc5:510:764
    Partition: SPIKE, Routing Info: [KeyAndMask:0x200:0xffffff00]
Vertex: Exc5:765:799
    Partition: SPIKE, Routing Info: [KeyAndMask:0x300:0xffffffc0]
Vertex: Inh6:0:199
Vertex: Inh7:0:199
    Partition: SPIKE, Routing Info: [KeyAndMask:0x400:0xffffff00]
Vertex: Inh7_delayed:0:199
    Partition: SPIKE, Routing Info: [KeyAndMask:0x500:0xffffff00]
Vertex: Thalamus:0:799
    Partition: SPIKE, Routing Info: [KeyAndMask:0x800:0xfffffc00]
Vertex: Thalamus8:0:799
    Partition: SPIKE, Routing Info: [KeyAndMask:0xc00:0xfffffc00]
Vertex: SYSTEM:ExtraMonitor
Vertex: SYSTEM:ExtraMonitor1
Vertex: SYSTEM:ExtraMonitor2
Vertex: SYSTEM:ExtraMonitor3
Vertex: SYSTEM:ExtraMonitor4
Vertex: SYSTEM:ExtraMonitor5
Vertex: SYSTEM:ExtraMonitor6
Vertex: SYSTEM:ExtraMonitor7
Vertex: SYSTEM:ExtraMonitor8
Vertex: SYSTEM:ExtraMonitor9
Vertex: SYSTEM:ExtraMonitor10
Vertex: SYSTEM:ExtraMonitor11
Vertex: SYSTEM:ExtraMonitor12
Vertex: SYSTEM:ExtraMonitor13
Vertex: SYSTEM:ExtraMonitor14
Vertex: SYSTEM:ExtraMonitor15
Vertex: SYSTEM:ExtraMonitor16
Vertex: SYSTEM:ExtraMonitor17
Vertex: SYSTEM:ExtraMonitor18
Vertex: SYSTEM:ExtraMonitor19
Vertex: SYSTEM:ExtraMonitor20
Vertex: SYSTEM:ExtraMonitor21
Vertex: SYSTEM:ExtraMonitor22
Vertex: SYSTEM:ExtraMonitor23
Vertex: SYSTEM:ExtraMonitor24
Vertex: SYSTEM:ExtraMonitor25
Vertex: SYSTEM:ExtraMonitor26
Vertex: SYSTEM:ExtraMonitor27
Vertex: SYSTEM:ExtraMonitor28
Vertex: SYSTEM:ExtraMonitor29
Vertex: SYSTEM:ExtraMonitor30
Vertex: SYSTEM:ExtraMonitor31
Vertex: SYSTEM:ExtraMonitor32
Vertex: SYSTEM:ExtraMonitor33
Vertex: SYSTEM:ExtraMonitor34
Vertex: SYSTEM:ExtraMonitor35
Vertex: SYSTEM:ExtraMonitor36
Vertex: SYSTEM:ExtraMonitor37
Vertex: SYSTEM:ExtraMonitor38
Vertex: SYSTEM:ExtraMonitor39
Vertex: SYSTEM:ExtraMonitor40
Vertex: SYSTEM:ExtraMonitor41
Vertex: SYSTEM:ExtraMonitor42
Vertex: SYSTEM:ExtraMonitor43
Vertex: SYSTEM:ExtraMonitor44
Vertex: SYSTEM:ExtraMonitor45
Vertex: SYSTEM:ExtraMonitor46
Vertex: SYSTEM:ExtraMonitor47
Vertex: SYSTEM:PacketGatherer(0,0)
