*** Vertices:
Vertex AbstractPopulationVertex_1, size: 80, model: AbstractPopulationVertex
    Constraints:
        MaxVertexAtomsConstraint(size=255)
    Outgoing Edge Partitions:
    Partition SPIKE:
        Edge: projection edge 2, From AbstractPopulationVertex_1 to AbstractPopulationVertex_1, model: ProjectionApplicationEdge
        Edge: projection edge 3, From AbstractPopulationVertex_1 to AbstractPopulationVertex_2, model: ProjectionApplicationEdge

Vertex AbstractPopulationVertex_2, size: 20, model: AbstractPopulationVertex
    Constraints:
        MaxVertexAtomsConstraint(size=255)
    Outgoing Edge Partitions:
    Partition SPIKE:
        Edge: projection edge 4, From AbstractPopulationVertex_2 to AbstractPopulationVertex_2, model: ProjectionApplicationEdge
        Edge: projection edge 5, From AbstractPopulationVertex_2 to AbstractPopulationVertex_1, model: ProjectionApplicationEdge

Vertex SpikeSourcePoissonVertex_3, size: 80, model: SpikeSourcePoissonVertex
    Constraints:
        MaxVertexAtomsConstraint(size=500)
    Outgoing Edge Partitions:
    Partition SPIKE:
        Edge: projection edge 0, From SpikeSourcePoissonVertex_3 to AbstractPopulationVertex_1, model: ProjectionApplicationEdge

Vertex SpikeSourcePoissonVertex_4, size: 20, model: SpikeSourcePoissonVertex
    Constraints:
        MaxVertexAtomsConstraint(size=500)
    Outgoing Edge Partitions:
    Partition SPIKE:
        Edge: projection edge 1, From SpikeSourcePoissonVertex_4 to AbstractPopulationVertex_2, model: ProjectionApplicationEdge

