        Placement Information by Vertex
        ===============================

Generated: Thu Apr 22 10:20:05 2021 for target machine '10.11.195.89'

**** Vertex: 'Exc'
Model: AbstractPopulationVertex
Pop size: 100
Machine Vertices: 
  Slice 0:99 (100 atoms) 

**** Vertex: 'Inh'
Model: AbstractPopulationVertex
Pop size: 100
Machine Vertices: 
  Slice 0:99 (100 atoms) 

**** Vertex: 'Exc1'
Model: AbstractPopulationVertex
Pop size: 100
Machine Vertices: 
  Slice 0:99 (100 atoms) 

**** Vertex: 'Inh2'
Model: AbstractPopulationVertex
Pop size: 100
Machine Vertices: 
  Slice 0:99 (100 atoms) 

**** Vertex: 'Thalamus'
Model: SpikeSourceArrayVertex
Pop size: 100
Machine Vertices: 
  Slice 0:99 (100 atoms) 

**** Vertex: 'Thalamus3'
Model: SpikeSourceArrayVertex
Pop size: 100
Machine Vertices: 
  Slice 0:99 (100 atoms) 

**** Vertex: 'Thalamus4'
Model: SpikeSourceArrayVertex
Pop size: 100
Machine Vertices: 
  Slice 0:99 (100 atoms) 

