        Memory Usage by Core
        ====================

Generated: Thu Apr 22 10:48:39 2021 for target machine '10.11.208.129'

Planned by partitioner
----------------------
Based on 1000 timesteps

SDRAM reqs for core (0,0,7) is 1222 KB (1252081 bytes) for Placement(vertex=Exc1:0:99, x=0, y=0, p=7)
SDRAM reqs for core (0,0,8) is 1211 KB (1240064 bytes) for Placement(vertex=Exc:0:99, x=0, y=0, p=8)
SDRAM reqs for core (0,0,1) is 476 KB (488136 bytes) for Placement(vertex=SYSTEM:ExtraMonitor, x=0, y=0, p=1)
SDRAM reqs for core (0,1,1) is 476 KB (488136 bytes) for Placement(vertex=SYSTEM:ExtraMonitor1, x=0, y=1, p=1)
SDRAM reqs for core (2,1,1) is 476 KB (488136 bytes) for Placement(vertex=SYSTEM:ExtraMonitor10, x=2, y=1, p=1)
SDRAM reqs for core (2,2,1) is 476 KB (488136 bytes) for Placement(vertex=SYSTEM:ExtraMonitor11, x=2, y=2, p=1)
SDRAM reqs for core (2,3,1) is 476 KB (488136 bytes) for Placement(vertex=SYSTEM:ExtraMonitor12, x=2, y=3, p=1)
SDRAM reqs for core (2,4,1) is 476 KB (488136 bytes) for Placement(vertex=SYSTEM:ExtraMonitor13, x=2, y=4, p=1)
SDRAM reqs for core (2,5,1) is 476 KB (488136 bytes) for Placement(vertex=SYSTEM:ExtraMonitor14, x=2, y=5, p=1)
SDRAM reqs for core (3,0,1) is 476 KB (488136 bytes) for Placement(vertex=SYSTEM:ExtraMonitor15, x=3, y=0, p=1)
SDRAM reqs for core (3,1,1) is 476 KB (488136 bytes) for Placement(vertex=SYSTEM:ExtraMonitor16, x=3, y=1, p=1)
SDRAM reqs for core (3,2,1) is 476 KB (488136 bytes) for Placement(vertex=SYSTEM:ExtraMonitor17, x=3, y=2, p=1)
SDRAM reqs for core (3,3,1) is 476 KB (488136 bytes) for Placement(vertex=SYSTEM:ExtraMonitor18, x=3, y=3, p=1)
SDRAM reqs for core (3,4,1) is 476 KB (488136 bytes) for Placement(vertex=SYSTEM:ExtraMonitor19, x=3, y=4, p=1)
SDRAM reqs for core (0,2,1) is 476 KB (488136 bytes) for Placement(vertex=SYSTEM:ExtraMonitor2, x=0, y=2, p=1)
SDRAM reqs for core (3,5,1) is 476 KB (488136 bytes) for Placement(vertex=SYSTEM:ExtraMonitor20, x=3, y=5, p=1)
SDRAM reqs for core (3,6,1) is 476 KB (488136 bytes) for Placement(vertex=SYSTEM:ExtraMonitor21, x=3, y=6, p=1)
SDRAM reqs for core (4,0,1) is 476 KB (488136 bytes) for Placement(vertex=SYSTEM:ExtraMonitor22, x=4, y=0, p=1)
SDRAM reqs for core (4,1,1) is 476 KB (488136 bytes) for Placement(vertex=SYSTEM:ExtraMonitor23, x=4, y=1, p=1)
SDRAM reqs for core (4,2,1) is 476 KB (488136 bytes) for Placement(vertex=SYSTEM:ExtraMonitor24, x=4, y=2, p=1)
SDRAM reqs for core (4,3,1) is 476 KB (488136 bytes) for Placement(vertex=SYSTEM:ExtraMonitor25, x=4, y=3, p=1)
SDRAM reqs for core (4,4,1) is 476 KB (488136 bytes) for Placement(vertex=SYSTEM:ExtraMonitor26, x=4, y=4, p=1)
SDRAM reqs for core (4,5,1) is 476 KB (488136 bytes) for Placement(vertex=SYSTEM:ExtraMonitor27, x=4, y=5, p=1)
SDRAM reqs for core (4,6,1) is 476 KB (488136 bytes) for Placement(vertex=SYSTEM:ExtraMonitor28, x=4, y=6, p=1)
SDRAM reqs for core (4,7,1) is 476 KB (488136 bytes) for Placement(vertex=SYSTEM:ExtraMonitor29, x=4, y=7, p=1)
SDRAM reqs for core (0,3,1) is 476 KB (488136 bytes) for Placement(vertex=SYSTEM:ExtraMonitor3, x=0, y=3, p=1)
SDRAM reqs for core (5,1,1) is 476 KB (488136 bytes) for Placement(vertex=SYSTEM:ExtraMonitor30, x=5, y=1, p=1)
SDRAM reqs for core (5,2,1) is 476 KB (488136 bytes) for Placement(vertex=SYSTEM:ExtraMonitor31, x=5, y=2, p=1)
SDRAM reqs for core (5,3,1) is 476 KB (488136 bytes) for Placement(vertex=SYSTEM:ExtraMonitor32, x=5, y=3, p=1)
SDRAM reqs for core (5,4,1) is 476 KB (488136 bytes) for Placement(vertex=SYSTEM:ExtraMonitor33, x=5, y=4, p=1)
SDRAM reqs for core (5,5,1) is 476 KB (488136 bytes) for Placement(vertex=SYSTEM:ExtraMonitor34, x=5, y=5, p=1)
SDRAM reqs for core (5,6,1) is 476 KB (488136 bytes) for Placement(vertex=SYSTEM:ExtraMonitor35, x=5, y=6, p=1)
SDRAM reqs for core (5,7,1) is 476 KB (488136 bytes) for Placement(vertex=SYSTEM:ExtraMonitor36, x=5, y=7, p=1)
SDRAM reqs for core (6,2,1) is 476 KB (488136 bytes) for Placement(vertex=SYSTEM:ExtraMonitor37, x=6, y=2, p=1)
SDRAM reqs for core (6,3,1) is 476 KB (488136 bytes) for Placement(vertex=SYSTEM:ExtraMonitor38, x=6, y=3, p=1)
SDRAM reqs for core (6,4,1) is 476 KB (488136 bytes) for Placement(vertex=SYSTEM:ExtraMonitor39, x=6, y=4, p=1)
SDRAM reqs for core (1,0,1) is 476 KB (488136 bytes) for Placement(vertex=SYSTEM:ExtraMonitor4, x=1, y=0, p=1)
SDRAM reqs for core (6,5,1) is 476 KB (488136 bytes) for Placement(vertex=SYSTEM:ExtraMonitor40, x=6, y=5, p=1)
SDRAM reqs for core (6,6,1) is 476 KB (488136 bytes) for Placement(vertex=SYSTEM:ExtraMonitor41, x=6, y=6, p=1)
SDRAM reqs for core (6,7,1) is 476 KB (488136 bytes) for Placement(vertex=SYSTEM:ExtraMonitor42, x=6, y=7, p=1)
SDRAM reqs for core (7,3,1) is 476 KB (488136 bytes) for Placement(vertex=SYSTEM:ExtraMonitor43, x=7, y=3, p=1)
SDRAM reqs for core (7,4,1) is 476 KB (488136 bytes) for Placement(vertex=SYSTEM:ExtraMonitor44, x=7, y=4, p=1)
SDRAM reqs for core (7,5,1) is 476 KB (488136 bytes) for Placement(vertex=SYSTEM:ExtraMonitor45, x=7, y=5, p=1)
SDRAM reqs for core (7,6,1) is 476 KB (488136 bytes) for Placement(vertex=SYSTEM:ExtraMonitor46, x=7, y=6, p=1)
SDRAM reqs for core (7,7,1) is 476 KB (488136 bytes) for Placement(vertex=SYSTEM:ExtraMonitor47, x=7, y=7, p=1)
SDRAM reqs for core (1,1,1) is 476 KB (488136 bytes) for Placement(vertex=SYSTEM:ExtraMonitor5, x=1, y=1, p=1)
SDRAM reqs for core (1,2,1) is 476 KB (488136 bytes) for Placement(vertex=SYSTEM:ExtraMonitor6, x=1, y=2, p=1)
SDRAM reqs for core (1,3,1) is 476 KB (488136 bytes) for Placement(vertex=SYSTEM:ExtraMonitor7, x=1, y=3, p=1)
SDRAM reqs for core (1,4,1) is 476 KB (488136 bytes) for Placement(vertex=SYSTEM:ExtraMonitor8, x=1, y=4, p=1)
SDRAM reqs for core (2,0,1) is 476 KB (488136 bytes) for Placement(vertex=SYSTEM:ExtraMonitor9, x=2, y=0, p=1)
SDRAM reqs for core (0,0,2) is 459 KB (470200 bytes) for Placement(vertex=SYSTEM:PacketGatherer(0,0), x=0, y=0, p=2)
SDRAM reqs for core (0,0,5) is 96 KB (98330 bytes) for Placement(vertex=Thalamus2:0:99, x=0, y=0, p=5)
SDRAM reqs for core (0,0,4) is 13 KB (14246 bytes) for Placement(vertex=Thalamus3:0:99, x=0, y=0, p=4)
SDRAM reqs for core (0,0,3) is 25 KB (26258 bytes) for Placement(vertex=Thalamus4:0:99, x=0, y=0, p=3)
SDRAM reqs for core (0,0,6) is 21 KB (22254 bytes) for Placement(vertex=Thalamus:0:99, x=0, y=0, p=6)
**** Chip: (0, 0) has total memory usage of 3526 KB (3611569 bytes) out of a max of 120575 KB (123469792 bytes)

**** Chip: (0, 1) has total memory usage of 476 KB (488136 bytes) out of a max of 120575 KB (123469792 bytes)

**** Chip: (0, 2) has total memory usage of 476 KB (488136 bytes) out of a max of 120575 KB (123469792 bytes)

**** Chip: (0, 3) has total memory usage of 476 KB (488136 bytes) out of a max of 120575 KB (123469792 bytes)

**** Chip: (1, 0) has total memory usage of 476 KB (488136 bytes) out of a max of 120575 KB (123469792 bytes)

**** Chip: (1, 1) has total memory usage of 476 KB (488136 bytes) out of a max of 120575 KB (123469792 bytes)

**** Chip: (1, 2) has total memory usage of 476 KB (488136 bytes) out of a max of 120575 KB (123469792 bytes)

**** Chip: (1, 3) has total memory usage of 476 KB (488136 bytes) out of a max of 120575 KB (123469792 bytes)

**** Chip: (1, 4) has total memory usage of 476 KB (488136 bytes) out of a max of 120575 KB (123469792 bytes)

**** Chip: (2, 0) has total memory usage of 476 KB (488136 bytes) out of a max of 120575 KB (123469792 bytes)

**** Chip: (2, 1) has total memory usage of 476 KB (488136 bytes) out of a max of 120575 KB (123469792 bytes)

**** Chip: (2, 2) has total memory usage of 476 KB (488136 bytes) out of a max of 120575 KB (123469792 bytes)

**** Chip: (2, 3) has total memory usage of 476 KB (488136 bytes) out of a max of 120575 KB (123469792 bytes)

**** Chip: (2, 4) has total memory usage of 476 KB (488136 bytes) out of a max of 120575 KB (123469792 bytes)

**** Chip: (2, 5) has total memory usage of 476 KB (488136 bytes) out of a max of 120575 KB (123469792 bytes)

**** Chip: (3, 0) has total memory usage of 476 KB (488136 bytes) out of a max of 120575 KB (123469792 bytes)

**** Chip: (3, 1) has total memory usage of 476 KB (488136 bytes) out of a max of 120575 KB (123469792 bytes)

**** Chip: (3, 2) has total memory usage of 476 KB (488136 bytes) out of a max of 120575 KB (123469792 bytes)

**** Chip: (3, 3) has total memory usage of 476 KB (488136 bytes) out of a max of 120575 KB (123469792 bytes)

**** Chip: (3, 4) has total memory usage of 476 KB (488136 bytes) out of a max of 120575 KB (123469792 bytes)

**** Chip: (3, 5) has total memory usage of 476 KB (488136 bytes) out of a max of 120575 KB (123469792 bytes)

**** Chip: (3, 6) has total memory usage of 476 KB (488136 bytes) out of a max of 120575 KB (123469792 bytes)

**** Chip: (4, 0) has total memory usage of 476 KB (488136 bytes) out of a max of 120575 KB (123469792 bytes)

**** Chip: (4, 1) has total memory usage of 476 KB (488136 bytes) out of a max of 120575 KB (123469792 bytes)

**** Chip: (4, 2) has total memory usage of 476 KB (488136 bytes) out of a max of 120575 KB (123469792 bytes)

**** Chip: (4, 3) has total memory usage of 476 KB (488136 bytes) out of a max of 120575 KB (123469792 bytes)

**** Chip: (4, 4) has total memory usage of 476 KB (488136 bytes) out of a max of 120575 KB (123469792 bytes)

**** Chip: (4, 5) has total memory usage of 476 KB (488136 bytes) out of a max of 120575 KB (123469792 bytes)

**** Chip: (4, 6) has total memory usage of 476 KB (488136 bytes) out of a max of 120575 KB (123469792 bytes)

**** Chip: (4, 7) has total memory usage of 476 KB (488136 bytes) out of a max of 120575 KB (123469792 bytes)

**** Chip: (5, 1) has total memory usage of 476 KB (488136 bytes) out of a max of 120575 KB (123469792 bytes)

**** Chip: (5, 2) has total memory usage of 476 KB (488136 bytes) out of a max of 120575 KB (123469792 bytes)

**** Chip: (5, 3) has total memory usage of 476 KB (488136 bytes) out of a max of 120575 KB (123469792 bytes)

**** Chip: (5, 4) has total memory usage of 476 KB (488136 bytes) out of a max of 120575 KB (123469792 bytes)

**** Chip: (5, 5) has total memory usage of 476 KB (488136 bytes) out of a max of 120575 KB (123469792 bytes)

**** Chip: (5, 6) has total memory usage of 476 KB (488136 bytes) out of a max of 120575 KB (123469792 bytes)

**** Chip: (5, 7) has total memory usage of 476 KB (488136 bytes) out of a max of 120575 KB (123469792 bytes)

**** Chip: (6, 2) has total memory usage of 476 KB (488136 bytes) out of a max of 120575 KB (123469792 bytes)

**** Chip: (6, 3) has total memory usage of 476 KB (488136 bytes) out of a max of 120575 KB (123469792 bytes)

**** Chip: (6, 4) has total memory usage of 476 KB (488136 bytes) out of a max of 120575 KB (123469792 bytes)

**** Chip: (6, 5) has total memory usage of 476 KB (488136 bytes) out of a max of 120575 KB (123469792 bytes)

**** Chip: (6, 6) has total memory usage of 476 KB (488136 bytes) out of a max of 120575 KB (123469792 bytes)

**** Chip: (6, 7) has total memory usage of 476 KB (488136 bytes) out of a max of 120575 KB (123469792 bytes)

**** Chip: (7, 3) has total memory usage of 476 KB (488136 bytes) out of a max of 120575 KB (123469792 bytes)

**** Chip: (7, 4) has total memory usage of 476 KB (488136 bytes) out of a max of 120575 KB (123469792 bytes)

**** Chip: (7, 5) has total memory usage of 476 KB (488136 bytes) out of a max of 120575 KB (123469792 bytes)

**** Chip: (7, 6) has total memory usage of 476 KB (488136 bytes) out of a max of 120575 KB (123469792 bytes)

**** Chip: (7, 7) has total memory usage of 476 KB (488136 bytes) out of a max of 120575 KB (123469792 bytes)


Actual space reserved on the machine
----------------------
Based on 46677 timesteps

SDRAM reqs for core (0,0,7) is 56177 KB (57526145 bytes) for Placement(vertex=Exc1:0:99, x=0, y=0, p=7)
SDRAM reqs for core (0,0,8) is 56166 KB (57514128 bytes) for Placement(vertex=Exc:0:99, x=0, y=0, p=8)
SDRAM reqs for core (0,0,1) is 476 KB (488136 bytes) for Placement(vertex=SYSTEM:ExtraMonitor, x=0, y=0, p=1)
SDRAM reqs for core (0,1,1) is 476 KB (488136 bytes) for Placement(vertex=SYSTEM:ExtraMonitor1, x=0, y=1, p=1)
SDRAM reqs for core (2,1,1) is 476 KB (488136 bytes) for Placement(vertex=SYSTEM:ExtraMonitor10, x=2, y=1, p=1)
SDRAM reqs for core (2,2,1) is 476 KB (488136 bytes) for Placement(vertex=SYSTEM:ExtraMonitor11, x=2, y=2, p=1)
SDRAM reqs for core (2,3,1) is 476 KB (488136 bytes) for Placement(vertex=SYSTEM:ExtraMonitor12, x=2, y=3, p=1)
SDRAM reqs for core (2,4,1) is 476 KB (488136 bytes) for Placement(vertex=SYSTEM:ExtraMonitor13, x=2, y=4, p=1)
SDRAM reqs for core (2,5,1) is 476 KB (488136 bytes) for Placement(vertex=SYSTEM:ExtraMonitor14, x=2, y=5, p=1)
SDRAM reqs for core (3,0,1) is 476 KB (488136 bytes) for Placement(vertex=SYSTEM:ExtraMonitor15, x=3, y=0, p=1)
SDRAM reqs for core (3,1,1) is 476 KB (488136 bytes) for Placement(vertex=SYSTEM:ExtraMonitor16, x=3, y=1, p=1)
SDRAM reqs for core (3,2,1) is 476 KB (488136 bytes) for Placement(vertex=SYSTEM:ExtraMonitor17, x=3, y=2, p=1)
SDRAM reqs for core (3,3,1) is 476 KB (488136 bytes) for Placement(vertex=SYSTEM:ExtraMonitor18, x=3, y=3, p=1)
SDRAM reqs for core (3,4,1) is 476 KB (488136 bytes) for Placement(vertex=SYSTEM:ExtraMonitor19, x=3, y=4, p=1)
SDRAM reqs for core (0,2,1) is 476 KB (488136 bytes) for Placement(vertex=SYSTEM:ExtraMonitor2, x=0, y=2, p=1)
SDRAM reqs for core (3,5,1) is 476 KB (488136 bytes) for Placement(vertex=SYSTEM:ExtraMonitor20, x=3, y=5, p=1)
SDRAM reqs for core (3,6,1) is 476 KB (488136 bytes) for Placement(vertex=SYSTEM:ExtraMonitor21, x=3, y=6, p=1)
SDRAM reqs for core (4,0,1) is 476 KB (488136 bytes) for Placement(vertex=SYSTEM:ExtraMonitor22, x=4, y=0, p=1)
SDRAM reqs for core (4,1,1) is 476 KB (488136 bytes) for Placement(vertex=SYSTEM:ExtraMonitor23, x=4, y=1, p=1)
SDRAM reqs for core (4,2,1) is 476 KB (488136 bytes) for Placement(vertex=SYSTEM:ExtraMonitor24, x=4, y=2, p=1)
SDRAM reqs for core (4,3,1) is 476 KB (488136 bytes) for Placement(vertex=SYSTEM:ExtraMonitor25, x=4, y=3, p=1)
SDRAM reqs for core (4,4,1) is 476 KB (488136 bytes) for Placement(vertex=SYSTEM:ExtraMonitor26, x=4, y=4, p=1)
SDRAM reqs for core (4,5,1) is 476 KB (488136 bytes) for Placement(vertex=SYSTEM:ExtraMonitor27, x=4, y=5, p=1)
SDRAM reqs for core (4,6,1) is 476 KB (488136 bytes) for Placement(vertex=SYSTEM:ExtraMonitor28, x=4, y=6, p=1)
SDRAM reqs for core (4,7,1) is 476 KB (488136 bytes) for Placement(vertex=SYSTEM:ExtraMonitor29, x=4, y=7, p=1)
SDRAM reqs for core (0,3,1) is 476 KB (488136 bytes) for Placement(vertex=SYSTEM:ExtraMonitor3, x=0, y=3, p=1)
SDRAM reqs for core (5,1,1) is 476 KB (488136 bytes) for Placement(vertex=SYSTEM:ExtraMonitor30, x=5, y=1, p=1)
SDRAM reqs for core (5,2,1) is 476 KB (488136 bytes) for Placement(vertex=SYSTEM:ExtraMonitor31, x=5, y=2, p=1)
SDRAM reqs for core (5,3,1) is 476 KB (488136 bytes) for Placement(vertex=SYSTEM:ExtraMonitor32, x=5, y=3, p=1)
SDRAM reqs for core (5,4,1) is 476 KB (488136 bytes) for Placement(vertex=SYSTEM:ExtraMonitor33, x=5, y=4, p=1)
SDRAM reqs for core (5,5,1) is 476 KB (488136 bytes) for Placement(vertex=SYSTEM:ExtraMonitor34, x=5, y=5, p=1)
SDRAM reqs for core (5,6,1) is 476 KB (488136 bytes) for Placement(vertex=SYSTEM:ExtraMonitor35, x=5, y=6, p=1)
SDRAM reqs for core (5,7,1) is 476 KB (488136 bytes) for Placement(vertex=SYSTEM:ExtraMonitor36, x=5, y=7, p=1)
SDRAM reqs for core (6,2,1) is 476 KB (488136 bytes) for Placement(vertex=SYSTEM:ExtraMonitor37, x=6, y=2, p=1)
SDRAM reqs for core (6,3,1) is 476 KB (488136 bytes) for Placement(vertex=SYSTEM:ExtraMonitor38, x=6, y=3, p=1)
SDRAM reqs for core (6,4,1) is 476 KB (488136 bytes) for Placement(vertex=SYSTEM:ExtraMonitor39, x=6, y=4, p=1)
SDRAM reqs for core (1,0,1) is 476 KB (488136 bytes) for Placement(vertex=SYSTEM:ExtraMonitor4, x=1, y=0, p=1)
SDRAM reqs for core (6,5,1) is 476 KB (488136 bytes) for Placement(vertex=SYSTEM:ExtraMonitor40, x=6, y=5, p=1)
SDRAM reqs for core (6,6,1) is 476 KB (488136 bytes) for Placement(vertex=SYSTEM:ExtraMonitor41, x=6, y=6, p=1)
SDRAM reqs for core (6,7,1) is 476 KB (488136 bytes) for Placement(vertex=SYSTEM:ExtraMonitor42, x=6, y=7, p=1)
SDRAM reqs for core (7,3,1) is 476 KB (488136 bytes) for Placement(vertex=SYSTEM:ExtraMonitor43, x=7, y=3, p=1)
SDRAM reqs for core (7,4,1) is 476 KB (488136 bytes) for Placement(vertex=SYSTEM:ExtraMonitor44, x=7, y=4, p=1)
SDRAM reqs for core (7,5,1) is 476 KB (488136 bytes) for Placement(vertex=SYSTEM:ExtraMonitor45, x=7, y=5, p=1)
SDRAM reqs for core (7,6,1) is 476 KB (488136 bytes) for Placement(vertex=SYSTEM:ExtraMonitor46, x=7, y=6, p=1)
SDRAM reqs for core (7,7,1) is 476 KB (488136 bytes) for Placement(vertex=SYSTEM:ExtraMonitor47, x=7, y=7, p=1)
SDRAM reqs for core (1,1,1) is 476 KB (488136 bytes) for Placement(vertex=SYSTEM:ExtraMonitor5, x=1, y=1, p=1)
SDRAM reqs for core (1,2,1) is 476 KB (488136 bytes) for Placement(vertex=SYSTEM:ExtraMonitor6, x=1, y=2, p=1)
SDRAM reqs for core (1,3,1) is 476 KB (488136 bytes) for Placement(vertex=SYSTEM:ExtraMonitor7, x=1, y=3, p=1)
SDRAM reqs for core (1,4,1) is 476 KB (488136 bytes) for Placement(vertex=SYSTEM:ExtraMonitor8, x=1, y=4, p=1)
SDRAM reqs for core (2,0,1) is 476 KB (488136 bytes) for Placement(vertex=SYSTEM:ExtraMonitor9, x=2, y=0, p=1)
SDRAM reqs for core (0,0,2) is 459 KB (470200 bytes) for Placement(vertex=SYSTEM:PacketGatherer(0,0), x=0, y=0, p=2)
SDRAM reqs for core (0,0,5) is 4467 KB (4574676 bytes) for Placement(vertex=Thalamus2:0:99, x=0, y=0, p=5)
SDRAM reqs for core (0,0,4) is 638 KB (653724 bytes) for Placement(vertex=Thalamus3:0:99, x=0, y=0, p=4)
SDRAM reqs for core (0,0,3) is 1185 KB (1213860 bytes) for Placement(vertex=Thalamus4:0:99, x=0, y=0, p=3)
SDRAM reqs for core (0,0,6) is 1003 KB (1027148 bytes) for Placement(vertex=Thalamus:0:99, x=0, y=0, p=6)
**** Chip: (0, 0) has total memory usage of 120574 KB (123468017 bytes) out of a max of 120575 KB (123469792 bytes)

**** Chip: (0, 1) has total memory usage of 476 KB (488136 bytes) out of a max of 120575 KB (123469792 bytes)

**** Chip: (0, 2) has total memory usage of 476 KB (488136 bytes) out of a max of 120575 KB (123469792 bytes)

**** Chip: (0, 3) has total memory usage of 476 KB (488136 bytes) out of a max of 120575 KB (123469792 bytes)

**** Chip: (1, 0) has total memory usage of 476 KB (488136 bytes) out of a max of 120575 KB (123469792 bytes)

**** Chip: (1, 1) has total memory usage of 476 KB (488136 bytes) out of a max of 120575 KB (123469792 bytes)

**** Chip: (1, 2) has total memory usage of 476 KB (488136 bytes) out of a max of 120575 KB (123469792 bytes)

**** Chip: (1, 3) has total memory usage of 476 KB (488136 bytes) out of a max of 120575 KB (123469792 bytes)

**** Chip: (1, 4) has total memory usage of 476 KB (488136 bytes) out of a max of 120575 KB (123469792 bytes)

**** Chip: (2, 0) has total memory usage of 476 KB (488136 bytes) out of a max of 120575 KB (123469792 bytes)

**** Chip: (2, 1) has total memory usage of 476 KB (488136 bytes) out of a max of 120575 KB (123469792 bytes)

**** Chip: (2, 2) has total memory usage of 476 KB (488136 bytes) out of a max of 120575 KB (123469792 bytes)

**** Chip: (2, 3) has total memory usage of 476 KB (488136 bytes) out of a max of 120575 KB (123469792 bytes)

**** Chip: (2, 4) has total memory usage of 476 KB (488136 bytes) out of a max of 120575 KB (123469792 bytes)

**** Chip: (2, 5) has total memory usage of 476 KB (488136 bytes) out of a max of 120575 KB (123469792 bytes)

**** Chip: (3, 0) has total memory usage of 476 KB (488136 bytes) out of a max of 120575 KB (123469792 bytes)

**** Chip: (3, 1) has total memory usage of 476 KB (488136 bytes) out of a max of 120575 KB (123469792 bytes)

**** Chip: (3, 2) has total memory usage of 476 KB (488136 bytes) out of a max of 120575 KB (123469792 bytes)

**** Chip: (3, 3) has total memory usage of 476 KB (488136 bytes) out of a max of 120575 KB (123469792 bytes)

**** Chip: (3, 4) has total memory usage of 476 KB (488136 bytes) out of a max of 120575 KB (123469792 bytes)

**** Chip: (3, 5) has total memory usage of 476 KB (488136 bytes) out of a max of 120575 KB (123469792 bytes)

**** Chip: (3, 6) has total memory usage of 476 KB (488136 bytes) out of a max of 120575 KB (123469792 bytes)

**** Chip: (4, 0) has total memory usage of 476 KB (488136 bytes) out of a max of 120575 KB (123469792 bytes)

**** Chip: (4, 1) has total memory usage of 476 KB (488136 bytes) out of a max of 120575 KB (123469792 bytes)

**** Chip: (4, 2) has total memory usage of 476 KB (488136 bytes) out of a max of 120575 KB (123469792 bytes)

**** Chip: (4, 3) has total memory usage of 476 KB (488136 bytes) out of a max of 120575 KB (123469792 bytes)

**** Chip: (4, 4) has total memory usage of 476 KB (488136 bytes) out of a max of 120575 KB (123469792 bytes)

**** Chip: (4, 5) has total memory usage of 476 KB (488136 bytes) out of a max of 120575 KB (123469792 bytes)

**** Chip: (4, 6) has total memory usage of 476 KB (488136 bytes) out of a max of 120575 KB (123469792 bytes)

**** Chip: (4, 7) has total memory usage of 476 KB (488136 bytes) out of a max of 120575 KB (123469792 bytes)

**** Chip: (5, 1) has total memory usage of 476 KB (488136 bytes) out of a max of 120575 KB (123469792 bytes)

**** Chip: (5, 2) has total memory usage of 476 KB (488136 bytes) out of a max of 120575 KB (123469792 bytes)

**** Chip: (5, 3) has total memory usage of 476 KB (488136 bytes) out of a max of 120575 KB (123469792 bytes)

**** Chip: (5, 4) has total memory usage of 476 KB (488136 bytes) out of a max of 120575 KB (123469792 bytes)

**** Chip: (5, 5) has total memory usage of 476 KB (488136 bytes) out of a max of 120575 KB (123469792 bytes)

**** Chip: (5, 6) has total memory usage of 476 KB (488136 bytes) out of a max of 120575 KB (123469792 bytes)

**** Chip: (5, 7) has total memory usage of 476 KB (488136 bytes) out of a max of 120575 KB (123469792 bytes)

**** Chip: (6, 2) has total memory usage of 476 KB (488136 bytes) out of a max of 120575 KB (123469792 bytes)

**** Chip: (6, 3) has total memory usage of 476 KB (488136 bytes) out of a max of 120575 KB (123469792 bytes)

**** Chip: (6, 4) has total memory usage of 476 KB (488136 bytes) out of a max of 120575 KB (123469792 bytes)

**** Chip: (6, 5) has total memory usage of 476 KB (488136 bytes) out of a max of 120575 KB (123469792 bytes)

**** Chip: (6, 6) has total memory usage of 476 KB (488136 bytes) out of a max of 120575 KB (123469792 bytes)

**** Chip: (6, 7) has total memory usage of 476 KB (488136 bytes) out of a max of 120575 KB (123469792 bytes)

**** Chip: (7, 3) has total memory usage of 476 KB (488136 bytes) out of a max of 120575 KB (123469792 bytes)

**** Chip: (7, 4) has total memory usage of 476 KB (488136 bytes) out of a max of 120575 KB (123469792 bytes)

**** Chip: (7, 5) has total memory usage of 476 KB (488136 bytes) out of a max of 120575 KB (123469792 bytes)

**** Chip: (7, 6) has total memory usage of 476 KB (488136 bytes) out of a max of 120575 KB (123469792 bytes)

**** Chip: (7, 7) has total memory usage of 476 KB (488136 bytes) out of a max of 120575 KB (123469792 bytes)

