Router contains 37 entries
Index Key        Mask       Route      Default [Cores][Links]
----- ---------- ---------- ---------- ------- --------------
    0 0x00000000 0xFFFFFF80 0x00555407 False   [4, 6, 8, 10, 12, 14, 16] [E, NE, N]
    1 0x00000080 0xFFFFFF80 0x00555407 False   [4, 6, 8, 10, 12, 14, 16] [E, NE, N]
    2 0x00000100 0xFFFFFF80 0x00555407 False   [4, 6, 8, 10, 12, 14, 16] [E, NE, N]
    3 0x00000180 0xFFFFFF80 0x00555407 False   [4, 6, 8, 10, 12, 14, 16] [E, NE, N]
    4 0x00000200 0xFFFFFF80 0x00555407 False   [4, 6, 8, 10, 12, 14, 16] [E, NE, N]
    5 0x00000280 0xFFFFFF80 0x00555407 False   [4, 6, 8, 10, 12, 14, 16] [E, NE, N]
    6 0x00000300 0xFFFFFF80 0x00555407 False   [4, 6, 8, 10, 12, 14, 16] [E, NE, N]
    7 0x00000380 0xFFFFFF80 0x00555404 False   [4, 6, 8, 10, 12, 14, 16] [N]
    8 0x00000400 0xFFFFFF80 0x00555404 False   [4, 6, 8, 10, 12, 14, 16] [N]
    9 0x00000480 0xFFFFFF80 0x00555404 False   [4, 6, 8, 10, 12, 14, 16] [N]
   10 0x00000500 0xFFFFFF80 0x00555404 False   [4, 6, 8, 10, 12, 14, 16] [N]
   11 0x00000580 0xFFFFFF80 0x00555404 False   [4, 6, 8, 10, 12, 14, 16] [N]
   12 0x00000600 0xFFFFFF80 0x00555404 False   [4, 6, 8, 10, 12, 14, 16] [N]
   13 0x00000680 0xFFFFFF80 0x00555404 False   [4, 6, 8, 10, 12, 14, 16] [N]
   14 0x00000700 0xFFFFFF80 0x00555404 False   [4, 6, 8, 10, 12, 14, 16] [N]
   15 0x00000780 0xFFFFFF80 0x00555400 False   [4, 6, 8, 10, 12, 14, 16] []
   16 0x00000800 0xFFFFFF80 0x00555400 False   [4, 6, 8, 10, 12, 14, 16] []
   17 0x00000880 0xFFFFFF80 0x00555400 False   [4, 6, 8, 10, 12, 14, 16] []
   18 0x00000900 0xFFFFFF80 0x00555400 False   [4, 6, 8, 10, 12, 14, 16] []
   19 0x00000980 0xFFFFFF80 0x00555400 False   [4, 6, 8, 10, 12, 14, 16] []
   20 0x00000A00 0xFFFFFF80 0x00555400 False   [4, 6, 8, 10, 12, 14, 16] []
   21 0x00000A80 0xFFFFFF80 0x00555400 False   [4, 6, 8, 10, 12, 14, 16] []
   22 0x00000B00 0xFFFFFF80 0x00555401 False   [4, 6, 8, 10, 12, 14, 16] [E]
   23 0x00000B80 0xFFFFFF80 0x00555401 False   [4, 6, 8, 10, 12, 14, 16] [E]
   24 0x00000C00 0xFFFFFF80 0x00555401 False   [4, 6, 8, 10, 12, 14, 16] [E]
   25 0x00000C80 0xFFFFFF80 0x00555401 False   [4, 6, 8, 10, 12, 14, 16] [E]
   26 0x00000D00 0xFFFFFF80 0x00555401 False   [4, 6, 8, 10, 12, 14, 16] [E]
   27 0x00000D80 0xFFFFFF80 0x00555401 False   [4, 6, 8, 10, 12, 14, 16] [E]
   28 0x00000E00 0xFFFFFF80 0x00555401 False   [4, 6, 8, 10, 12, 14, 16] [E]
   29 0x00000E80 0xFFFFFF80 0x00555401 False   [4, 6, 8, 10, 12, 14, 16] [E]
   30 0x00000F00 0xFFFFFF80 0x00000400 False   [4] []
   31 0x00000F80 0xFFFFFF80 0x00001000 False   [6] []
   32 0x00001000 0xFFFFFF80 0x00004000 False   [8] []
   33 0x00001080 0xFFFFFF80 0x00010000 False   [10] []
   34 0x00001100 0xFFFFFF80 0x00040000 False   [12] []
   35 0x00001180 0xFFFFFF80 0x00100000 False   [14] []
   36 0x00001200 0xFFFFFF80 0x00400000 False   [16] []
0 Defaultable entries
