Router contains 37 entries
Index Key        Mask       Route      Default [Cores][Links]
----- ---------- ---------- ---------- ------- --------------
    0 0x00000000 0xFFFFFF80 0x002AAA00 False   [3, 5, 7, 9, 11, 13, 15] []
    1 0x00000080 0xFFFFFF80 0x002AAA00 False   [3, 5, 7, 9, 11, 13, 15] []
    2 0x00000100 0xFFFFFF80 0x002AAA00 False   [3, 5, 7, 9, 11, 13, 15] []
    3 0x00000180 0xFFFFFF80 0x002AAA00 False   [3, 5, 7, 9, 11, 13, 15] []
    4 0x00000200 0xFFFFFF80 0x002AAA00 False   [3, 5, 7, 9, 11, 13, 15] []
    5 0x00000280 0xFFFFFF80 0x002AAA00 False   [3, 5, 7, 9, 11, 13, 15] []
    6 0x00000300 0xFFFFFF80 0x002AAA00 False   [3, 5, 7, 9, 11, 13, 15] []
    7 0x00000380 0xFFFFFF80 0x002AAA00 False   [3, 5, 7, 9, 11, 13, 15] []
    8 0x00000400 0xFFFFFF80 0x002AAA00 False   [3, 5, 7, 9, 11, 13, 15] []
    9 0x00000480 0xFFFFFF80 0x002AAA00 False   [3, 5, 7, 9, 11, 13, 15] []
   10 0x00000500 0xFFFFFF80 0x002AAA00 False   [3, 5, 7, 9, 11, 13, 15] []
   11 0x00000580 0xFFFFFF80 0x002AAA00 False   [3, 5, 7, 9, 11, 13, 15] []
   12 0x00000600 0xFFFFFF80 0x002AAA00 False   [3, 5, 7, 9, 11, 13, 15] []
   13 0x00000680 0xFFFFFF80 0x002AAA00 False   [3, 5, 7, 9, 11, 13, 15] []
   14 0x00000700 0xFFFFFF80 0x002AAA00 False   [3, 5, 7, 9, 11, 13, 15] []
   15 0x00000780 0xFFFFFF80 0x002AAA38 False   [3, 5, 7, 9, 11, 13, 15] [W, SW, S]
   16 0x00000800 0xFFFFFF80 0x002AAA38 False   [3, 5, 7, 9, 11, 13, 15] [W, SW, S]
   17 0x00000880 0xFFFFFF80 0x002AAA38 False   [3, 5, 7, 9, 11, 13, 15] [W, SW, S]
   18 0x00000900 0xFFFFFF80 0x002AAA38 False   [3, 5, 7, 9, 11, 13, 15] [W, SW, S]
   19 0x00000980 0xFFFFFF80 0x002AAA38 False   [3, 5, 7, 9, 11, 13, 15] [W, SW, S]
   20 0x00000A00 0xFFFFFF80 0x002AAA38 False   [3, 5, 7, 9, 11, 13, 15] [W, SW, S]
   21 0x00000A80 0xFFFFFF80 0x002AAA38 False   [3, 5, 7, 9, 11, 13, 15] [W, SW, S]
   22 0x00000B00 0xFFFFFF80 0x002AAA00 False   [3, 5, 7, 9, 11, 13, 15] []
   23 0x00000B80 0xFFFFFF80 0x002AAA00 False   [3, 5, 7, 9, 11, 13, 15] []
   24 0x00000C00 0xFFFFFF80 0x002AAA00 False   [3, 5, 7, 9, 11, 13, 15] []
   25 0x00000C80 0xFFFFFF80 0x002AAA00 False   [3, 5, 7, 9, 11, 13, 15] []
   26 0x00000D00 0xFFFFFF80 0x002AAA00 False   [3, 5, 7, 9, 11, 13, 15] []
   27 0x00000D80 0xFFFFFF80 0x002AAA00 False   [3, 5, 7, 9, 11, 13, 15] []
   28 0x00000E00 0xFFFFFF80 0x002AAA00 False   [3, 5, 7, 9, 11, 13, 15] []
   29 0x00000E80 0xFFFFFF80 0x002AAA00 False   [3, 5, 7, 9, 11, 13, 15] []
   30 0x00001680 0xFFFFFF80 0x00000200 False   [3] []
   31 0x00001700 0xFFFFFF80 0x00000800 False   [5] []
   32 0x00001780 0xFFFFFF80 0x00002000 False   [7] []
   33 0x00001800 0xFFFFFF80 0x00008000 False   [9] []
   34 0x00001880 0xFFFFFF80 0x00020000 False   [11] []
   35 0x00001900 0xFFFFFF80 0x00080000 False   [13] []
   36 0x00001980 0xFFFFFF80 0x00200000 False   [15] []
0 Defaultable entries
