        Memory Usage by Core
        ====================

Generated: Mon Jan 10 16:16:12 2022 for target machine '10.11.193.65'

Planned by partitioner
----------------------
Based on 1000 timesteps

SDRAM reqs for core (0,0,14) is 714 KB (731549 bytes) for Placement(vertex=Excitatory_Cells4:0:49, x=0, y=0, p=14)
SDRAM reqs for core (1,1,2) is 714 KB (731549 bytes) for Placement(vertex=Excitatory_Cells4:1000:1049, x=1, y=1, p=2)
SDRAM reqs for core (0,0,16) is 714 KB (731549 bytes) for Placement(vertex=Excitatory_Cells4:100:149, x=0, y=0, p=16)
SDRAM reqs for core (1,1,3) is 714 KB (731549 bytes) for Placement(vertex=Excitatory_Cells4:1050:1099, x=1, y=1, p=3)
SDRAM reqs for core (1,1,4) is 714 KB (731549 bytes) for Placement(vertex=Excitatory_Cells4:1100:1149, x=1, y=1, p=4)
SDRAM reqs for core (1,1,5) is 714 KB (731549 bytes) for Placement(vertex=Excitatory_Cells4:1150:1199, x=1, y=1, p=5)
SDRAM reqs for core (0,0,17) is 714 KB (731549 bytes) for Placement(vertex=Excitatory_Cells4:150:199, x=0, y=0, p=17)
SDRAM reqs for core (1,0,2) is 714 KB (731549 bytes) for Placement(vertex=Excitatory_Cells4:200:249, x=1, y=0, p=2)
SDRAM reqs for core (1,0,3) is 714 KB (731549 bytes) for Placement(vertex=Excitatory_Cells4:250:299, x=1, y=0, p=3)
SDRAM reqs for core (1,0,4) is 714 KB (731549 bytes) for Placement(vertex=Excitatory_Cells4:300:349, x=1, y=0, p=4)
SDRAM reqs for core (1,0,5) is 714 KB (731549 bytes) for Placement(vertex=Excitatory_Cells4:350:399, x=1, y=0, p=5)
SDRAM reqs for core (1,0,6) is 714 KB (731549 bytes) for Placement(vertex=Excitatory_Cells4:400:449, x=1, y=0, p=6)
SDRAM reqs for core (1,0,7) is 714 KB (731549 bytes) for Placement(vertex=Excitatory_Cells4:450:499, x=1, y=0, p=7)
SDRAM reqs for core (1,0,8) is 714 KB (731549 bytes) for Placement(vertex=Excitatory_Cells4:500:549, x=1, y=0, p=8)
SDRAM reqs for core (0,0,15) is 714 KB (731549 bytes) for Placement(vertex=Excitatory_Cells4:50:99, x=0, y=0, p=15)
SDRAM reqs for core (1,0,9) is 714 KB (731549 bytes) for Placement(vertex=Excitatory_Cells4:550:599, x=1, y=0, p=9)
SDRAM reqs for core (1,0,10) is 714 KB (731549 bytes) for Placement(vertex=Excitatory_Cells4:600:649, x=1, y=0, p=10)
SDRAM reqs for core (1,0,11) is 714 KB (731549 bytes) for Placement(vertex=Excitatory_Cells4:650:699, x=1, y=0, p=11)
SDRAM reqs for core (1,0,12) is 714 KB (731549 bytes) for Placement(vertex=Excitatory_Cells4:700:749, x=1, y=0, p=12)
SDRAM reqs for core (1,0,13) is 714 KB (731549 bytes) for Placement(vertex=Excitatory_Cells4:750:799, x=1, y=0, p=13)
SDRAM reqs for core (1,0,14) is 714 KB (731549 bytes) for Placement(vertex=Excitatory_Cells4:800:849, x=1, y=0, p=14)
SDRAM reqs for core (1,0,15) is 714 KB (731549 bytes) for Placement(vertex=Excitatory_Cells4:850:899, x=1, y=0, p=15)
SDRAM reqs for core (1,0,16) is 714 KB (731549 bytes) for Placement(vertex=Excitatory_Cells4:900:949, x=1, y=0, p=16)
SDRAM reqs for core (1,0,17) is 714 KB (731549 bytes) for Placement(vertex=Excitatory_Cells4:950:999, x=1, y=0, p=17)
SDRAM reqs for core (0,0,3) is 3240 KB (3317865 bytes) for Placement(vertex=Excitatory_Cells:0:254, x=0, y=0, p=3)
SDRAM reqs for core (0,0,7) is 2321 KB (2377233 bytes) for Placement(vertex=Excitatory_Cells:1020:1199, x=0, y=0, p=7)
SDRAM reqs for core (0,0,4) is 3240 KB (3317865 bytes) for Placement(vertex=Excitatory_Cells:255:509, x=0, y=0, p=4)
SDRAM reqs for core (0,0,5) is 3240 KB (3317865 bytes) for Placement(vertex=Excitatory_Cells:510:764, x=0, y=0, p=5)
SDRAM reqs for core (0,0,6) is 3240 KB (3317865 bytes) for Placement(vertex=Excitatory_Cells:765:1019, x=0, y=0, p=6)
SDRAM reqs for core (1,1,6) is 709 KB (726269 bytes) for Placement(vertex=Inhibitory_Cells5:0:49, x=1, y=1, p=6)
SDRAM reqs for core (1,1,8) is 709 KB (726269 bytes) for Placement(vertex=Inhibitory_Cells5:100:149, x=1, y=1, p=8)
SDRAM reqs for core (1,1,9) is 709 KB (726269 bytes) for Placement(vertex=Inhibitory_Cells5:150:199, x=1, y=1, p=9)
SDRAM reqs for core (1,1,10) is 709 KB (726269 bytes) for Placement(vertex=Inhibitory_Cells5:200:249, x=1, y=1, p=10)
SDRAM reqs for core (1,1,11) is 709 KB (726269 bytes) for Placement(vertex=Inhibitory_Cells5:250:299, x=1, y=1, p=11)
SDRAM reqs for core (1,1,7) is 709 KB (726269 bytes) for Placement(vertex=Inhibitory_Cells5:50:99, x=1, y=1, p=7)
SDRAM reqs for core (0,0,8) is 3233 KB (3311001 bytes) for Placement(vertex=Inhibitory_Cells:0:254, x=0, y=0, p=8)
SDRAM reqs for core (0,0,9) is 647 KB (663137 bytes) for Placement(vertex=Inhibitory_Cells:255:299, x=0, y=0, p=9)
SDRAM reqs for core (0,0,1) is 476 KB (488136 bytes) for Placement(vertex=SYSTEM:ExtraMonitor, x=0, y=0, p=1)
SDRAM reqs for core (0,1,1) is 476 KB (488136 bytes) for Placement(vertex=SYSTEM:ExtraMonitor1, x=0, y=1, p=1)
SDRAM reqs for core (2,1,1) is 476 KB (488136 bytes) for Placement(vertex=SYSTEM:ExtraMonitor10, x=2, y=1, p=1)
SDRAM reqs for core (2,2,1) is 476 KB (488136 bytes) for Placement(vertex=SYSTEM:ExtraMonitor11, x=2, y=2, p=1)
SDRAM reqs for core (2,3,1) is 476 KB (488136 bytes) for Placement(vertex=SYSTEM:ExtraMonitor12, x=2, y=3, p=1)
SDRAM reqs for core (2,4,1) is 476 KB (488136 bytes) for Placement(vertex=SYSTEM:ExtraMonitor13, x=2, y=4, p=1)
SDRAM reqs for core (2,5,1) is 476 KB (488136 bytes) for Placement(vertex=SYSTEM:ExtraMonitor14, x=2, y=5, p=1)
SDRAM reqs for core (3,0,1) is 476 KB (488136 bytes) for Placement(vertex=SYSTEM:ExtraMonitor15, x=3, y=0, p=1)
SDRAM reqs for core (3,1,1) is 476 KB (488136 bytes) for Placement(vertex=SYSTEM:ExtraMonitor16, x=3, y=1, p=1)
SDRAM reqs for core (3,2,1) is 476 KB (488136 bytes) for Placement(vertex=SYSTEM:ExtraMonitor17, x=3, y=2, p=1)
SDRAM reqs for core (3,3,1) is 476 KB (488136 bytes) for Placement(vertex=SYSTEM:ExtraMonitor18, x=3, y=3, p=1)
SDRAM reqs for core (3,4,1) is 476 KB (488136 bytes) for Placement(vertex=SYSTEM:ExtraMonitor19, x=3, y=4, p=1)
SDRAM reqs for core (0,2,1) is 476 KB (488136 bytes) for Placement(vertex=SYSTEM:ExtraMonitor2, x=0, y=2, p=1)
SDRAM reqs for core (3,5,1) is 476 KB (488136 bytes) for Placement(vertex=SYSTEM:ExtraMonitor20, x=3, y=5, p=1)
SDRAM reqs for core (3,6,1) is 476 KB (488136 bytes) for Placement(vertex=SYSTEM:ExtraMonitor21, x=3, y=6, p=1)
SDRAM reqs for core (4,0,1) is 476 KB (488136 bytes) for Placement(vertex=SYSTEM:ExtraMonitor22, x=4, y=0, p=1)
SDRAM reqs for core (4,1,1) is 476 KB (488136 bytes) for Placement(vertex=SYSTEM:ExtraMonitor23, x=4, y=1, p=1)
SDRAM reqs for core (4,2,1) is 476 KB (488136 bytes) for Placement(vertex=SYSTEM:ExtraMonitor24, x=4, y=2, p=1)
SDRAM reqs for core (4,3,1) is 476 KB (488136 bytes) for Placement(vertex=SYSTEM:ExtraMonitor25, x=4, y=3, p=1)
SDRAM reqs for core (4,4,1) is 476 KB (488136 bytes) for Placement(vertex=SYSTEM:ExtraMonitor26, x=4, y=4, p=1)
SDRAM reqs for core (4,5,1) is 476 KB (488136 bytes) for Placement(vertex=SYSTEM:ExtraMonitor27, x=4, y=5, p=1)
SDRAM reqs for core (4,6,1) is 476 KB (488136 bytes) for Placement(vertex=SYSTEM:ExtraMonitor28, x=4, y=6, p=1)
SDRAM reqs for core (4,7,1) is 476 KB (488136 bytes) for Placement(vertex=SYSTEM:ExtraMonitor29, x=4, y=7, p=1)
SDRAM reqs for core (0,3,1) is 476 KB (488136 bytes) for Placement(vertex=SYSTEM:ExtraMonitor3, x=0, y=3, p=1)
SDRAM reqs for core (5,1,1) is 476 KB (488136 bytes) for Placement(vertex=SYSTEM:ExtraMonitor30, x=5, y=1, p=1)
SDRAM reqs for core (5,2,1) is 476 KB (488136 bytes) for Placement(vertex=SYSTEM:ExtraMonitor31, x=5, y=2, p=1)
SDRAM reqs for core (5,3,1) is 476 KB (488136 bytes) for Placement(vertex=SYSTEM:ExtraMonitor32, x=5, y=3, p=1)
SDRAM reqs for core (5,4,1) is 476 KB (488136 bytes) for Placement(vertex=SYSTEM:ExtraMonitor33, x=5, y=4, p=1)
SDRAM reqs for core (5,5,1) is 476 KB (488136 bytes) for Placement(vertex=SYSTEM:ExtraMonitor34, x=5, y=5, p=1)
SDRAM reqs for core (5,6,1) is 476 KB (488136 bytes) for Placement(vertex=SYSTEM:ExtraMonitor35, x=5, y=6, p=1)
SDRAM reqs for core (5,7,1) is 476 KB (488136 bytes) for Placement(vertex=SYSTEM:ExtraMonitor36, x=5, y=7, p=1)
SDRAM reqs for core (6,2,1) is 476 KB (488136 bytes) for Placement(vertex=SYSTEM:ExtraMonitor37, x=6, y=2, p=1)
SDRAM reqs for core (6,3,1) is 476 KB (488136 bytes) for Placement(vertex=SYSTEM:ExtraMonitor38, x=6, y=3, p=1)
SDRAM reqs for core (6,4,1) is 476 KB (488136 bytes) for Placement(vertex=SYSTEM:ExtraMonitor39, x=6, y=4, p=1)
SDRAM reqs for core (1,0,1) is 476 KB (488136 bytes) for Placement(vertex=SYSTEM:ExtraMonitor4, x=1, y=0, p=1)
SDRAM reqs for core (6,5,1) is 476 KB (488136 bytes) for Placement(vertex=SYSTEM:ExtraMonitor40, x=6, y=5, p=1)
SDRAM reqs for core (6,6,1) is 476 KB (488136 bytes) for Placement(vertex=SYSTEM:ExtraMonitor41, x=6, y=6, p=1)
SDRAM reqs for core (6,7,1) is 476 KB (488136 bytes) for Placement(vertex=SYSTEM:ExtraMonitor42, x=6, y=7, p=1)
SDRAM reqs for core (7,3,1) is 476 KB (488136 bytes) for Placement(vertex=SYSTEM:ExtraMonitor43, x=7, y=3, p=1)
SDRAM reqs for core (7,4,1) is 476 KB (488136 bytes) for Placement(vertex=SYSTEM:ExtraMonitor44, x=7, y=4, p=1)
SDRAM reqs for core (7,5,1) is 476 KB (488136 bytes) for Placement(vertex=SYSTEM:ExtraMonitor45, x=7, y=5, p=1)
SDRAM reqs for core (7,6,1) is 476 KB (488136 bytes) for Placement(vertex=SYSTEM:ExtraMonitor46, x=7, y=6, p=1)
SDRAM reqs for core (7,7,1) is 476 KB (488136 bytes) for Placement(vertex=SYSTEM:ExtraMonitor47, x=7, y=7, p=1)
SDRAM reqs for core (1,1,1) is 476 KB (488136 bytes) for Placement(vertex=SYSTEM:ExtraMonitor5, x=1, y=1, p=1)
SDRAM reqs for core (1,2,1) is 476 KB (488136 bytes) for Placement(vertex=SYSTEM:ExtraMonitor6, x=1, y=2, p=1)
SDRAM reqs for core (1,3,1) is 476 KB (488136 bytes) for Placement(vertex=SYSTEM:ExtraMonitor7, x=1, y=3, p=1)
SDRAM reqs for core (1,4,1) is 476 KB (488136 bytes) for Placement(vertex=SYSTEM:ExtraMonitor8, x=1, y=4, p=1)
SDRAM reqs for core (2,0,1) is 476 KB (488136 bytes) for Placement(vertex=SYSTEM:ExtraMonitor9, x=2, y=0, p=1)
SDRAM reqs for core (0,0,2) is 459 KB (470200 bytes) for Placement(vertex=SYSTEM:PacketGatherer(0,0), x=0, y=0, p=2)
SDRAM reqs for core (0,0,11) is 20 KB (21084.0 bytes) for Placement(vertex=expoisson1:0:19, x=0, y=0, p=11)
SDRAM reqs for core (0,0,12) is 20 KB (21084.0 bytes) for Placement(vertex=expoisson2:0:19, x=0, y=0, p=12)
SDRAM reqs for core (0,0,13) is 20 KB (21084.0 bytes) for Placement(vertex=expoisson3:0:19, x=0, y=0, p=13)
SDRAM reqs for core (1,1,12) is 20 KB (21084.0 bytes) for Placement(vertex=expoisson6:0:19, x=1, y=1, p=12)
SDRAM reqs for core (0,0,10) is 0 KB (984 bytes) for Placement(vertex=expoisson:0:19, x=0, y=0, p=10)
**** Chip: (0, 0) has total memory usage of 23019 KB (23571599.0 bytes) out of a max of 120575 KB (123469792 bytes)

**** Chip: (0, 1) has total memory usage of 476 KB (488136 bytes) out of a max of 120575 KB (123469792 bytes)

**** Chip: (0, 2) has total memory usage of 476 KB (488136 bytes) out of a max of 120575 KB (123469792 bytes)

**** Chip: (0, 3) has total memory usage of 476 KB (488136 bytes) out of a max of 120575 KB (123469792 bytes)

**** Chip: (1, 0) has total memory usage of 11907 KB (12192920 bytes) out of a max of 120575 KB (123469792 bytes)

**** Chip: (1, 1) has total memory usage of 7610 KB (7793030.0 bytes) out of a max of 120575 KB (123469792 bytes)

**** Chip: (1, 2) has total memory usage of 476 KB (488136 bytes) out of a max of 120575 KB (123469792 bytes)

**** Chip: (1, 3) has total memory usage of 476 KB (488136 bytes) out of a max of 120575 KB (123469792 bytes)

**** Chip: (1, 4) has total memory usage of 476 KB (488136 bytes) out of a max of 120575 KB (123469792 bytes)

**** Chip: (2, 0) has total memory usage of 476 KB (488136 bytes) out of a max of 120575 KB (123469792 bytes)

**** Chip: (2, 1) has total memory usage of 476 KB (488136 bytes) out of a max of 120575 KB (123469792 bytes)

**** Chip: (2, 2) has total memory usage of 476 KB (488136 bytes) out of a max of 120575 KB (123469792 bytes)

**** Chip: (2, 3) has total memory usage of 476 KB (488136 bytes) out of a max of 120575 KB (123469792 bytes)

**** Chip: (2, 4) has total memory usage of 476 KB (488136 bytes) out of a max of 120575 KB (123469792 bytes)

**** Chip: (2, 5) has total memory usage of 476 KB (488136 bytes) out of a max of 120575 KB (123469792 bytes)

**** Chip: (3, 0) has total memory usage of 476 KB (488136 bytes) out of a max of 120575 KB (123469792 bytes)

**** Chip: (3, 1) has total memory usage of 476 KB (488136 bytes) out of a max of 120575 KB (123469792 bytes)

**** Chip: (3, 2) has total memory usage of 476 KB (488136 bytes) out of a max of 120575 KB (123469792 bytes)

**** Chip: (3, 3) has total memory usage of 476 KB (488136 bytes) out of a max of 120575 KB (123469792 bytes)

**** Chip: (3, 4) has total memory usage of 476 KB (488136 bytes) out of a max of 120575 KB (123469792 bytes)

**** Chip: (3, 5) has total memory usage of 476 KB (488136 bytes) out of a max of 120575 KB (123469792 bytes)

**** Chip: (3, 6) has total memory usage of 476 KB (488136 bytes) out of a max of 120575 KB (123469792 bytes)

**** Chip: (4, 0) has total memory usage of 476 KB (488136 bytes) out of a max of 120575 KB (123469792 bytes)

**** Chip: (4, 1) has total memory usage of 476 KB (488136 bytes) out of a max of 120575 KB (123469792 bytes)

**** Chip: (4, 2) has total memory usage of 476 KB (488136 bytes) out of a max of 120575 KB (123469792 bytes)

**** Chip: (4, 3) has total memory usage of 476 KB (488136 bytes) out of a max of 120575 KB (123469792 bytes)

**** Chip: (4, 4) has total memory usage of 476 KB (488136 bytes) out of a max of 120575 KB (123469792 bytes)

**** Chip: (4, 5) has total memory usage of 476 KB (488136 bytes) out of a max of 120575 KB (123469792 bytes)

**** Chip: (4, 6) has total memory usage of 476 KB (488136 bytes) out of a max of 120575 KB (123469792 bytes)

**** Chip: (4, 7) has total memory usage of 476 KB (488136 bytes) out of a max of 120575 KB (123469792 bytes)

**** Chip: (5, 1) has total memory usage of 476 KB (488136 bytes) out of a max of 120575 KB (123469792 bytes)

**** Chip: (5, 2) has total memory usage of 476 KB (488136 bytes) out of a max of 120575 KB (123469792 bytes)

**** Chip: (5, 3) has total memory usage of 476 KB (488136 bytes) out of a max of 120575 KB (123469792 bytes)

**** Chip: (5, 4) has total memory usage of 476 KB (488136 bytes) out of a max of 120575 KB (123469792 bytes)

**** Chip: (5, 5) has total memory usage of 476 KB (488136 bytes) out of a max of 120575 KB (123469792 bytes)

**** Chip: (5, 6) has total memory usage of 476 KB (488136 bytes) out of a max of 120575 KB (123469792 bytes)

**** Chip: (5, 7) has total memory usage of 476 KB (488136 bytes) out of a max of 120575 KB (123469792 bytes)

**** Chip: (6, 2) has total memory usage of 476 KB (488136 bytes) out of a max of 120575 KB (123469792 bytes)

**** Chip: (6, 3) has total memory usage of 476 KB (488136 bytes) out of a max of 120575 KB (123469792 bytes)

**** Chip: (6, 4) has total memory usage of 476 KB (488136 bytes) out of a max of 120575 KB (123469792 bytes)

**** Chip: (6, 5) has total memory usage of 476 KB (488136 bytes) out of a max of 120575 KB (123469792 bytes)

**** Chip: (6, 6) has total memory usage of 476 KB (488136 bytes) out of a max of 120575 KB (123469792 bytes)

**** Chip: (6, 7) has total memory usage of 476 KB (488136 bytes) out of a max of 120575 KB (123469792 bytes)

**** Chip: (7, 3) has total memory usage of 476 KB (488136 bytes) out of a max of 120575 KB (123469792 bytes)

**** Chip: (7, 4) has total memory usage of 476 KB (488136 bytes) out of a max of 120575 KB (123469792 bytes)

**** Chip: (7, 5) has total memory usage of 476 KB (488136 bytes) out of a max of 120575 KB (123469792 bytes)

**** Chip: (7, 6) has total memory usage of 476 KB (488136 bytes) out of a max of 120575 KB (123469792 bytes)

**** Chip: (7, 7) has total memory usage of 476 KB (488136 bytes) out of a max of 120575 KB (123469792 bytes)


Actual space reserved on the machine
----------------------
Based on 5788 timesteps

SDRAM reqs for core (0,0,14) is 3632 KB (3719261 bytes) for Placement(vertex=Excitatory_Cells4:0:49, x=0, y=0, p=14)
SDRAM reqs for core (1,1,2) is 3632 KB (3719261 bytes) for Placement(vertex=Excitatory_Cells4:1000:1049, x=1, y=1, p=2)
SDRAM reqs for core (0,0,16) is 3632 KB (3719261 bytes) for Placement(vertex=Excitatory_Cells4:100:149, x=0, y=0, p=16)
SDRAM reqs for core (1,1,3) is 3632 KB (3719261 bytes) for Placement(vertex=Excitatory_Cells4:1050:1099, x=1, y=1, p=3)
SDRAM reqs for core (1,1,4) is 3632 KB (3719261 bytes) for Placement(vertex=Excitatory_Cells4:1100:1149, x=1, y=1, p=4)
SDRAM reqs for core (1,1,5) is 3632 KB (3719261 bytes) for Placement(vertex=Excitatory_Cells4:1150:1199, x=1, y=1, p=5)
SDRAM reqs for core (0,0,17) is 3632 KB (3719261 bytes) for Placement(vertex=Excitatory_Cells4:150:199, x=0, y=0, p=17)
SDRAM reqs for core (1,0,2) is 3632 KB (3719261 bytes) for Placement(vertex=Excitatory_Cells4:200:249, x=1, y=0, p=2)
SDRAM reqs for core (1,0,3) is 3632 KB (3719261 bytes) for Placement(vertex=Excitatory_Cells4:250:299, x=1, y=0, p=3)
SDRAM reqs for core (1,0,4) is 3632 KB (3719261 bytes) for Placement(vertex=Excitatory_Cells4:300:349, x=1, y=0, p=4)
SDRAM reqs for core (1,0,5) is 3632 KB (3719261 bytes) for Placement(vertex=Excitatory_Cells4:350:399, x=1, y=0, p=5)
SDRAM reqs for core (1,0,6) is 3632 KB (3719261 bytes) for Placement(vertex=Excitatory_Cells4:400:449, x=1, y=0, p=6)
SDRAM reqs for core (1,0,7) is 3632 KB (3719261 bytes) for Placement(vertex=Excitatory_Cells4:450:499, x=1, y=0, p=7)
SDRAM reqs for core (1,0,8) is 3632 KB (3719261 bytes) for Placement(vertex=Excitatory_Cells4:500:549, x=1, y=0, p=8)
SDRAM reqs for core (0,0,15) is 3632 KB (3719261 bytes) for Placement(vertex=Excitatory_Cells4:50:99, x=0, y=0, p=15)
SDRAM reqs for core (1,0,9) is 3632 KB (3719261 bytes) for Placement(vertex=Excitatory_Cells4:550:599, x=1, y=0, p=9)
SDRAM reqs for core (1,0,10) is 3632 KB (3719261 bytes) for Placement(vertex=Excitatory_Cells4:600:649, x=1, y=0, p=10)
SDRAM reqs for core (1,0,11) is 3632 KB (3719261 bytes) for Placement(vertex=Excitatory_Cells4:650:699, x=1, y=0, p=11)
SDRAM reqs for core (1,0,12) is 3632 KB (3719261 bytes) for Placement(vertex=Excitatory_Cells4:700:749, x=1, y=0, p=12)
SDRAM reqs for core (1,0,13) is 3632 KB (3719261 bytes) for Placement(vertex=Excitatory_Cells4:750:799, x=1, y=0, p=13)
SDRAM reqs for core (1,0,14) is 3632 KB (3719261 bytes) for Placement(vertex=Excitatory_Cells4:800:849, x=1, y=0, p=14)
SDRAM reqs for core (1,0,15) is 3632 KB (3719261 bytes) for Placement(vertex=Excitatory_Cells4:850:899, x=1, y=0, p=15)
SDRAM reqs for core (1,0,16) is 3632 KB (3719261 bytes) for Placement(vertex=Excitatory_Cells4:900:949, x=1, y=0, p=16)
SDRAM reqs for core (1,0,17) is 3632 KB (3719261 bytes) for Placement(vertex=Excitatory_Cells4:950:999, x=1, y=0, p=17)
SDRAM reqs for core (0,0,3) is 17772 KB (18198969 bytes) for Placement(vertex=Excitatory_Cells:0:254, x=0, y=0, p=3)
SDRAM reqs for core (0,0,7) is 12608 KB (12910833 bytes) for Placement(vertex=Excitatory_Cells:1020:1199, x=0, y=0, p=7)
SDRAM reqs for core (0,0,4) is 17772 KB (18198969 bytes) for Placement(vertex=Excitatory_Cells:255:509, x=0, y=0, p=4)
SDRAM reqs for core (0,0,5) is 17772 KB (18198969 bytes) for Placement(vertex=Excitatory_Cells:510:764, x=0, y=0, p=5)
SDRAM reqs for core (0,0,6) is 17772 KB (18198969 bytes) for Placement(vertex=Excitatory_Cells:765:1019, x=0, y=0, p=6)
SDRAM reqs for core (1,1,6) is 3626 KB (3713981 bytes) for Placement(vertex=Inhibitory_Cells5:0:49, x=1, y=1, p=6)
SDRAM reqs for core (1,1,8) is 3626 KB (3713981 bytes) for Placement(vertex=Inhibitory_Cells5:100:149, x=1, y=1, p=8)
SDRAM reqs for core (1,1,9) is 3626 KB (3713981 bytes) for Placement(vertex=Inhibitory_Cells5:150:199, x=1, y=1, p=9)
SDRAM reqs for core (1,1,10) is 3626 KB (3713981 bytes) for Placement(vertex=Inhibitory_Cells5:200:249, x=1, y=1, p=10)
SDRAM reqs for core (1,1,11) is 3626 KB (3713981 bytes) for Placement(vertex=Inhibitory_Cells5:250:299, x=1, y=1, p=11)
SDRAM reqs for core (1,1,7) is 3626 KB (3713981 bytes) for Placement(vertex=Inhibitory_Cells5:50:99, x=1, y=1, p=7)
SDRAM reqs for core (0,0,8) is 17765 KB (18192105 bytes) for Placement(vertex=Inhibitory_Cells:0:254, x=0, y=0, p=8)
SDRAM reqs for core (0,0,9) is 3284 KB (3363569 bytes) for Placement(vertex=Inhibitory_Cells:255:299, x=0, y=0, p=9)
SDRAM reqs for core (0,0,1) is 476 KB (488136 bytes) for Placement(vertex=SYSTEM:ExtraMonitor, x=0, y=0, p=1)
SDRAM reqs for core (0,1,1) is 476 KB (488136 bytes) for Placement(vertex=SYSTEM:ExtraMonitor1, x=0, y=1, p=1)
SDRAM reqs for core (2,1,1) is 476 KB (488136 bytes) for Placement(vertex=SYSTEM:ExtraMonitor10, x=2, y=1, p=1)
SDRAM reqs for core (2,2,1) is 476 KB (488136 bytes) for Placement(vertex=SYSTEM:ExtraMonitor11, x=2, y=2, p=1)
SDRAM reqs for core (2,3,1) is 476 KB (488136 bytes) for Placement(vertex=SYSTEM:ExtraMonitor12, x=2, y=3, p=1)
SDRAM reqs for core (2,4,1) is 476 KB (488136 bytes) for Placement(vertex=SYSTEM:ExtraMonitor13, x=2, y=4, p=1)
SDRAM reqs for core (2,5,1) is 476 KB (488136 bytes) for Placement(vertex=SYSTEM:ExtraMonitor14, x=2, y=5, p=1)
SDRAM reqs for core (3,0,1) is 476 KB (488136 bytes) for Placement(vertex=SYSTEM:ExtraMonitor15, x=3, y=0, p=1)
SDRAM reqs for core (3,1,1) is 476 KB (488136 bytes) for Placement(vertex=SYSTEM:ExtraMonitor16, x=3, y=1, p=1)
SDRAM reqs for core (3,2,1) is 476 KB (488136 bytes) for Placement(vertex=SYSTEM:ExtraMonitor17, x=3, y=2, p=1)
SDRAM reqs for core (3,3,1) is 476 KB (488136 bytes) for Placement(vertex=SYSTEM:ExtraMonitor18, x=3, y=3, p=1)
SDRAM reqs for core (3,4,1) is 476 KB (488136 bytes) for Placement(vertex=SYSTEM:ExtraMonitor19, x=3, y=4, p=1)
SDRAM reqs for core (0,2,1) is 476 KB (488136 bytes) for Placement(vertex=SYSTEM:ExtraMonitor2, x=0, y=2, p=1)
SDRAM reqs for core (3,5,1) is 476 KB (488136 bytes) for Placement(vertex=SYSTEM:ExtraMonitor20, x=3, y=5, p=1)
SDRAM reqs for core (3,6,1) is 476 KB (488136 bytes) for Placement(vertex=SYSTEM:ExtraMonitor21, x=3, y=6, p=1)
SDRAM reqs for core (4,0,1) is 476 KB (488136 bytes) for Placement(vertex=SYSTEM:ExtraMonitor22, x=4, y=0, p=1)
SDRAM reqs for core (4,1,1) is 476 KB (488136 bytes) for Placement(vertex=SYSTEM:ExtraMonitor23, x=4, y=1, p=1)
SDRAM reqs for core (4,2,1) is 476 KB (488136 bytes) for Placement(vertex=SYSTEM:ExtraMonitor24, x=4, y=2, p=1)
SDRAM reqs for core (4,3,1) is 476 KB (488136 bytes) for Placement(vertex=SYSTEM:ExtraMonitor25, x=4, y=3, p=1)
SDRAM reqs for core (4,4,1) is 476 KB (488136 bytes) for Placement(vertex=SYSTEM:ExtraMonitor26, x=4, y=4, p=1)
SDRAM reqs for core (4,5,1) is 476 KB (488136 bytes) for Placement(vertex=SYSTEM:ExtraMonitor27, x=4, y=5, p=1)
SDRAM reqs for core (4,6,1) is 476 KB (488136 bytes) for Placement(vertex=SYSTEM:ExtraMonitor28, x=4, y=6, p=1)
SDRAM reqs for core (4,7,1) is 476 KB (488136 bytes) for Placement(vertex=SYSTEM:ExtraMonitor29, x=4, y=7, p=1)
SDRAM reqs for core (0,3,1) is 476 KB (488136 bytes) for Placement(vertex=SYSTEM:ExtraMonitor3, x=0, y=3, p=1)
SDRAM reqs for core (5,1,1) is 476 KB (488136 bytes) for Placement(vertex=SYSTEM:ExtraMonitor30, x=5, y=1, p=1)
SDRAM reqs for core (5,2,1) is 476 KB (488136 bytes) for Placement(vertex=SYSTEM:ExtraMonitor31, x=5, y=2, p=1)
SDRAM reqs for core (5,3,1) is 476 KB (488136 bytes) for Placement(vertex=SYSTEM:ExtraMonitor32, x=5, y=3, p=1)
SDRAM reqs for core (5,4,1) is 476 KB (488136 bytes) for Placement(vertex=SYSTEM:ExtraMonitor33, x=5, y=4, p=1)
SDRAM reqs for core (5,5,1) is 476 KB (488136 bytes) for Placement(vertex=SYSTEM:ExtraMonitor34, x=5, y=5, p=1)
SDRAM reqs for core (5,6,1) is 476 KB (488136 bytes) for Placement(vertex=SYSTEM:ExtraMonitor35, x=5, y=6, p=1)
SDRAM reqs for core (5,7,1) is 476 KB (488136 bytes) for Placement(vertex=SYSTEM:ExtraMonitor36, x=5, y=7, p=1)
SDRAM reqs for core (6,2,1) is 476 KB (488136 bytes) for Placement(vertex=SYSTEM:ExtraMonitor37, x=6, y=2, p=1)
SDRAM reqs for core (6,3,1) is 476 KB (488136 bytes) for Placement(vertex=SYSTEM:ExtraMonitor38, x=6, y=3, p=1)
SDRAM reqs for core (6,4,1) is 476 KB (488136 bytes) for Placement(vertex=SYSTEM:ExtraMonitor39, x=6, y=4, p=1)
SDRAM reqs for core (1,0,1) is 476 KB (488136 bytes) for Placement(vertex=SYSTEM:ExtraMonitor4, x=1, y=0, p=1)
SDRAM reqs for core (6,5,1) is 476 KB (488136 bytes) for Placement(vertex=SYSTEM:ExtraMonitor40, x=6, y=5, p=1)
SDRAM reqs for core (6,6,1) is 476 KB (488136 bytes) for Placement(vertex=SYSTEM:ExtraMonitor41, x=6, y=6, p=1)
SDRAM reqs for core (6,7,1) is 476 KB (488136 bytes) for Placement(vertex=SYSTEM:ExtraMonitor42, x=6, y=7, p=1)
SDRAM reqs for core (7,3,1) is 476 KB (488136 bytes) for Placement(vertex=SYSTEM:ExtraMonitor43, x=7, y=3, p=1)
SDRAM reqs for core (7,4,1) is 476 KB (488136 bytes) for Placement(vertex=SYSTEM:ExtraMonitor44, x=7, y=4, p=1)
SDRAM reqs for core (7,5,1) is 476 KB (488136 bytes) for Placement(vertex=SYSTEM:ExtraMonitor45, x=7, y=5, p=1)
SDRAM reqs for core (7,6,1) is 476 KB (488136 bytes) for Placement(vertex=SYSTEM:ExtraMonitor46, x=7, y=6, p=1)
SDRAM reqs for core (7,7,1) is 476 KB (488136 bytes) for Placement(vertex=SYSTEM:ExtraMonitor47, x=7, y=7, p=1)
SDRAM reqs for core (1,1,1) is 476 KB (488136 bytes) for Placement(vertex=SYSTEM:ExtraMonitor5, x=1, y=1, p=1)
SDRAM reqs for core (1,2,1) is 476 KB (488136 bytes) for Placement(vertex=SYSTEM:ExtraMonitor6, x=1, y=2, p=1)
SDRAM reqs for core (1,3,1) is 476 KB (488136 bytes) for Placement(vertex=SYSTEM:ExtraMonitor7, x=1, y=3, p=1)
SDRAM reqs for core (1,4,1) is 476 KB (488136 bytes) for Placement(vertex=SYSTEM:ExtraMonitor8, x=1, y=4, p=1)
SDRAM reqs for core (2,0,1) is 476 KB (488136 bytes) for Placement(vertex=SYSTEM:ExtraMonitor9, x=2, y=0, p=1)
SDRAM reqs for core (0,0,2) is 459 KB (470200 bytes) for Placement(vertex=SYSTEM:PacketGatherer(0,0), x=0, y=0, p=2)
SDRAM reqs for core (0,0,11) is 114 KB (116844.0 bytes) for Placement(vertex=expoisson1:0:19, x=0, y=0, p=11)
SDRAM reqs for core (0,0,12) is 114 KB (116844.0 bytes) for Placement(vertex=expoisson2:0:19, x=0, y=0, p=12)
SDRAM reqs for core (0,0,13) is 114 KB (116844.0 bytes) for Placement(vertex=expoisson3:0:19, x=0, y=0, p=13)
SDRAM reqs for core (1,1,12) is 114 KB (116844.0 bytes) for Placement(vertex=expoisson6:0:19, x=1, y=1, p=12)
SDRAM reqs for core (0,0,10) is 0 KB (984 bytes) for Placement(vertex=expoisson:0:19, x=0, y=0, p=10)
**** Chip: (0, 0) has total memory usage of 120555 KB (123449279.0 bytes) out of a max of 120575 KB (123469792 bytes)

**** Chip: (0, 1) has total memory usage of 476 KB (488136 bytes) out of a max of 120575 KB (123469792 bytes)

**** Chip: (0, 2) has total memory usage of 476 KB (488136 bytes) out of a max of 120575 KB (123469792 bytes)

**** Chip: (0, 3) has total memory usage of 476 KB (488136 bytes) out of a max of 120575 KB (123469792 bytes)

**** Chip: (1, 0) has total memory usage of 58590 KB (59996312 bytes) out of a max of 120575 KB (123469792 bytes)

**** Chip: (1, 1) has total memory usage of 36880 KB (37765910.0 bytes) out of a max of 120575 KB (123469792 bytes)

**** Chip: (1, 2) has total memory usage of 476 KB (488136 bytes) out of a max of 120575 KB (123469792 bytes)

**** Chip: (1, 3) has total memory usage of 476 KB (488136 bytes) out of a max of 120575 KB (123469792 bytes)

**** Chip: (1, 4) has total memory usage of 476 KB (488136 bytes) out of a max of 120575 KB (123469792 bytes)

**** Chip: (2, 0) has total memory usage of 476 KB (488136 bytes) out of a max of 120575 KB (123469792 bytes)

**** Chip: (2, 1) has total memory usage of 476 KB (488136 bytes) out of a max of 120575 KB (123469792 bytes)

**** Chip: (2, 2) has total memory usage of 476 KB (488136 bytes) out of a max of 120575 KB (123469792 bytes)

**** Chip: (2, 3) has total memory usage of 476 KB (488136 bytes) out of a max of 120575 KB (123469792 bytes)

**** Chip: (2, 4) has total memory usage of 476 KB (488136 bytes) out of a max of 120575 KB (123469792 bytes)

**** Chip: (2, 5) has total memory usage of 476 KB (488136 bytes) out of a max of 120575 KB (123469792 bytes)

**** Chip: (3, 0) has total memory usage of 476 KB (488136 bytes) out of a max of 120575 KB (123469792 bytes)

**** Chip: (3, 1) has total memory usage of 476 KB (488136 bytes) out of a max of 120575 KB (123469792 bytes)

**** Chip: (3, 2) has total memory usage of 476 KB (488136 bytes) out of a max of 120575 KB (123469792 bytes)

**** Chip: (3, 3) has total memory usage of 476 KB (488136 bytes) out of a max of 120575 KB (123469792 bytes)

**** Chip: (3, 4) has total memory usage of 476 KB (488136 bytes) out of a max of 120575 KB (123469792 bytes)

**** Chip: (3, 5) has total memory usage of 476 KB (488136 bytes) out of a max of 120575 KB (123469792 bytes)

**** Chip: (3, 6) has total memory usage of 476 KB (488136 bytes) out of a max of 120575 KB (123469792 bytes)

**** Chip: (4, 0) has total memory usage of 476 KB (488136 bytes) out of a max of 120575 KB (123469792 bytes)

**** Chip: (4, 1) has total memory usage of 476 KB (488136 bytes) out of a max of 120575 KB (123469792 bytes)

**** Chip: (4, 2) has total memory usage of 476 KB (488136 bytes) out of a max of 120575 KB (123469792 bytes)

**** Chip: (4, 3) has total memory usage of 476 KB (488136 bytes) out of a max of 120575 KB (123469792 bytes)

**** Chip: (4, 4) has total memory usage of 476 KB (488136 bytes) out of a max of 120575 KB (123469792 bytes)

**** Chip: (4, 5) has total memory usage of 476 KB (488136 bytes) out of a max of 120575 KB (123469792 bytes)

**** Chip: (4, 6) has total memory usage of 476 KB (488136 bytes) out of a max of 120575 KB (123469792 bytes)

**** Chip: (4, 7) has total memory usage of 476 KB (488136 bytes) out of a max of 120575 KB (123469792 bytes)

**** Chip: (5, 1) has total memory usage of 476 KB (488136 bytes) out of a max of 120575 KB (123469792 bytes)

**** Chip: (5, 2) has total memory usage of 476 KB (488136 bytes) out of a max of 120575 KB (123469792 bytes)

**** Chip: (5, 3) has total memory usage of 476 KB (488136 bytes) out of a max of 120575 KB (123469792 bytes)

**** Chip: (5, 4) has total memory usage of 476 KB (488136 bytes) out of a max of 120575 KB (123469792 bytes)

**** Chip: (5, 5) has total memory usage of 476 KB (488136 bytes) out of a max of 120575 KB (123469792 bytes)

**** Chip: (5, 6) has total memory usage of 476 KB (488136 bytes) out of a max of 120575 KB (123469792 bytes)

**** Chip: (5, 7) has total memory usage of 476 KB (488136 bytes) out of a max of 120575 KB (123469792 bytes)

**** Chip: (6, 2) has total memory usage of 476 KB (488136 bytes) out of a max of 120575 KB (123469792 bytes)

**** Chip: (6, 3) has total memory usage of 476 KB (488136 bytes) out of a max of 120575 KB (123469792 bytes)

**** Chip: (6, 4) has total memory usage of 476 KB (488136 bytes) out of a max of 120575 KB (123469792 bytes)

**** Chip: (6, 5) has total memory usage of 476 KB (488136 bytes) out of a max of 120575 KB (123469792 bytes)

**** Chip: (6, 6) has total memory usage of 476 KB (488136 bytes) out of a max of 120575 KB (123469792 bytes)

**** Chip: (6, 7) has total memory usage of 476 KB (488136 bytes) out of a max of 120575 KB (123469792 bytes)

**** Chip: (7, 3) has total memory usage of 476 KB (488136 bytes) out of a max of 120575 KB (123469792 bytes)

**** Chip: (7, 4) has total memory usage of 476 KB (488136 bytes) out of a max of 120575 KB (123469792 bytes)

**** Chip: (7, 5) has total memory usage of 476 KB (488136 bytes) out of a max of 120575 KB (123469792 bytes)

**** Chip: (7, 6) has total memory usage of 476 KB (488136 bytes) out of a max of 120575 KB (123469792 bytes)

**** Chip: (7, 7) has total memory usage of 476 KB (488136 bytes) out of a max of 120575 KB (123469792 bytes)

