Vertex: Excitatory_Cells:0:254
    Partition: SPIKE, Routing Info: [KeyAndMask:0x0:0xffffff00]
Vertex: Excitatory_Cells:255:509
    Partition: SPIKE, Routing Info: [KeyAndMask:0x100:0xffffff00]
Vertex: Excitatory_Cells:510:764
    Partition: SPIKE, Routing Info: [KeyAndMask:0x200:0xffffff00]
Vertex: Excitatory_Cells:765:1019
    Partition: SPIKE, Routing Info: [KeyAndMask:0x300:0xffffff00]
Vertex: Excitatory_Cells:1020:1199
    Partition: SPIKE, Routing Info: [KeyAndMask:0x400:0xffffff00]
Vertex: Inhibitory_Cells:0:254
    Partition: SPIKE, Routing Info: [KeyAndMask:0x500:0xffffff00]
Vertex: Inhibitory_Cells:255:299
    Partition: SPIKE, Routing Info: [KeyAndMask:0x600:0xffffffc0]
Vertex: expoisson:0:19
Vertex: expoisson1:0:19
    Partition: SPIKE, Routing Info: [KeyAndMask:0x640:0xffffffe0]
Vertex: expoisson2:0:19
    Partition: SPIKE, Routing Info: [KeyAndMask:0x660:0xffffffe0]
Vertex: expoisson3:0:19
    Partition: SPIKE, Routing Info: [KeyAndMask:0x680:0xffffffe0]
Vertex: Excitatory_Cells4:0:49
    Partition: SPIKE, Routing Info: [KeyAndMask:0x6c0:0xffffffc0]
Vertex: Excitatory_Cells4:50:99
    Partition: SPIKE, Routing Info: [KeyAndMask:0x700:0xffffffc0]
Vertex: Excitatory_Cells4:100:149
    Partition: SPIKE, Routing Info: [KeyAndMask:0x740:0xffffffc0]
Vertex: Excitatory_Cells4:150:199
    Partition: SPIKE, Routing Info: [KeyAndMask:0x780:0xffffffc0]
Vertex: Excitatory_Cells4:200:249
    Partition: SPIKE, Routing Info: [KeyAndMask:0x7c0:0xffffffc0]
Vertex: Excitatory_Cells4:250:299
    Partition: SPIKE, Routing Info: [KeyAndMask:0x800:0xffffffc0]
Vertex: Excitatory_Cells4:300:349
    Partition: SPIKE, Routing Info: [KeyAndMask:0x840:0xffffffc0]
Vertex: Excitatory_Cells4:350:399
    Partition: SPIKE, Routing Info: [KeyAndMask:0x880:0xffffffc0]
Vertex: Excitatory_Cells4:400:449
    Partition: SPIKE, Routing Info: [KeyAndMask:0x8c0:0xffffffc0]
Vertex: Excitatory_Cells4:450:499
    Partition: SPIKE, Routing Info: [KeyAndMask:0x900:0xffffffc0]
Vertex: Excitatory_Cells4:500:549
    Partition: SPIKE, Routing Info: [KeyAndMask:0x940:0xffffffc0]
Vertex: Excitatory_Cells4:550:599
    Partition: SPIKE, Routing Info: [KeyAndMask:0x980:0xffffffc0]
Vertex: Excitatory_Cells4:600:649
    Partition: SPIKE, Routing Info: [KeyAndMask:0x9c0:0xffffffc0]
Vertex: Excitatory_Cells4:650:699
    Partition: SPIKE, Routing Info: [KeyAndMask:0xa00:0xffffffc0]
Vertex: Excitatory_Cells4:700:749
    Partition: SPIKE, Routing Info: [KeyAndMask:0xa40:0xffffffc0]
Vertex: Excitatory_Cells4:750:799
    Partition: SPIKE, Routing Info: [KeyAndMask:0xa80:0xffffffc0]
Vertex: Excitatory_Cells4:800:849
    Partition: SPIKE, Routing Info: [KeyAndMask:0xac0:0xffffffc0]
Vertex: Excitatory_Cells4:850:899
    Partition: SPIKE, Routing Info: [KeyAndMask:0xb00:0xffffffc0]
Vertex: Excitatory_Cells4:900:949
    Partition: SPIKE, Routing Info: [KeyAndMask:0xb40:0xffffffc0]
Vertex: Excitatory_Cells4:950:999
    Partition: SPIKE, Routing Info: [KeyAndMask:0xb80:0xffffffc0]
Vertex: Excitatory_Cells4:1000:1049
    Partition: SPIKE, Routing Info: [KeyAndMask:0xbc0:0xffffffc0]
Vertex: Excitatory_Cells4:1050:1099
    Partition: SPIKE, Routing Info: [KeyAndMask:0xc00:0xffffffc0]
Vertex: Excitatory_Cells4:1100:1149
    Partition: SPIKE, Routing Info: [KeyAndMask:0xc40:0xffffffc0]
Vertex: Excitatory_Cells4:1150:1199
    Partition: SPIKE, Routing Info: [KeyAndMask:0xc80:0xffffffc0]
Vertex: Inhibitory_Cells5:0:49
    Partition: SPIKE, Routing Info: [KeyAndMask:0xcc0:0xffffffc0]
Vertex: Inhibitory_Cells5:50:99
    Partition: SPIKE, Routing Info: [KeyAndMask:0xd00:0xffffffc0]
Vertex: Inhibitory_Cells5:100:149
    Partition: SPIKE, Routing Info: [KeyAndMask:0xd40:0xffffffc0]
Vertex: Inhibitory_Cells5:150:199
    Partition: SPIKE, Routing Info: [KeyAndMask:0xd80:0xffffffc0]
Vertex: Inhibitory_Cells5:200:249
    Partition: SPIKE, Routing Info: [KeyAndMask:0xdc0:0xffffffc0]
Vertex: Inhibitory_Cells5:250:299
    Partition: SPIKE, Routing Info: [KeyAndMask:0xe00:0xffffffc0]
Vertex: expoisson6:0:19
    Partition: SPIKE, Routing Info: [KeyAndMask:0x6a0:0xffffffe0]
Vertex: SYSTEM:ExtraMonitor
Vertex: SYSTEM:ExtraMonitor1
Vertex: SYSTEM:ExtraMonitor2
Vertex: SYSTEM:ExtraMonitor3
Vertex: SYSTEM:ExtraMonitor4
Vertex: SYSTEM:ExtraMonitor5
Vertex: SYSTEM:ExtraMonitor6
Vertex: SYSTEM:ExtraMonitor7
Vertex: SYSTEM:ExtraMonitor8
Vertex: SYSTEM:ExtraMonitor9
Vertex: SYSTEM:ExtraMonitor10
Vertex: SYSTEM:ExtraMonitor11
Vertex: SYSTEM:ExtraMonitor12
Vertex: SYSTEM:ExtraMonitor13
Vertex: SYSTEM:ExtraMonitor14
Vertex: SYSTEM:ExtraMonitor15
Vertex: SYSTEM:ExtraMonitor16
Vertex: SYSTEM:ExtraMonitor17
Vertex: SYSTEM:ExtraMonitor18
Vertex: SYSTEM:ExtraMonitor19
Vertex: SYSTEM:ExtraMonitor20
Vertex: SYSTEM:ExtraMonitor21
Vertex: SYSTEM:ExtraMonitor22
Vertex: SYSTEM:ExtraMonitor23
Vertex: SYSTEM:ExtraMonitor24
Vertex: SYSTEM:ExtraMonitor25
Vertex: SYSTEM:ExtraMonitor26
Vertex: SYSTEM:ExtraMonitor27
Vertex: SYSTEM:ExtraMonitor28
Vertex: SYSTEM:ExtraMonitor29
Vertex: SYSTEM:ExtraMonitor30
Vertex: SYSTEM:ExtraMonitor31
Vertex: SYSTEM:ExtraMonitor32
Vertex: SYSTEM:ExtraMonitor33
Vertex: SYSTEM:ExtraMonitor34
Vertex: SYSTEM:ExtraMonitor35
Vertex: SYSTEM:ExtraMonitor36
Vertex: SYSTEM:ExtraMonitor37
Vertex: SYSTEM:ExtraMonitor38
Vertex: SYSTEM:ExtraMonitor39
Vertex: SYSTEM:ExtraMonitor40
Vertex: SYSTEM:ExtraMonitor41
Vertex: SYSTEM:ExtraMonitor42
Vertex: SYSTEM:ExtraMonitor43
Vertex: SYSTEM:ExtraMonitor44
Vertex: SYSTEM:ExtraMonitor45
Vertex: SYSTEM:ExtraMonitor46
Vertex: SYSTEM:ExtraMonitor47
Vertex: SYSTEM:PacketGatherer(0,0)
