        Memory Usage by Core
        ====================

Generated: Mon Jan  3 12:25:38 2022 for target machine '10.11.193.65'

Planned by partitioner
----------------------
Based on 1000 timesteps

SDRAM reqs for core (1,0,6) is 3054 KB (3127848 bytes) for Placement(vertex=Exc3:0:254, x=1, y=0, p=6)
SDRAM reqs for core (1,0,7) is 3054 KB (3127848 bytes) for Placement(vertex=Exc3:255:509, x=1, y=0, p=7)
SDRAM reqs for core (1,0,8) is 3054 KB (3127848 bytes) for Placement(vertex=Exc3:510:764, x=1, y=0, p=8)
SDRAM reqs for core (1,0,9) is 2818 KB (2886328 bytes) for Placement(vertex=Exc3:765:999, x=1, y=0, p=9)
SDRAM reqs for core (1,0,10) is 3054 KB (3127848 bytes) for Placement(vertex=Exc4:0:254, x=1, y=0, p=10)
SDRAM reqs for core (1,0,11) is 3054 KB (3127848 bytes) for Placement(vertex=Exc4:255:509, x=1, y=0, p=11)
SDRAM reqs for core (1,0,12) is 3054 KB (3127848 bytes) for Placement(vertex=Exc4:510:764, x=1, y=0, p=12)
SDRAM reqs for core (1,0,13) is 2818 KB (2886328 bytes) for Placement(vertex=Exc4:765:999, x=1, y=0, p=13)
SDRAM reqs for core (0,0,5) is 302 KB (309417 bytes) for Placement(vertex=Exc5:0:254, x=0, y=0, p=5)
SDRAM reqs for core (1,0,14) is 360 KB (369097 bytes) for Placement(vertex=Exc5:255:509, x=1, y=0, p=14)
SDRAM reqs for core (1,0,15) is 465 KB (477097 bytes) for Placement(vertex=Exc5:510:764, x=1, y=0, p=15)
SDRAM reqs for core (1,0,16) is 109 KB (112377 bytes) for Placement(vertex=Exc5:765:799, x=1, y=0, p=16)
SDRAM reqs for core (0,0,6) is 3054 KB (3127848 bytes) for Placement(vertex=Exc:0:254, x=0, y=0, p=6)
SDRAM reqs for core (0,0,7) is 3054 KB (3127848 bytes) for Placement(vertex=Exc:255:509, x=0, y=0, p=7)
SDRAM reqs for core (0,0,8) is 3054 KB (3127848 bytes) for Placement(vertex=Exc:510:764, x=0, y=0, p=8)
SDRAM reqs for core (0,0,9) is 2818 KB (2886328 bytes) for Placement(vertex=Exc:765:999, x=0, y=0, p=9)
SDRAM reqs for core (0,0,14) is 3054 KB (3127848 bytes) for Placement(vertex=Inh1:0:254, x=0, y=0, p=14)
SDRAM reqs for core (0,0,15) is 3054 KB (3127848 bytes) for Placement(vertex=Inh1:255:509, x=0, y=0, p=15)
SDRAM reqs for core (0,0,16) is 3054 KB (3127848 bytes) for Placement(vertex=Inh1:510:764, x=0, y=0, p=16)
SDRAM reqs for core (0,0,17) is 2818 KB (2886328 bytes) for Placement(vertex=Inh1:765:999, x=0, y=0, p=17)
SDRAM reqs for core (1,0,2) is 3054 KB (3127848 bytes) for Placement(vertex=Inh2:0:254, x=1, y=0, p=2)
SDRAM reqs for core (1,0,3) is 3054 KB (3127848 bytes) for Placement(vertex=Inh2:255:509, x=1, y=0, p=3)
SDRAM reqs for core (1,0,4) is 3054 KB (3127848 bytes) for Placement(vertex=Inh2:510:764, x=1, y=0, p=4)
SDRAM reqs for core (1,0,5) is 2818 KB (2886328 bytes) for Placement(vertex=Inh2:765:999, x=1, y=0, p=5)
SDRAM reqs for core (1,0,17) is 2402 KB (2459664 bytes) for Placement(vertex=Inh6:0:199, x=1, y=0, p=17)
SDRAM reqs for core (0,0,3) is 342 KB (350281 bytes) for Placement(vertex=Inh7:0:199, x=0, y=0, p=3)
SDRAM reqs for core (0,0,4) is 0 KB (136 bytes) for Placement(vertex=Inh7_delayed:0:199, x=0, y=0, p=4)
SDRAM reqs for core (0,0,10) is 3054 KB (3127848 bytes) for Placement(vertex=Inh:0:254, x=0, y=0, p=10)
SDRAM reqs for core (0,0,11) is 3054 KB (3127848 bytes) for Placement(vertex=Inh:255:509, x=0, y=0, p=11)
SDRAM reqs for core (0,0,12) is 3054 KB (3127848 bytes) for Placement(vertex=Inh:510:764, x=0, y=0, p=12)
SDRAM reqs for core (0,0,13) is 2818 KB (2886328 bytes) for Placement(vertex=Inh:765:999, x=0, y=0, p=13)
SDRAM reqs for core (0,0,1) is 476 KB (488136 bytes) for Placement(vertex=SYSTEM:ExtraMonitor, x=0, y=0, p=1)
SDRAM reqs for core (0,1,1) is 476 KB (488136 bytes) for Placement(vertex=SYSTEM:ExtraMonitor1, x=0, y=1, p=1)
SDRAM reqs for core (2,1,1) is 476 KB (488136 bytes) for Placement(vertex=SYSTEM:ExtraMonitor10, x=2, y=1, p=1)
SDRAM reqs for core (2,2,1) is 476 KB (488136 bytes) for Placement(vertex=SYSTEM:ExtraMonitor11, x=2, y=2, p=1)
SDRAM reqs for core (2,3,1) is 476 KB (488136 bytes) for Placement(vertex=SYSTEM:ExtraMonitor12, x=2, y=3, p=1)
SDRAM reqs for core (2,4,1) is 476 KB (488136 bytes) for Placement(vertex=SYSTEM:ExtraMonitor13, x=2, y=4, p=1)
SDRAM reqs for core (2,5,1) is 476 KB (488136 bytes) for Placement(vertex=SYSTEM:ExtraMonitor14, x=2, y=5, p=1)
SDRAM reqs for core (3,0,1) is 476 KB (488136 bytes) for Placement(vertex=SYSTEM:ExtraMonitor15, x=3, y=0, p=1)
SDRAM reqs for core (3,1,1) is 476 KB (488136 bytes) for Placement(vertex=SYSTEM:ExtraMonitor16, x=3, y=1, p=1)
SDRAM reqs for core (3,2,1) is 476 KB (488136 bytes) for Placement(vertex=SYSTEM:ExtraMonitor17, x=3, y=2, p=1)
SDRAM reqs for core (3,3,1) is 476 KB (488136 bytes) for Placement(vertex=SYSTEM:ExtraMonitor18, x=3, y=3, p=1)
SDRAM reqs for core (3,4,1) is 476 KB (488136 bytes) for Placement(vertex=SYSTEM:ExtraMonitor19, x=3, y=4, p=1)
SDRAM reqs for core (0,2,1) is 476 KB (488136 bytes) for Placement(vertex=SYSTEM:ExtraMonitor2, x=0, y=2, p=1)
SDRAM reqs for core (3,5,1) is 476 KB (488136 bytes) for Placement(vertex=SYSTEM:ExtraMonitor20, x=3, y=5, p=1)
SDRAM reqs for core (3,6,1) is 476 KB (488136 bytes) for Placement(vertex=SYSTEM:ExtraMonitor21, x=3, y=6, p=1)
SDRAM reqs for core (4,0,1) is 476 KB (488136 bytes) for Placement(vertex=SYSTEM:ExtraMonitor22, x=4, y=0, p=1)
SDRAM reqs for core (4,1,1) is 476 KB (488136 bytes) for Placement(vertex=SYSTEM:ExtraMonitor23, x=4, y=1, p=1)
SDRAM reqs for core (4,2,1) is 476 KB (488136 bytes) for Placement(vertex=SYSTEM:ExtraMonitor24, x=4, y=2, p=1)
SDRAM reqs for core (4,3,1) is 476 KB (488136 bytes) for Placement(vertex=SYSTEM:ExtraMonitor25, x=4, y=3, p=1)
SDRAM reqs for core (4,4,1) is 476 KB (488136 bytes) for Placement(vertex=SYSTEM:ExtraMonitor26, x=4, y=4, p=1)
SDRAM reqs for core (4,5,1) is 476 KB (488136 bytes) for Placement(vertex=SYSTEM:ExtraMonitor27, x=4, y=5, p=1)
SDRAM reqs for core (4,6,1) is 476 KB (488136 bytes) for Placement(vertex=SYSTEM:ExtraMonitor28, x=4, y=6, p=1)
SDRAM reqs for core (4,7,1) is 476 KB (488136 bytes) for Placement(vertex=SYSTEM:ExtraMonitor29, x=4, y=7, p=1)
SDRAM reqs for core (0,3,1) is 476 KB (488136 bytes) for Placement(vertex=SYSTEM:ExtraMonitor3, x=0, y=3, p=1)
SDRAM reqs for core (5,1,1) is 476 KB (488136 bytes) for Placement(vertex=SYSTEM:ExtraMonitor30, x=5, y=1, p=1)
SDRAM reqs for core (5,2,1) is 476 KB (488136 bytes) for Placement(vertex=SYSTEM:ExtraMonitor31, x=5, y=2, p=1)
SDRAM reqs for core (5,3,1) is 476 KB (488136 bytes) for Placement(vertex=SYSTEM:ExtraMonitor32, x=5, y=3, p=1)
SDRAM reqs for core (5,4,1) is 476 KB (488136 bytes) for Placement(vertex=SYSTEM:ExtraMonitor33, x=5, y=4, p=1)
SDRAM reqs for core (5,5,1) is 476 KB (488136 bytes) for Placement(vertex=SYSTEM:ExtraMonitor34, x=5, y=5, p=1)
SDRAM reqs for core (5,6,1) is 476 KB (488136 bytes) for Placement(vertex=SYSTEM:ExtraMonitor35, x=5, y=6, p=1)
SDRAM reqs for core (5,7,1) is 476 KB (488136 bytes) for Placement(vertex=SYSTEM:ExtraMonitor36, x=5, y=7, p=1)
SDRAM reqs for core (6,2,1) is 476 KB (488136 bytes) for Placement(vertex=SYSTEM:ExtraMonitor37, x=6, y=2, p=1)
SDRAM reqs for core (6,3,1) is 476 KB (488136 bytes) for Placement(vertex=SYSTEM:ExtraMonitor38, x=6, y=3, p=1)
SDRAM reqs for core (6,4,1) is 476 KB (488136 bytes) for Placement(vertex=SYSTEM:ExtraMonitor39, x=6, y=4, p=1)
SDRAM reqs for core (1,0,1) is 476 KB (488136 bytes) for Placement(vertex=SYSTEM:ExtraMonitor4, x=1, y=0, p=1)
SDRAM reqs for core (6,5,1) is 476 KB (488136 bytes) for Placement(vertex=SYSTEM:ExtraMonitor40, x=6, y=5, p=1)
SDRAM reqs for core (6,6,1) is 476 KB (488136 bytes) for Placement(vertex=SYSTEM:ExtraMonitor41, x=6, y=6, p=1)
SDRAM reqs for core (6,7,1) is 476 KB (488136 bytes) for Placement(vertex=SYSTEM:ExtraMonitor42, x=6, y=7, p=1)
SDRAM reqs for core (7,3,1) is 476 KB (488136 bytes) for Placement(vertex=SYSTEM:ExtraMonitor43, x=7, y=3, p=1)
SDRAM reqs for core (7,4,1) is 476 KB (488136 bytes) for Placement(vertex=SYSTEM:ExtraMonitor44, x=7, y=4, p=1)
SDRAM reqs for core (7,5,1) is 476 KB (488136 bytes) for Placement(vertex=SYSTEM:ExtraMonitor45, x=7, y=5, p=1)
SDRAM reqs for core (7,6,1) is 476 KB (488136 bytes) for Placement(vertex=SYSTEM:ExtraMonitor46, x=7, y=6, p=1)
SDRAM reqs for core (7,7,1) is 476 KB (488136 bytes) for Placement(vertex=SYSTEM:ExtraMonitor47, x=7, y=7, p=1)
SDRAM reqs for core (1,1,1) is 476 KB (488136 bytes) for Placement(vertex=SYSTEM:ExtraMonitor5, x=1, y=1, p=1)
SDRAM reqs for core (1,2,1) is 476 KB (488136 bytes) for Placement(vertex=SYSTEM:ExtraMonitor6, x=1, y=2, p=1)
SDRAM reqs for core (1,3,1) is 476 KB (488136 bytes) for Placement(vertex=SYSTEM:ExtraMonitor7, x=1, y=3, p=1)
SDRAM reqs for core (1,4,1) is 476 KB (488136 bytes) for Placement(vertex=SYSTEM:ExtraMonitor8, x=1, y=4, p=1)
SDRAM reqs for core (2,0,1) is 476 KB (488136 bytes) for Placement(vertex=SYSTEM:ExtraMonitor9, x=2, y=0, p=1)
SDRAM reqs for core (0,0,2) is 459 KB (470200 bytes) for Placement(vertex=SYSTEM:PacketGatherer(0,0), x=0, y=0, p=2)
SDRAM reqs for core (1,1,3) is 103 KB (106338 bytes) for Placement(vertex=Thalamus8:0:799, x=1, y=1, p=3)
SDRAM reqs for core (1,1,2) is 84 KB (86318 bytes) for Placement(vertex=Thalamus:0:799, x=1, y=1, p=2)
**** Chip: (0, 0) has total memory usage of 37527 KB (38427786 bytes) out of a max of 120575 KB (123469792 bytes)

**** Chip: (0, 1) has total memory usage of 476 KB (488136 bytes) out of a max of 120575 KB (123469792 bytes)

**** Chip: (0, 2) has total memory usage of 476 KB (488136 bytes) out of a max of 120575 KB (123469792 bytes)

**** Chip: (0, 3) has total memory usage of 476 KB (488136 bytes) out of a max of 120575 KB (123469792 bytes)

**** Chip: (1, 0) has total memory usage of 39761 KB (40715987 bytes) out of a max of 120575 KB (123469792 bytes)

**** Chip: (1, 1) has total memory usage of 664 KB (680792 bytes) out of a max of 120575 KB (123469792 bytes)

**** Chip: (1, 2) has total memory usage of 476 KB (488136 bytes) out of a max of 120575 KB (123469792 bytes)

**** Chip: (1, 3) has total memory usage of 476 KB (488136 bytes) out of a max of 120575 KB (123469792 bytes)

**** Chip: (1, 4) has total memory usage of 476 KB (488136 bytes) out of a max of 120575 KB (123469792 bytes)

**** Chip: (2, 0) has total memory usage of 476 KB (488136 bytes) out of a max of 120575 KB (123469792 bytes)

**** Chip: (2, 1) has total memory usage of 476 KB (488136 bytes) out of a max of 120575 KB (123469792 bytes)

**** Chip: (2, 2) has total memory usage of 476 KB (488136 bytes) out of a max of 120575 KB (123469792 bytes)

**** Chip: (2, 3) has total memory usage of 476 KB (488136 bytes) out of a max of 120575 KB (123469792 bytes)

**** Chip: (2, 4) has total memory usage of 476 KB (488136 bytes) out of a max of 120575 KB (123469792 bytes)

**** Chip: (2, 5) has total memory usage of 476 KB (488136 bytes) out of a max of 120575 KB (123469792 bytes)

**** Chip: (3, 0) has total memory usage of 476 KB (488136 bytes) out of a max of 120575 KB (123469792 bytes)

**** Chip: (3, 1) has total memory usage of 476 KB (488136 bytes) out of a max of 120575 KB (123469792 bytes)

**** Chip: (3, 2) has total memory usage of 476 KB (488136 bytes) out of a max of 120575 KB (123469792 bytes)

**** Chip: (3, 3) has total memory usage of 476 KB (488136 bytes) out of a max of 120575 KB (123469792 bytes)

**** Chip: (3, 4) has total memory usage of 476 KB (488136 bytes) out of a max of 120575 KB (123469792 bytes)

**** Chip: (3, 5) has total memory usage of 476 KB (488136 bytes) out of a max of 120575 KB (123469792 bytes)

**** Chip: (3, 6) has total memory usage of 476 KB (488136 bytes) out of a max of 120575 KB (123469792 bytes)

**** Chip: (4, 0) has total memory usage of 476 KB (488136 bytes) out of a max of 120575 KB (123469792 bytes)

**** Chip: (4, 1) has total memory usage of 476 KB (488136 bytes) out of a max of 120575 KB (123469792 bytes)

**** Chip: (4, 2) has total memory usage of 476 KB (488136 bytes) out of a max of 120575 KB (123469792 bytes)

**** Chip: (4, 3) has total memory usage of 476 KB (488136 bytes) out of a max of 120575 KB (123469792 bytes)

**** Chip: (4, 4) has total memory usage of 476 KB (488136 bytes) out of a max of 120575 KB (123469792 bytes)

**** Chip: (4, 5) has total memory usage of 476 KB (488136 bytes) out of a max of 120575 KB (123469792 bytes)

**** Chip: (4, 6) has total memory usage of 476 KB (488136 bytes) out of a max of 120575 KB (123469792 bytes)

**** Chip: (4, 7) has total memory usage of 476 KB (488136 bytes) out of a max of 120575 KB (123469792 bytes)

**** Chip: (5, 1) has total memory usage of 476 KB (488136 bytes) out of a max of 120575 KB (123469792 bytes)

**** Chip: (5, 2) has total memory usage of 476 KB (488136 bytes) out of a max of 120575 KB (123469792 bytes)

**** Chip: (5, 3) has total memory usage of 476 KB (488136 bytes) out of a max of 120575 KB (123469792 bytes)

**** Chip: (5, 4) has total memory usage of 476 KB (488136 bytes) out of a max of 120575 KB (123469792 bytes)

**** Chip: (5, 5) has total memory usage of 476 KB (488136 bytes) out of a max of 120575 KB (123469792 bytes)

**** Chip: (5, 6) has total memory usage of 476 KB (488136 bytes) out of a max of 120575 KB (123469792 bytes)

**** Chip: (5, 7) has total memory usage of 476 KB (488136 bytes) out of a max of 120575 KB (123469792 bytes)

**** Chip: (6, 2) has total memory usage of 476 KB (488136 bytes) out of a max of 120575 KB (123469792 bytes)

**** Chip: (6, 3) has total memory usage of 476 KB (488136 bytes) out of a max of 120575 KB (123469792 bytes)

**** Chip: (6, 4) has total memory usage of 476 KB (488136 bytes) out of a max of 120575 KB (123469792 bytes)

**** Chip: (6, 5) has total memory usage of 476 KB (488136 bytes) out of a max of 120575 KB (123469792 bytes)

**** Chip: (6, 6) has total memory usage of 476 KB (488136 bytes) out of a max of 120575 KB (123469792 bytes)

**** Chip: (6, 7) has total memory usage of 476 KB (488136 bytes) out of a max of 120575 KB (123469792 bytes)

**** Chip: (7, 3) has total memory usage of 476 KB (488136 bytes) out of a max of 120575 KB (123469792 bytes)

**** Chip: (7, 4) has total memory usage of 476 KB (488136 bytes) out of a max of 120575 KB (123469792 bytes)

**** Chip: (7, 5) has total memory usage of 476 KB (488136 bytes) out of a max of 120575 KB (123469792 bytes)

**** Chip: (7, 6) has total memory usage of 476 KB (488136 bytes) out of a max of 120575 KB (123469792 bytes)

**** Chip: (7, 7) has total memory usage of 476 KB (488136 bytes) out of a max of 120575 KB (123469792 bytes)


Actual space reserved on the machine
----------------------
Based on 3080 timesteps

SDRAM reqs for core (1,0,6) is 9367 KB (9592488 bytes) for Placement(vertex=Exc3:0:254, x=1, y=0, p=6)
SDRAM reqs for core (1,0,7) is 9367 KB (9592488 bytes) for Placement(vertex=Exc3:255:509, x=1, y=0, p=7)
SDRAM reqs for core (1,0,8) is 9367 KB (9592488 bytes) for Placement(vertex=Exc3:510:764, x=1, y=0, p=8)
SDRAM reqs for core (1,0,9) is 8644 KB (8851768 bytes) for Placement(vertex=Exc3:765:999, x=1, y=0, p=9)
SDRAM reqs for core (1,0,10) is 9367 KB (9592488 bytes) for Placement(vertex=Exc4:0:254, x=1, y=0, p=10)
SDRAM reqs for core (1,0,11) is 9367 KB (9592488 bytes) for Placement(vertex=Exc4:255:509, x=1, y=0, p=11)
SDRAM reqs for core (1,0,12) is 9367 KB (9592488 bytes) for Placement(vertex=Exc4:510:764, x=1, y=0, p=12)
SDRAM reqs for core (1,0,13) is 8644 KB (8851768 bytes) for Placement(vertex=Exc4:765:999, x=1, y=0, p=13)
SDRAM reqs for core (0,0,5) is 757 KB (775337 bytes) for Placement(vertex=Exc5:0:254, x=0, y=0, p=5)
SDRAM reqs for core (1,0,14) is 961 KB (984777 bytes) for Placement(vertex=Exc5:255:509, x=1, y=0, p=14)
SDRAM reqs for core (1,0,15) is 1286 KB (1317417 bytes) for Placement(vertex=Exc5:510:764, x=1, y=0, p=15)
SDRAM reqs for core (1,0,16) is 223 KB (228857 bytes) for Placement(vertex=Exc5:765:799, x=1, y=0, p=16)
SDRAM reqs for core (0,0,6) is 9367 KB (9592488 bytes) for Placement(vertex=Exc:0:254, x=0, y=0, p=6)
SDRAM reqs for core (0,0,7) is 9367 KB (9592488 bytes) for Placement(vertex=Exc:255:509, x=0, y=0, p=7)
SDRAM reqs for core (0,0,8) is 9367 KB (9592488 bytes) for Placement(vertex=Exc:510:764, x=0, y=0, p=8)
SDRAM reqs for core (0,0,9) is 8644 KB (8851768 bytes) for Placement(vertex=Exc:765:999, x=0, y=0, p=9)
SDRAM reqs for core (0,0,14) is 9367 KB (9592488 bytes) for Placement(vertex=Inh1:0:254, x=0, y=0, p=14)
SDRAM reqs for core (0,0,15) is 9367 KB (9592488 bytes) for Placement(vertex=Inh1:255:509, x=0, y=0, p=15)
SDRAM reqs for core (0,0,16) is 9367 KB (9592488 bytes) for Placement(vertex=Inh1:510:764, x=0, y=0, p=16)
SDRAM reqs for core (0,0,17) is 8644 KB (8851768 bytes) for Placement(vertex=Inh1:765:999, x=0, y=0, p=17)
SDRAM reqs for core (1,0,2) is 9367 KB (9592488 bytes) for Placement(vertex=Inh2:0:254, x=1, y=0, p=2)
SDRAM reqs for core (1,0,3) is 9367 KB (9592488 bytes) for Placement(vertex=Inh2:255:509, x=1, y=0, p=3)
SDRAM reqs for core (1,0,4) is 9367 KB (9592488 bytes) for Placement(vertex=Inh2:510:764, x=1, y=0, p=4)
SDRAM reqs for core (1,0,5) is 8644 KB (8851768 bytes) for Placement(vertex=Inh2:765:999, x=1, y=0, p=5)
SDRAM reqs for core (1,0,17) is 7366 KB (7543184 bytes) for Placement(vertex=Inh6:0:199, x=1, y=0, p=17)
SDRAM reqs for core (0,0,3) is 992 KB (1015881 bytes) for Placement(vertex=Inh7:0:199, x=0, y=0, p=3)
SDRAM reqs for core (0,0,4) is 0 KB (136 bytes) for Placement(vertex=Inh7_delayed:0:199, x=0, y=0, p=4)
SDRAM reqs for core (0,0,10) is 9367 KB (9592488 bytes) for Placement(vertex=Inh:0:254, x=0, y=0, p=10)
SDRAM reqs for core (0,0,11) is 9367 KB (9592488 bytes) for Placement(vertex=Inh:255:509, x=0, y=0, p=11)
SDRAM reqs for core (0,0,12) is 9367 KB (9592488 bytes) for Placement(vertex=Inh:510:764, x=0, y=0, p=12)
SDRAM reqs for core (0,0,13) is 8644 KB (8851768 bytes) for Placement(vertex=Inh:765:999, x=0, y=0, p=13)
SDRAM reqs for core (0,0,1) is 476 KB (488136 bytes) for Placement(vertex=SYSTEM:ExtraMonitor, x=0, y=0, p=1)
SDRAM reqs for core (0,1,1) is 476 KB (488136 bytes) for Placement(vertex=SYSTEM:ExtraMonitor1, x=0, y=1, p=1)
SDRAM reqs for core (2,1,1) is 476 KB (488136 bytes) for Placement(vertex=SYSTEM:ExtraMonitor10, x=2, y=1, p=1)
SDRAM reqs for core (2,2,1) is 476 KB (488136 bytes) for Placement(vertex=SYSTEM:ExtraMonitor11, x=2, y=2, p=1)
SDRAM reqs for core (2,3,1) is 476 KB (488136 bytes) for Placement(vertex=SYSTEM:ExtraMonitor12, x=2, y=3, p=1)
SDRAM reqs for core (2,4,1) is 476 KB (488136 bytes) for Placement(vertex=SYSTEM:ExtraMonitor13, x=2, y=4, p=1)
SDRAM reqs for core (2,5,1) is 476 KB (488136 bytes) for Placement(vertex=SYSTEM:ExtraMonitor14, x=2, y=5, p=1)
SDRAM reqs for core (3,0,1) is 476 KB (488136 bytes) for Placement(vertex=SYSTEM:ExtraMonitor15, x=3, y=0, p=1)
SDRAM reqs for core (3,1,1) is 476 KB (488136 bytes) for Placement(vertex=SYSTEM:ExtraMonitor16, x=3, y=1, p=1)
SDRAM reqs for core (3,2,1) is 476 KB (488136 bytes) for Placement(vertex=SYSTEM:ExtraMonitor17, x=3, y=2, p=1)
SDRAM reqs for core (3,3,1) is 476 KB (488136 bytes) for Placement(vertex=SYSTEM:ExtraMonitor18, x=3, y=3, p=1)
SDRAM reqs for core (3,4,1) is 476 KB (488136 bytes) for Placement(vertex=SYSTEM:ExtraMonitor19, x=3, y=4, p=1)
SDRAM reqs for core (0,2,1) is 476 KB (488136 bytes) for Placement(vertex=SYSTEM:ExtraMonitor2, x=0, y=2, p=1)
SDRAM reqs for core (3,5,1) is 476 KB (488136 bytes) for Placement(vertex=SYSTEM:ExtraMonitor20, x=3, y=5, p=1)
SDRAM reqs for core (3,6,1) is 476 KB (488136 bytes) for Placement(vertex=SYSTEM:ExtraMonitor21, x=3, y=6, p=1)
SDRAM reqs for core (4,0,1) is 476 KB (488136 bytes) for Placement(vertex=SYSTEM:ExtraMonitor22, x=4, y=0, p=1)
SDRAM reqs for core (4,1,1) is 476 KB (488136 bytes) for Placement(vertex=SYSTEM:ExtraMonitor23, x=4, y=1, p=1)
SDRAM reqs for core (4,2,1) is 476 KB (488136 bytes) for Placement(vertex=SYSTEM:ExtraMonitor24, x=4, y=2, p=1)
SDRAM reqs for core (4,3,1) is 476 KB (488136 bytes) for Placement(vertex=SYSTEM:ExtraMonitor25, x=4, y=3, p=1)
SDRAM reqs for core (4,4,1) is 476 KB (488136 bytes) for Placement(vertex=SYSTEM:ExtraMonitor26, x=4, y=4, p=1)
SDRAM reqs for core (4,5,1) is 476 KB (488136 bytes) for Placement(vertex=SYSTEM:ExtraMonitor27, x=4, y=5, p=1)
SDRAM reqs for core (4,6,1) is 476 KB (488136 bytes) for Placement(vertex=SYSTEM:ExtraMonitor28, x=4, y=6, p=1)
SDRAM reqs for core (4,7,1) is 476 KB (488136 bytes) for Placement(vertex=SYSTEM:ExtraMonitor29, x=4, y=7, p=1)
SDRAM reqs for core (0,3,1) is 476 KB (488136 bytes) for Placement(vertex=SYSTEM:ExtraMonitor3, x=0, y=3, p=1)
SDRAM reqs for core (5,1,1) is 476 KB (488136 bytes) for Placement(vertex=SYSTEM:ExtraMonitor30, x=5, y=1, p=1)
SDRAM reqs for core (5,2,1) is 476 KB (488136 bytes) for Placement(vertex=SYSTEM:ExtraMonitor31, x=5, y=2, p=1)
SDRAM reqs for core (5,3,1) is 476 KB (488136 bytes) for Placement(vertex=SYSTEM:ExtraMonitor32, x=5, y=3, p=1)
SDRAM reqs for core (5,4,1) is 476 KB (488136 bytes) for Placement(vertex=SYSTEM:ExtraMonitor33, x=5, y=4, p=1)
SDRAM reqs for core (5,5,1) is 476 KB (488136 bytes) for Placement(vertex=SYSTEM:ExtraMonitor34, x=5, y=5, p=1)
SDRAM reqs for core (5,6,1) is 476 KB (488136 bytes) for Placement(vertex=SYSTEM:ExtraMonitor35, x=5, y=6, p=1)
SDRAM reqs for core (5,7,1) is 476 KB (488136 bytes) for Placement(vertex=SYSTEM:ExtraMonitor36, x=5, y=7, p=1)
SDRAM reqs for core (6,2,1) is 476 KB (488136 bytes) for Placement(vertex=SYSTEM:ExtraMonitor37, x=6, y=2, p=1)
SDRAM reqs for core (6,3,1) is 476 KB (488136 bytes) for Placement(vertex=SYSTEM:ExtraMonitor38, x=6, y=3, p=1)
SDRAM reqs for core (6,4,1) is 476 KB (488136 bytes) for Placement(vertex=SYSTEM:ExtraMonitor39, x=6, y=4, p=1)
SDRAM reqs for core (1,0,1) is 476 KB (488136 bytes) for Placement(vertex=SYSTEM:ExtraMonitor4, x=1, y=0, p=1)
SDRAM reqs for core (6,5,1) is 476 KB (488136 bytes) for Placement(vertex=SYSTEM:ExtraMonitor40, x=6, y=5, p=1)
SDRAM reqs for core (6,6,1) is 476 KB (488136 bytes) for Placement(vertex=SYSTEM:ExtraMonitor41, x=6, y=6, p=1)
SDRAM reqs for core (6,7,1) is 476 KB (488136 bytes) for Placement(vertex=SYSTEM:ExtraMonitor42, x=6, y=7, p=1)
SDRAM reqs for core (7,3,1) is 476 KB (488136 bytes) for Placement(vertex=SYSTEM:ExtraMonitor43, x=7, y=3, p=1)
SDRAM reqs for core (7,4,1) is 476 KB (488136 bytes) for Placement(vertex=SYSTEM:ExtraMonitor44, x=7, y=4, p=1)
SDRAM reqs for core (7,5,1) is 476 KB (488136 bytes) for Placement(vertex=SYSTEM:ExtraMonitor45, x=7, y=5, p=1)
SDRAM reqs for core (7,6,1) is 476 KB (488136 bytes) for Placement(vertex=SYSTEM:ExtraMonitor46, x=7, y=6, p=1)
SDRAM reqs for core (7,7,1) is 476 KB (488136 bytes) for Placement(vertex=SYSTEM:ExtraMonitor47, x=7, y=7, p=1)
SDRAM reqs for core (1,1,1) is 476 KB (488136 bytes) for Placement(vertex=SYSTEM:ExtraMonitor5, x=1, y=1, p=1)
SDRAM reqs for core (1,2,1) is 476 KB (488136 bytes) for Placement(vertex=SYSTEM:ExtraMonitor6, x=1, y=2, p=1)
SDRAM reqs for core (1,3,1) is 476 KB (488136 bytes) for Placement(vertex=SYSTEM:ExtraMonitor7, x=1, y=3, p=1)
SDRAM reqs for core (1,4,1) is 476 KB (488136 bytes) for Placement(vertex=SYSTEM:ExtraMonitor8, x=1, y=4, p=1)
SDRAM reqs for core (2,0,1) is 476 KB (488136 bytes) for Placement(vertex=SYSTEM:ExtraMonitor9, x=2, y=0, p=1)
SDRAM reqs for core (0,0,2) is 459 KB (470200 bytes) for Placement(vertex=SYSTEM:PacketGatherer(0,0), x=0, y=0, p=2)
SDRAM reqs for core (1,1,3) is 319 KB (326818 bytes) for Placement(vertex=Thalamus8:0:799, x=1, y=1, p=3)
SDRAM reqs for core (1,1,2) is 258 KB (265198 bytes) for Placement(vertex=Thalamus:0:799, x=1, y=1, p=2)
**** Chip: (0, 0) has total memory usage of 112927 KB (115637386 bytes) out of a max of 120575 KB (123469792 bytes)

**** Chip: (0, 1) has total memory usage of 476 KB (488136 bytes) out of a max of 120575 KB (123469792 bytes)

**** Chip: (0, 2) has total memory usage of 476 KB (488136 bytes) out of a max of 120575 KB (123469792 bytes)

**** Chip: (0, 3) has total memory usage of 476 KB (488136 bytes) out of a max of 120575 KB (123469792 bytes)

**** Chip: (1, 0) has total memory usage of 120556 KB (123450067 bytes) out of a max of 120575 KB (123469792 bytes)

**** Chip: (1, 1) has total memory usage of 1054 KB (1080152 bytes) out of a max of 120575 KB (123469792 bytes)

**** Chip: (1, 2) has total memory usage of 476 KB (488136 bytes) out of a max of 120575 KB (123469792 bytes)

**** Chip: (1, 3) has total memory usage of 476 KB (488136 bytes) out of a max of 120575 KB (123469792 bytes)

**** Chip: (1, 4) has total memory usage of 476 KB (488136 bytes) out of a max of 120575 KB (123469792 bytes)

**** Chip: (2, 0) has total memory usage of 476 KB (488136 bytes) out of a max of 120575 KB (123469792 bytes)

**** Chip: (2, 1) has total memory usage of 476 KB (488136 bytes) out of a max of 120575 KB (123469792 bytes)

**** Chip: (2, 2) has total memory usage of 476 KB (488136 bytes) out of a max of 120575 KB (123469792 bytes)

**** Chip: (2, 3) has total memory usage of 476 KB (488136 bytes) out of a max of 120575 KB (123469792 bytes)

**** Chip: (2, 4) has total memory usage of 476 KB (488136 bytes) out of a max of 120575 KB (123469792 bytes)

**** Chip: (2, 5) has total memory usage of 476 KB (488136 bytes) out of a max of 120575 KB (123469792 bytes)

**** Chip: (3, 0) has total memory usage of 476 KB (488136 bytes) out of a max of 120575 KB (123469792 bytes)

**** Chip: (3, 1) has total memory usage of 476 KB (488136 bytes) out of a max of 120575 KB (123469792 bytes)

**** Chip: (3, 2) has total memory usage of 476 KB (488136 bytes) out of a max of 120575 KB (123469792 bytes)

**** Chip: (3, 3) has total memory usage of 476 KB (488136 bytes) out of a max of 120575 KB (123469792 bytes)

**** Chip: (3, 4) has total memory usage of 476 KB (488136 bytes) out of a max of 120575 KB (123469792 bytes)

**** Chip: (3, 5) has total memory usage of 476 KB (488136 bytes) out of a max of 120575 KB (123469792 bytes)

**** Chip: (3, 6) has total memory usage of 476 KB (488136 bytes) out of a max of 120575 KB (123469792 bytes)

**** Chip: (4, 0) has total memory usage of 476 KB (488136 bytes) out of a max of 120575 KB (123469792 bytes)

**** Chip: (4, 1) has total memory usage of 476 KB (488136 bytes) out of a max of 120575 KB (123469792 bytes)

**** Chip: (4, 2) has total memory usage of 476 KB (488136 bytes) out of a max of 120575 KB (123469792 bytes)

**** Chip: (4, 3) has total memory usage of 476 KB (488136 bytes) out of a max of 120575 KB (123469792 bytes)

**** Chip: (4, 4) has total memory usage of 476 KB (488136 bytes) out of a max of 120575 KB (123469792 bytes)

**** Chip: (4, 5) has total memory usage of 476 KB (488136 bytes) out of a max of 120575 KB (123469792 bytes)

**** Chip: (4, 6) has total memory usage of 476 KB (488136 bytes) out of a max of 120575 KB (123469792 bytes)

**** Chip: (4, 7) has total memory usage of 476 KB (488136 bytes) out of a max of 120575 KB (123469792 bytes)

**** Chip: (5, 1) has total memory usage of 476 KB (488136 bytes) out of a max of 120575 KB (123469792 bytes)

**** Chip: (5, 2) has total memory usage of 476 KB (488136 bytes) out of a max of 120575 KB (123469792 bytes)

**** Chip: (5, 3) has total memory usage of 476 KB (488136 bytes) out of a max of 120575 KB (123469792 bytes)

**** Chip: (5, 4) has total memory usage of 476 KB (488136 bytes) out of a max of 120575 KB (123469792 bytes)

**** Chip: (5, 5) has total memory usage of 476 KB (488136 bytes) out of a max of 120575 KB (123469792 bytes)

**** Chip: (5, 6) has total memory usage of 476 KB (488136 bytes) out of a max of 120575 KB (123469792 bytes)

**** Chip: (5, 7) has total memory usage of 476 KB (488136 bytes) out of a max of 120575 KB (123469792 bytes)

**** Chip: (6, 2) has total memory usage of 476 KB (488136 bytes) out of a max of 120575 KB (123469792 bytes)

**** Chip: (6, 3) has total memory usage of 476 KB (488136 bytes) out of a max of 120575 KB (123469792 bytes)

**** Chip: (6, 4) has total memory usage of 476 KB (488136 bytes) out of a max of 120575 KB (123469792 bytes)

**** Chip: (6, 5) has total memory usage of 476 KB (488136 bytes) out of a max of 120575 KB (123469792 bytes)

**** Chip: (6, 6) has total memory usage of 476 KB (488136 bytes) out of a max of 120575 KB (123469792 bytes)

**** Chip: (6, 7) has total memory usage of 476 KB (488136 bytes) out of a max of 120575 KB (123469792 bytes)

**** Chip: (7, 3) has total memory usage of 476 KB (488136 bytes) out of a max of 120575 KB (123469792 bytes)

**** Chip: (7, 4) has total memory usage of 476 KB (488136 bytes) out of a max of 120575 KB (123469792 bytes)

**** Chip: (7, 5) has total memory usage of 476 KB (488136 bytes) out of a max of 120575 KB (123469792 bytes)

**** Chip: (7, 6) has total memory usage of 476 KB (488136 bytes) out of a max of 120575 KB (123469792 bytes)

**** Chip: (7, 7) has total memory usage of 476 KB (488136 bytes) out of a max of 120575 KB (123469792 bytes)

