        Placement Information by Vertex
        ===============================

Generated: Mon Jan  3 12:25:11 2022 for target machine '10.11.193.65'

**** Vertex: 'Exc'
Model: AbstractPopulationVertex
Pop size: 1000
Machine Vertices: 
  Slice 0:254 (255 atoms) 
  Slice 255:509 (255 atoms) 
  Slice 510:764 (255 atoms) 
  Slice 765:999 (235 atoms) 

**** Vertex: 'Inh'
Model: AbstractPopulationVertex
Pop size: 1000
Machine Vertices: 
  Slice 0:254 (255 atoms) 
  Slice 255:509 (255 atoms) 
  Slice 510:764 (255 atoms) 
  Slice 765:999 (235 atoms) 

**** Vertex: 'Inh1'
Model: AbstractPopulationVertex
Pop size: 1000
Machine Vertices: 
  Slice 0:254 (255 atoms) 
  Slice 255:509 (255 atoms) 
  Slice 510:764 (255 atoms) 
  Slice 765:999 (235 atoms) 

**** Vertex: 'Inh2'
Model: AbstractPopulationVertex
Pop size: 1000
Machine Vertices: 
  Slice 0:254 (255 atoms) 
  Slice 255:509 (255 atoms) 
  Slice 510:764 (255 atoms) 
  Slice 765:999 (235 atoms) 

**** Vertex: 'Exc3'
Model: AbstractPopulationVertex
Pop size: 1000
Machine Vertices: 
  Slice 0:254 (255 atoms) 
  Slice 255:509 (255 atoms) 
  Slice 510:764 (255 atoms) 
  Slice 765:999 (235 atoms) 

**** Vertex: 'Exc4'
Model: AbstractPopulationVertex
Pop size: 1000
Machine Vertices: 
  Slice 0:254 (255 atoms) 
  Slice 255:509 (255 atoms) 
  Slice 510:764 (255 atoms) 
  Slice 765:999 (235 atoms) 

**** Vertex: 'Exc5'
Model: AbstractPopulationVertex
Pop size: 800
Machine Vertices: 
  Slice 0:254 (255 atoms) 
  Slice 255:509 (255 atoms) 
  Slice 510:764 (255 atoms) 
  Slice 765:799 (35 atoms) 

**** Vertex: 'Inh6'
Model: AbstractPopulationVertex
Pop size: 200
Machine Vertices: 
  Slice 0:199 (200 atoms) 

**** Vertex: 'Inh7'
Model: AbstractPopulationVertex
Pop size: 200
Machine Vertices: 
  Slice 0:199 (200 atoms) 

**** Vertex: 'Inh7_delayed'
Model: DelayExtensionVertex
Pop size: 200
Machine Vertices: 
  Slice 0:199 (200 atoms) 

**** Vertex: 'Thalamus'
Model: SpikeSourceArrayVertex
Pop size: 800
Machine Vertices: 
  Slice 0:799 (800 atoms) 

**** Vertex: 'Thalamus8'
Model: SpikeSourceArrayVertex
Pop size: 800
Machine Vertices: 
  Slice 0:799 (800 atoms) 

