        Placement Information by Vertex
        ===============================

Generated: Fri Feb 11 12:08:01 2022 for target machine '10.11.193.65'

**** Vertex: 'Excitatory_Cells'
Model: AbstractPopulationVertex
Pop size: 800
Machine Vertices: 
  Slice 0:254 (255 atoms) 
  Slice 255:509 (255 atoms) 
  Slice 510:764 (255 atoms) 
  Slice 765:799 (35 atoms) 

**** Vertex: 'Inhibitory_Cells'
Model: AbstractPopulationVertex
Pop size: 200
Machine Vertices: 
  Slice 0:199 (200 atoms) 

**** Vertex: 'expoisson'
Model: SpikeSourcePoissonVertex
Pop size: 20
Machine Vertices: 
  Slice 0:19 (20 atoms) 

