Router contains 31 entries
Index Key        Mask       Route      Default [Cores][Links]
----- ---------- ---------- ---------- ------- --------------
    0 0x00000000 0xFFFFFFC0 0x00FFFE01 False   [3, 4, 5, 6, 7, 8, 9, 10, 11, 12, 13, 14, 15, 16, 17] [E]
    1 0x00000040 0xFFFFFFC0 0x00FFFE01 False   [3, 4, 5, 6, 7, 8, 9, 10, 11, 12, 13, 14, 15, 16, 17] [E]
    2 0x00000080 0xFFFFFFC0 0x00FFFE01 False   [3, 4, 5, 6, 7, 8, 9, 10, 11, 12, 13, 14, 15, 16, 17] [E]
    3 0x000000C0 0xFFFFFFC0 0x00FFFE01 False   [3, 4, 5, 6, 7, 8, 9, 10, 11, 12, 13, 14, 15, 16, 17] [E]
    4 0x00000100 0xFFFFFFC0 0x00FFFE01 False   [3, 4, 5, 6, 7, 8, 9, 10, 11, 12, 13, 14, 15, 16, 17] [E]
    5 0x00000140 0xFFFFFFC0 0x00FFFE01 False   [3, 4, 5, 6, 7, 8, 9, 10, 11, 12, 13, 14, 15, 16, 17] [E]
    6 0x00000180 0xFFFFFFC0 0x00FFFE01 False   [3, 4, 5, 6, 7, 8, 9, 10, 11, 12, 13, 14, 15, 16, 17] [E]
    7 0x000001C0 0xFFFFFFC0 0x00FFFE01 False   [3, 4, 5, 6, 7, 8, 9, 10, 11, 12, 13, 14, 15, 16, 17] [E]
    8 0x00000200 0xFFFFFFC0 0x00FFFE01 False   [3, 4, 5, 6, 7, 8, 9, 10, 11, 12, 13, 14, 15, 16, 17] [E]
    9 0x00000240 0xFFFFFFC0 0x00FFFE01 False   [3, 4, 5, 6, 7, 8, 9, 10, 11, 12, 13, 14, 15, 16, 17] [E]
   10 0x00000280 0xFFFFFFC0 0x00FFFE01 False   [3, 4, 5, 6, 7, 8, 9, 10, 11, 12, 13, 14, 15, 16, 17] [E]
   11 0x000002C0 0xFFFFFFC0 0x00FFFE01 False   [3, 4, 5, 6, 7, 8, 9, 10, 11, 12, 13, 14, 15, 16, 17] [E]
   12 0x00000300 0xFFFFFFC0 0x00FFFE01 False   [3, 4, 5, 6, 7, 8, 9, 10, 11, 12, 13, 14, 15, 16, 17] [E]
   13 0x00000340 0xFFFFFFC0 0x00FFFE01 False   [3, 4, 5, 6, 7, 8, 9, 10, 11, 12, 13, 14, 15, 16, 17] [E]
   14 0x00000380 0xFFFFFFC0 0x00FFFE01 False   [3, 4, 5, 6, 7, 8, 9, 10, 11, 12, 13, 14, 15, 16, 17] [E]
   15 0x000003C0 0xFFFFFFC0 0x00FFFE00 False   [3, 4, 5, 6, 7, 8, 9, 10, 11, 12, 13, 14, 15, 16, 17] []
   16 0x00000400 0xFFFFFFC0 0x00FFFE00 False   [3, 4, 5, 6, 7, 8, 9, 10, 11, 12, 13, 14, 15, 16, 17] []
   17 0x00000440 0xFFFFFFC0 0x00FFFE00 False   [3, 4, 5, 6, 7, 8, 9, 10, 11, 12, 13, 14, 15, 16, 17] []
   18 0x00000480 0xFFFFFFC0 0x00FFFE00 False   [3, 4, 5, 6, 7, 8, 9, 10, 11, 12, 13, 14, 15, 16, 17] []
   19 0x000004C0 0xFFFFFFC0 0x00FFFE00 False   [3, 4, 5, 6, 7, 8, 9, 10, 11, 12, 13, 14, 15, 16, 17] []
   20 0x00000500 0xFFFFFFC0 0x00FFFE00 False   [3, 4, 5, 6, 7, 8, 9, 10, 11, 12, 13, 14, 15, 16, 17] []
   21 0x00000540 0xFFFFFFC0 0x00FFFE00 False   [3, 4, 5, 6, 7, 8, 9, 10, 11, 12, 13, 14, 15, 16, 17] []
   22 0x00000580 0xFFFFFFC0 0x00FFFE00 False   [3, 4, 5, 6, 7, 8, 9, 10, 11, 12, 13, 14, 15, 16, 17] []
   23 0x000005C0 0xFFFFFFC0 0x00FFFE00 False   [3, 4, 5, 6, 7, 8, 9, 10, 11, 12, 13, 14, 15, 16, 17] []
   24 0x00000600 0xFFFFFFC0 0x00FFFE00 False   [3, 4, 5, 6, 7, 8, 9, 10, 11, 12, 13, 14, 15, 16, 17] []
   25 0x00000640 0xFFFFFFC0 0x00FFFE00 False   [3, 4, 5, 6, 7, 8, 9, 10, 11, 12, 13, 14, 15, 16, 17] []
   26 0x00000680 0xFFFFFFC0 0x00FFFE00 False   [3, 4, 5, 6, 7, 8, 9, 10, 11, 12, 13, 14, 15, 16, 17] []
   27 0x000006C0 0xFFFFFFC0 0x00FFFE00 False   [3, 4, 5, 6, 7, 8, 9, 10, 11, 12, 13, 14, 15, 16, 17] []
   28 0x00000700 0xFFFFFFC0 0x00FFFE00 False   [3, 4, 5, 6, 7, 8, 9, 10, 11, 12, 13, 14, 15, 16, 17] []
   29 0x00000740 0xFFFFFFC0 0x00FFFE00 False   [3, 4, 5, 6, 7, 8, 9, 10, 11, 12, 13, 14, 15, 16, 17] []
   30 0x00000780 0xFFFFFFE0 0x00FFFE00 False   [3, 4, 5, 6, 7, 8, 9, 10, 11, 12, 13, 14, 15, 16, 17] []
0 Defaultable entries
