*** Vertices:
Vertex cells, size: 20, model: AbstractPopulationVertex
    Constraints:
        MaxVertexAtomsConstraint(size=255)
    Outgoing Edge Partitions:

Vertex cells1, size: 20, model: AbstractPopulationVertex
    Constraints:
        MaxVertexAtomsConstraint(size=255)
    Outgoing Edge Partitions:

Vertex cells2, size: 20, model: AbstractPopulationVertex
    Constraints:
        MaxVertexAtomsConstraint(size=255)
    Outgoing Edge Partitions:

Vertex SpikeSourceArrayVertex_3, size: 20, model: SpikeSourceArrayVertex
    Constraints:
        MaxVertexAtomsConstraint(size=9223372036854775807)
    Outgoing Edge Partitions:
    Partition SPIKE:
        Edge: projection edge 0, From SpikeSourceArrayVertex_3 to cells2, model: ProjectionApplicationEdge

Vertex SpikeSourceArrayVertex_4, size: 20, model: SpikeSourceArrayVertex
    Constraints:
        MaxVertexAtomsConstraint(size=9223372036854775807)
    Outgoing Edge Partitions:
    Partition SPIKE:
        Edge: projection edge 1, From SpikeSourceArrayVertex_4 to cells2, model: ProjectionApplicationEdge

