*** Vertices:
Vertex Exc, size: 100, model: AbstractPopulationVertex
    Constraints:
        MaxVertexAtomsConstraint(size=255)
    Outgoing Edge Partitions:

Vertex Exc1, size: 100, model: AbstractPopulationVertex
    Constraints:
        MaxVertexAtomsConstraint(size=255)
    Outgoing Edge Partitions:
    Partition SPIKE:
        Edge: exc-exc connections, From Exc1 to Exc1, model: ProjectionApplicationEdge

Vertex Thalamus, size: 100, model: SpikeSourceArrayVertex
    Constraints:
        MaxVertexAtomsConstraint(size=9223372036854775807)
    Outgoing Edge Partitions:
    Partition SPIKE:
        Edge: thalamus-exc connections, From Thalamus to Exc1, model: ProjectionApplicationEdge

Vertex Thalamus2, size: 100, model: SpikeSourceArrayVertex
    Constraints:
        MaxVertexAtomsConstraint(size=9223372036854775807)
    Outgoing Edge Partitions:
    Partition SPIKE:
        Edge: thalamus-exc connections, From Thalamus2 to Exc1, model: ProjectionApplicationEdge

Vertex Thalamus3, size: 100, model: SpikeSourceArrayVertex
    Constraints:
        MaxVertexAtomsConstraint(size=9223372036854775807)
    Outgoing Edge Partitions:
    Partition SPIKE:
        Edge: thalamus-exc connections, From Thalamus3 to Exc1, model: ProjectionApplicationEdge

Vertex Thalamus4, size: 100, model: SpikeSourceArrayVertex
    Constraints:
        MaxVertexAtomsConstraint(size=9223372036854775807)
    Outgoing Edge Partitions:
    Partition SPIKE:
        Edge: thalamus-exc connections, From Thalamus4 to Exc1, model: ProjectionApplicationEdge

