        Placement Information by Vertex
        ===============================

Generated: Thu Apr 22 10:48:17 2021 for target machine '10.11.208.129'

**** Vertex: 'Exc'
Model: AbstractPopulationVertex
Pop size: 100
Machine Vertices: 
  Slice 0:99 (100 atoms) 

**** Vertex: 'Exc1'
Model: AbstractPopulationVertex
Pop size: 100
Machine Vertices: 
  Slice 0:99 (100 atoms) 

**** Vertex: 'Thalamus'
Model: SpikeSourceArrayVertex
Pop size: 100
Machine Vertices: 
  Slice 0:99 (100 atoms) 

**** Vertex: 'Thalamus2'
Model: SpikeSourceArrayVertex
Pop size: 100
Machine Vertices: 
  Slice 0:99 (100 atoms) 

**** Vertex: 'Thalamus3'
Model: SpikeSourceArrayVertex
Pop size: 100
Machine Vertices: 
  Slice 0:99 (100 atoms) 

**** Vertex: 'Thalamus4'
Model: SpikeSourceArrayVertex
Pop size: 100
Machine Vertices: 
  Slice 0:99 (100 atoms) 

