        Placement Information by Vertex
        ===============================

Generated: Fri Apr 23 09:50:34 2021 for target machine '10.11.194.145'

**** Vertex: 'network'
Model: AbstractPopulationVertex
Pop size: 1
Machine Vertices: 
  Slice 0:0 (1 atoms) 

**** Vertex: 'network1'
Model: AbstractPopulationVertex
Pop size: 1
Machine Vertices: 
  Slice 0:0 (1 atoms) 

**** Vertex: 'SpikeSourceArrayVertex_2'
Model: SpikeSourceArrayVertex
Pop size: 1
Machine Vertices: 
  Slice 0:0 (1 atoms) 

**** Vertex: 'SpikeSourceArrayVertex_3'
Model: SpikeSourceArrayVertex
Pop size: 1
Machine Vertices: 
  Slice 0:0 (1 atoms) 

