Router contains 31 entries
Index Key        Mask       Route      Default [Cores][Links]
----- ---------- ---------- ---------- ------- --------------
    0 0x000006C0 0xFFFFFFC0 0x00FFFF00 False   [2, 3, 4, 5, 6, 7, 8, 9, 10, 11, 12, 13, 14, 15, 16, 17] []
    1 0x00000700 0xFFFFFFC0 0x00FFFF00 False   [2, 3, 4, 5, 6, 7, 8, 9, 10, 11, 12, 13, 14, 15, 16, 17] []
    2 0x00000740 0xFFFFFFC0 0x00FFFF00 False   [2, 3, 4, 5, 6, 7, 8, 9, 10, 11, 12, 13, 14, 15, 16, 17] []
    3 0x00000780 0xFFFFFFC0 0x00FFFF00 False   [2, 3, 4, 5, 6, 7, 8, 9, 10, 11, 12, 13, 14, 15, 16, 17] []
    4 0x000007C0 0xFFFFFFC0 0x00FFFF0C False   [2, 3, 4, 5, 6, 7, 8, 9, 10, 11, 12, 13, 14, 15, 16, 17] [N, W]
    5 0x00000800 0xFFFFFFC0 0x00FFFF0C False   [2, 3, 4, 5, 6, 7, 8, 9, 10, 11, 12, 13, 14, 15, 16, 17] [N, W]
    6 0x00000840 0xFFFFFFC0 0x00FFFF0C False   [2, 3, 4, 5, 6, 7, 8, 9, 10, 11, 12, 13, 14, 15, 16, 17] [N, W]
    7 0x00000880 0xFFFFFFC0 0x00FFFF0C False   [2, 3, 4, 5, 6, 7, 8, 9, 10, 11, 12, 13, 14, 15, 16, 17] [N, W]
    8 0x000008C0 0xFFFFFFC0 0x00FFFF0C False   [2, 3, 4, 5, 6, 7, 8, 9, 10, 11, 12, 13, 14, 15, 16, 17] [N, W]
    9 0x00000900 0xFFFFFFC0 0x00FFFF0C False   [2, 3, 4, 5, 6, 7, 8, 9, 10, 11, 12, 13, 14, 15, 16, 17] [N, W]
   10 0x00000940 0xFFFFFFC0 0x00FFFF0C False   [2, 3, 4, 5, 6, 7, 8, 9, 10, 11, 12, 13, 14, 15, 16, 17] [N, W]
   11 0x00000980 0xFFFFFFC0 0x00FFFF0C False   [2, 3, 4, 5, 6, 7, 8, 9, 10, 11, 12, 13, 14, 15, 16, 17] [N, W]
   12 0x000009C0 0xFFFFFFC0 0x00FFFF0C False   [2, 3, 4, 5, 6, 7, 8, 9, 10, 11, 12, 13, 14, 15, 16, 17] [N, W]
   13 0x00000A00 0xFFFFFFC0 0x00FFFF0C False   [2, 3, 4, 5, 6, 7, 8, 9, 10, 11, 12, 13, 14, 15, 16, 17] [N, W]
   14 0x00000A40 0xFFFFFFC0 0x00FFFF0C False   [2, 3, 4, 5, 6, 7, 8, 9, 10, 11, 12, 13, 14, 15, 16, 17] [N, W]
   15 0x00000A80 0xFFFFFFC0 0x00FFFF0C False   [2, 3, 4, 5, 6, 7, 8, 9, 10, 11, 12, 13, 14, 15, 16, 17] [N, W]
   16 0x00000AC0 0xFFFFFFC0 0x00FFFF0C False   [2, 3, 4, 5, 6, 7, 8, 9, 10, 11, 12, 13, 14, 15, 16, 17] [N, W]
   17 0x00000B00 0xFFFFFFC0 0x00FFFF0C False   [2, 3, 4, 5, 6, 7, 8, 9, 10, 11, 12, 13, 14, 15, 16, 17] [N, W]
   18 0x00000B40 0xFFFFFFC0 0x00FFFF0C False   [2, 3, 4, 5, 6, 7, 8, 9, 10, 11, 12, 13, 14, 15, 16, 17] [N, W]
   19 0x00000B80 0xFFFFFFC0 0x00FFFF0C False   [2, 3, 4, 5, 6, 7, 8, 9, 10, 11, 12, 13, 14, 15, 16, 17] [N, W]
   20 0x00000BC0 0xFFFFFFC0 0x00FFFF00 False   [2, 3, 4, 5, 6, 7, 8, 9, 10, 11, 12, 13, 14, 15, 16, 17] []
   21 0x00000C00 0xFFFFFFC0 0x00FFFF00 False   [2, 3, 4, 5, 6, 7, 8, 9, 10, 11, 12, 13, 14, 15, 16, 17] []
   22 0x00000C40 0xFFFFFFC0 0x00FFFF00 False   [2, 3, 4, 5, 6, 7, 8, 9, 10, 11, 12, 13, 14, 15, 16, 17] []
   23 0x00000C80 0xFFFFFFC0 0x00FFFF00 False   [2, 3, 4, 5, 6, 7, 8, 9, 10, 11, 12, 13, 14, 15, 16, 17] []
   24 0x00000CC0 0xFFFFFFC0 0x00FFFF00 False   [2, 3, 4, 5, 6, 7, 8, 9, 10, 11, 12, 13, 14, 15, 16, 17] []
   25 0x00000D00 0xFFFFFFC0 0x00FFFF00 False   [2, 3, 4, 5, 6, 7, 8, 9, 10, 11, 12, 13, 14, 15, 16, 17] []
   26 0x00000D40 0xFFFFFFC0 0x00FFFF00 False   [2, 3, 4, 5, 6, 7, 8, 9, 10, 11, 12, 13, 14, 15, 16, 17] []
   27 0x00000D80 0xFFFFFFC0 0x00FFFF00 False   [2, 3, 4, 5, 6, 7, 8, 9, 10, 11, 12, 13, 14, 15, 16, 17] []
   28 0x00000DC0 0xFFFFFFC0 0x00FFFF00 False   [2, 3, 4, 5, 6, 7, 8, 9, 10, 11, 12, 13, 14, 15, 16, 17] []
   29 0x00000E00 0xFFFFFFC0 0x00FFFF00 False   [2, 3, 4, 5, 6, 7, 8, 9, 10, 11, 12, 13, 14, 15, 16, 17] []
   30 0x000006A0 0xFFFFFFE0 0x00FFFF00 False   [2, 3, 4, 5, 6, 7, 8, 9, 10, 11, 12, 13, 14, 15, 16, 17] []
0 Defaultable entries
