Router contains 31 entries
Index Key        Mask       Route      Default [Cores][Links]
----- ---------- ---------- ---------- ------- --------------
    0 0x000006C0 0xFFFFFFC0 0x0003FF00 False   [2, 3, 4, 5, 6, 7, 8, 9, 10, 11] []
    1 0x00000700 0xFFFFFFC0 0x0003FF00 False   [2, 3, 4, 5, 6, 7, 8, 9, 10, 11] []
    2 0x00000740 0xFFFFFFC0 0x0003FF00 False   [2, 3, 4, 5, 6, 7, 8, 9, 10, 11] []
    3 0x00000780 0xFFFFFFC0 0x0003FF00 False   [2, 3, 4, 5, 6, 7, 8, 9, 10, 11] []
    4 0x000007C0 0xFFFFFFC0 0x0003FF00 False   [2, 3, 4, 5, 6, 7, 8, 9, 10, 11] []
    5 0x00000800 0xFFFFFFC0 0x0003FF00 False   [2, 3, 4, 5, 6, 7, 8, 9, 10, 11] []
    6 0x00000840 0xFFFFFFC0 0x0003FF00 False   [2, 3, 4, 5, 6, 7, 8, 9, 10, 11] []
    7 0x00000880 0xFFFFFFC0 0x0003FF00 False   [2, 3, 4, 5, 6, 7, 8, 9, 10, 11] []
    8 0x000008C0 0xFFFFFFC0 0x0003FF00 False   [2, 3, 4, 5, 6, 7, 8, 9, 10, 11] []
    9 0x00000900 0xFFFFFFC0 0x0003FF00 False   [2, 3, 4, 5, 6, 7, 8, 9, 10, 11] []
   10 0x00000940 0xFFFFFFC0 0x0003FF00 False   [2, 3, 4, 5, 6, 7, 8, 9, 10, 11] []
   11 0x00000980 0xFFFFFFC0 0x0003FF00 False   [2, 3, 4, 5, 6, 7, 8, 9, 10, 11] []
   12 0x000009C0 0xFFFFFFC0 0x0003FF00 False   [2, 3, 4, 5, 6, 7, 8, 9, 10, 11] []
   13 0x00000A00 0xFFFFFFC0 0x0003FF00 False   [2, 3, 4, 5, 6, 7, 8, 9, 10, 11] []
   14 0x00000A40 0xFFFFFFC0 0x0003FF00 False   [2, 3, 4, 5, 6, 7, 8, 9, 10, 11] []
   15 0x00000A80 0xFFFFFFC0 0x0003FF00 False   [2, 3, 4, 5, 6, 7, 8, 9, 10, 11] []
   16 0x00000AC0 0xFFFFFFC0 0x0003FF00 False   [2, 3, 4, 5, 6, 7, 8, 9, 10, 11] []
   17 0x00000B00 0xFFFFFFC0 0x0003FF00 False   [2, 3, 4, 5, 6, 7, 8, 9, 10, 11] []
   18 0x00000B40 0xFFFFFFC0 0x0003FF00 False   [2, 3, 4, 5, 6, 7, 8, 9, 10, 11] []
   19 0x00000B80 0xFFFFFFC0 0x0003FF00 False   [2, 3, 4, 5, 6, 7, 8, 9, 10, 11] []
   20 0x00000BC0 0xFFFFFFC0 0x0003FF30 False   [2, 3, 4, 5, 6, 7, 8, 9, 10, 11] [SW, S]
   21 0x00000C00 0xFFFFFFC0 0x0003FF30 False   [2, 3, 4, 5, 6, 7, 8, 9, 10, 11] [SW, S]
   22 0x00000C40 0xFFFFFFC0 0x0003FF30 False   [2, 3, 4, 5, 6, 7, 8, 9, 10, 11] [SW, S]
   23 0x00000C80 0xFFFFFFC0 0x0003FF30 False   [2, 3, 4, 5, 6, 7, 8, 9, 10, 11] [SW, S]
   24 0x00000CC0 0xFFFFFFC0 0x0003FF30 False   [2, 3, 4, 5, 6, 7, 8, 9, 10, 11] [SW, S]
   25 0x00000D00 0xFFFFFFC0 0x0003FF30 False   [2, 3, 4, 5, 6, 7, 8, 9, 10, 11] [SW, S]
   26 0x00000D40 0xFFFFFFC0 0x0003FF30 False   [2, 3, 4, 5, 6, 7, 8, 9, 10, 11] [SW, S]
   27 0x00000D80 0xFFFFFFC0 0x0003FF30 False   [2, 3, 4, 5, 6, 7, 8, 9, 10, 11] [SW, S]
   28 0x00000DC0 0xFFFFFFC0 0x0003FF30 False   [2, 3, 4, 5, 6, 7, 8, 9, 10, 11] [SW, S]
   29 0x00000E00 0xFFFFFFC0 0x0003FF30 False   [2, 3, 4, 5, 6, 7, 8, 9, 10, 11] [SW, S]
   30 0x000006A0 0xFFFFFFE0 0x0003FF30 False   [2, 3, 4, 5, 6, 7, 8, 9, 10, 11] [SW, S]
0 Defaultable entries
