*** Vertices:
Vertex exc, size: 1200, model: AbstractPopulationVertex
    Constraints:
        MaxVertexAtomsConstraint(size=255)
    Outgoing Edge Partitions:
    Partition SPIKE:
        Edge: projection edge 0, From exc to exc, model: ProjectionApplicationEdge
        Edge: projection edge 1, From exc to inh, model: ProjectionApplicationEdge

Vertex inh, size: 300, model: AbstractPopulationVertex
    Constraints:
        MaxVertexAtomsConstraint(size=255)
    Outgoing Edge Partitions:
    Partition SPIKE:
        Edge: projection edge 2, From inh to exc, model: ProjectionApplicationEdge
        Edge: projection edge 3, From inh to inh, model: ProjectionApplicationEdge

Vertex expoisson, size: 20, model: SpikeSourcePoissonVertex
    Constraints:
        MaxVertexAtomsConstraint(size=500)
    Outgoing Edge Partitions:
    Partition SPIKE:
        Edge: projection edge 4, From expoisson to exc, model: ProjectionApplicationEdge
        Edge: projection edge 5, From expoisson to inh, model: ProjectionApplicationEdge

