        Placement Information by Vertex
        ===============================

Generated: Mon Jan  3 18:02:32 2022 for target machine '10.11.193.129'

**** Vertex: 'Excitatory_Cells'
Model: AbstractPopulationVertex
Pop size: 1200
Machine Vertices: 
  Slice 0:254 (255 atoms) 
  Slice 255:509 (255 atoms) 
  Slice 510:764 (255 atoms) 
  Slice 765:1019 (255 atoms) 
  Slice 1020:1199 (180 atoms) 

**** Vertex: 'Inhibitory_Cells'
Model: AbstractPopulationVertex
Pop size: 300
Machine Vertices: 
  Slice 0:254 (255 atoms) 
  Slice 255:299 (45 atoms) 

**** Vertex: 'Thalamus'
Model: SpikeSourceArrayVertex
Pop size: 1200
Machine Vertices: 
  Slice 0:1199 (1200 atoms) 

