        Placement Information by Vertex
        ===============================

Generated: Sun Jan  2 23:40:27 2022 for target machine '10.11.193.81'

**** Vertex: 'Excitatory_Cells'
Model: AbstractPopulationVertex
Pop size: 1200
Machine Vertices: 
  Slice 0:99 (100 atoms) 
  Slice 100:199 (100 atoms) 
  Slice 200:299 (100 atoms) 
  Slice 300:399 (100 atoms) 
  Slice 400:499 (100 atoms) 
  Slice 500:599 (100 atoms) 
  Slice 600:699 (100 atoms) 
  Slice 700:799 (100 atoms) 
  Slice 800:899 (100 atoms) 
  Slice 900:999 (100 atoms) 
  Slice 1000:1099 (100 atoms) 
  Slice 1100:1199 (100 atoms) 

**** Vertex: 'Inhibitory_Cells'
Model: AbstractPopulationVertex
Pop size: 300
Machine Vertices: 
  Slice 0:99 (100 atoms) 
  Slice 100:199 (100 atoms) 
  Slice 200:299 (100 atoms) 

