Vertex: Excitatory_Cells:0:99
    Partition: SPIKE, Routing Info: [KeyAndMask:0x0:0xffffff80]
Vertex: Excitatory_Cells:100:199
    Partition: SPIKE, Routing Info: [KeyAndMask:0x80:0xffffff80]
Vertex: Excitatory_Cells:200:299
    Partition: SPIKE, Routing Info: [KeyAndMask:0x100:0xffffff80]
Vertex: Excitatory_Cells:300:399
    Partition: SPIKE, Routing Info: [KeyAndMask:0x180:0xffffff80]
Vertex: Excitatory_Cells:400:499
    Partition: SPIKE, Routing Info: [KeyAndMask:0x200:0xffffff80]
Vertex: Excitatory_Cells:500:599
    Partition: SPIKE, Routing Info: [KeyAndMask:0x280:0xffffff80]
Vertex: Excitatory_Cells:600:699
    Partition: SPIKE, Routing Info: [KeyAndMask:0x300:0xffffff80]
Vertex: Excitatory_Cells:700:799
    Partition: SPIKE, Routing Info: [KeyAndMask:0x380:0xffffff80]
Vertex: Excitatory_Cells:800:899
    Partition: SPIKE, Routing Info: [KeyAndMask:0x400:0xffffff80]
Vertex: Excitatory_Cells:900:999
    Partition: SPIKE, Routing Info: [KeyAndMask:0x480:0xffffff80]
Vertex: Excitatory_Cells:1000:1099
    Partition: SPIKE, Routing Info: [KeyAndMask:0x500:0xffffff80]
Vertex: Excitatory_Cells:1100:1199
    Partition: SPIKE, Routing Info: [KeyAndMask:0x580:0xffffff80]
Vertex: Inhibitory_Cells:0:99
    Partition: SPIKE, Routing Info: [KeyAndMask:0x600:0xffffff80]
Vertex: Inhibitory_Cells:100:199
    Partition: SPIKE, Routing Info: [KeyAndMask:0x680:0xffffff80]
Vertex: Inhibitory_Cells:200:299
    Partition: SPIKE, Routing Info: [KeyAndMask:0x700:0xffffff80]
Vertex: SYSTEM:ExtraMonitor
Vertex: SYSTEM:ExtraMonitor1
Vertex: SYSTEM:ExtraMonitor2
Vertex: SYSTEM:ExtraMonitor3
Vertex: SYSTEM:ExtraMonitor4
Vertex: SYSTEM:ExtraMonitor5
Vertex: SYSTEM:ExtraMonitor6
Vertex: SYSTEM:ExtraMonitor7
Vertex: SYSTEM:ExtraMonitor8
Vertex: SYSTEM:ExtraMonitor9
Vertex: SYSTEM:ExtraMonitor10
Vertex: SYSTEM:ExtraMonitor11
Vertex: SYSTEM:ExtraMonitor12
Vertex: SYSTEM:ExtraMonitor13
Vertex: SYSTEM:ExtraMonitor14
Vertex: SYSTEM:ExtraMonitor15
Vertex: SYSTEM:ExtraMonitor16
Vertex: SYSTEM:ExtraMonitor17
Vertex: SYSTEM:ExtraMonitor18
Vertex: SYSTEM:ExtraMonitor19
Vertex: SYSTEM:ExtraMonitor20
Vertex: SYSTEM:ExtraMonitor21
Vertex: SYSTEM:ExtraMonitor22
Vertex: SYSTEM:ExtraMonitor23
Vertex: SYSTEM:ExtraMonitor24
Vertex: SYSTEM:ExtraMonitor25
Vertex: SYSTEM:ExtraMonitor26
Vertex: SYSTEM:ExtraMonitor27
Vertex: SYSTEM:ExtraMonitor28
Vertex: SYSTEM:ExtraMonitor29
Vertex: SYSTEM:ExtraMonitor30
Vertex: SYSTEM:ExtraMonitor31
Vertex: SYSTEM:ExtraMonitor32
Vertex: SYSTEM:ExtraMonitor33
Vertex: SYSTEM:ExtraMonitor34
Vertex: SYSTEM:ExtraMonitor35
Vertex: SYSTEM:ExtraMonitor36
Vertex: SYSTEM:ExtraMonitor37
Vertex: SYSTEM:ExtraMonitor38
Vertex: SYSTEM:ExtraMonitor39
Vertex: SYSTEM:ExtraMonitor40
Vertex: SYSTEM:ExtraMonitor41
Vertex: SYSTEM:ExtraMonitor42
Vertex: SYSTEM:ExtraMonitor43
Vertex: SYSTEM:ExtraMonitor44
Vertex: SYSTEM:ExtraMonitor45
Vertex: SYSTEM:ExtraMonitor46
Vertex: SYSTEM:ExtraMonitor47
Vertex: SYSTEM:PacketGatherer(0,0)
