Router contains 41 entries
Index Key        Mask       Route      Default [Cores][Links]
----- ---------- ---------- ---------- ------- --------------
    0 0x00000000 0xFFFFFF00 0x0000FE00 False   [3, 4, 5, 6, 7, 8, 9] []
    1 0x00000100 0xFFFFFF00 0x0000FE00 False   [3, 4, 5, 6, 7, 8, 9] []
    2 0x00000200 0xFFFFFF00 0x0000FE00 False   [3, 4, 5, 6, 7, 8, 9] []
    3 0x00000300 0xFFFFFF00 0x0000FE00 False   [3, 4, 5, 6, 7, 8, 9] []
    4 0x00000400 0xFFFFFF00 0x0000FE00 False   [3, 4, 5, 6, 7, 8, 9] []
    5 0x00000500 0xFFFFFF00 0x0000FE00 False   [3, 4, 5, 6, 7, 8, 9] []
    6 0x00000600 0xFFFFFFC0 0x0000FE00 False   [3, 4, 5, 6, 7, 8, 9] []
    7 0x00000640 0xFFFFFFE0 0x0000FE00 False   [3, 4, 5, 6, 7, 8, 9] []
    8 0x00000660 0xFFFFFFE0 0x0000FE00 False   [3, 4, 5, 6, 7, 8, 9] []
    9 0x00000680 0xFFFFFFE0 0x0000FE00 False   [3, 4, 5, 6, 7, 8, 9] []
   10 0x000006C0 0xFFFFFFC0 0x00F00003 False   [16, 17, 14, 15] [E, NE]
   11 0x00000700 0xFFFFFFC0 0x00F00003 False   [16, 17, 14, 15] [E, NE]
   12 0x00000740 0xFFFFFFC0 0x00F00003 False   [16, 17, 14, 15] [E, NE]
   13 0x00000780 0xFFFFFFC0 0x00F00003 False   [16, 17, 14, 15] [E, NE]
   14 0x000007C0 0xFFFFFFC0 0x00F00000 False   [16, 17, 14, 15] []
   15 0x00000800 0xFFFFFFC0 0x00F00000 False   [16, 17, 14, 15] []
   16 0x00000840 0xFFFFFFC0 0x00F00000 False   [16, 17, 14, 15] []
   17 0x00000880 0xFFFFFFC0 0x00F00000 False   [16, 17, 14, 15] []
   18 0x000008C0 0xFFFFFFC0 0x00F00000 False   [16, 17, 14, 15] []
   19 0x00000900 0xFFFFFFC0 0x00F00000 False   [16, 17, 14, 15] []
   20 0x00000940 0xFFFFFFC0 0x00F00000 False   [16, 17, 14, 15] []
   21 0x00000980 0xFFFFFFC0 0x00F00000 False   [16, 17, 14, 15] []
   22 0x000009C0 0xFFFFFFC0 0x00F00000 False   [16, 17, 14, 15] []
   23 0x00000A00 0xFFFFFFC0 0x00F00000 False   [16, 17, 14, 15] []
   24 0x00000A40 0xFFFFFFC0 0x00F00000 False   [16, 17, 14, 15] []
   25 0x00000A80 0xFFFFFFC0 0x00F00000 False   [16, 17, 14, 15] []
   26 0x00000AC0 0xFFFFFFC0 0x00F00000 False   [16, 17, 14, 15] []
   27 0x00000B00 0xFFFFFFC0 0x00F00000 False   [16, 17, 14, 15] []
   28 0x00000B40 0xFFFFFFC0 0x00F00000 False   [16, 17, 14, 15] []
   29 0x00000B80 0xFFFFFFC0 0x00F00000 False   [16, 17, 14, 15] []
   30 0x00000BC0 0xFFFFFFC0 0x00F00000 False   [16, 17, 14, 15] []
   31 0x00000C00 0xFFFFFFC0 0x00F00000 False   [16, 17, 14, 15] []
   32 0x00000C40 0xFFFFFFC0 0x00F00000 False   [16, 17, 14, 15] []
   33 0x00000C80 0xFFFFFFC0 0x00F00000 False   [16, 17, 14, 15] []
   34 0x00000CC0 0xFFFFFFC0 0x00F00000 False   [16, 17, 14, 15] []
   35 0x00000D00 0xFFFFFFC0 0x00F00000 False   [16, 17, 14, 15] []
   36 0x00000D40 0xFFFFFFC0 0x00F00000 False   [16, 17, 14, 15] []
   37 0x00000D80 0xFFFFFFC0 0x00F00000 False   [16, 17, 14, 15] []
   38 0x00000DC0 0xFFFFFFC0 0x00F00000 False   [16, 17, 14, 15] []
   39 0x00000E00 0xFFFFFFC0 0x00F00000 False   [16, 17, 14, 15] []
   40 0x000006A0 0xFFFFFFE0 0x00F00000 False   [16, 17, 14, 15] []
0 Defaultable entries
