*** Vertices:
Vertex exc, size: 1200, model: AbstractPopulationVertex
    Constraints:
        MaxVertexAtomsConstraint(size=255)
    Outgoing Edge Partitions:

Vertex exc1, size: 1200, model: AbstractPopulationVertex
    Constraints:
        MaxVertexAtomsConstraint(size=255)
    Outgoing Edge Partitions:

Vertex inh, size: 300, model: AbstractPopulationVertex
    Constraints:
        MaxVertexAtomsConstraint(size=255)
    Outgoing Edge Partitions:

Vertex inh2, size: 300, model: AbstractPopulationVertex
    Constraints:
        MaxVertexAtomsConstraint(size=255)
    Outgoing Edge Partitions:

Vertex inh3, size: 300, model: AbstractPopulationVertex
    Constraints:
        MaxVertexAtomsConstraint(size=255)
    Outgoing Edge Partitions:

Vertex inh4, size: 300, model: AbstractPopulationVertex
    Constraints:
        MaxVertexAtomsConstraint(size=255)
    Outgoing Edge Partitions:
    Partition SPIKE:
        Edge: projection edge 2, From inh4 to exc6, model: ProjectionApplicationEdge
        Edge: projection edge 3, From inh4 to inh4, model: ProjectionApplicationEdge

Vertex exc5, size: 1200, model: AbstractPopulationVertex
    Constraints:
        MaxVertexAtomsConstraint(size=255)
    Outgoing Edge Partitions:

Vertex exc6, size: 1200, model: AbstractPopulationVertex
    Constraints:
        MaxVertexAtomsConstraint(size=255)
    Outgoing Edge Partitions:
    Partition SPIKE:
        Edge: projection edge 0, From exc6 to exc6, model: ProjectionApplicationEdge
        Edge: projection edge 1, From exc6 to inh4, model: ProjectionApplicationEdge

Vertex expoisson, size: 20, model: SpikeSourcePoissonVertex
    Constraints:
        MaxVertexAtomsConstraint(size=500)
    Outgoing Edge Partitions:
    Partition SPIKE:
        Edge: projection edge 28, From expoisson to exc6, model: ProjectionApplicationEdge
        Edge: projection edge 29, From expoisson to inh4, model: ProjectionApplicationEdge

