Router contains 31 entries
Index Key        Mask       Route      Default [Cores][Links]
----- ---------- ---------- ---------- ------- --------------
    0 0x00000000 0xFFFFFFC0 0x007FFF00 False   [2, 3, 4, 5, 6, 7, 8, 9, 10, 11, 12, 13, 14, 15, 16] []
    1 0x00000040 0xFFFFFFC0 0x007FFF00 False   [2, 3, 4, 5, 6, 7, 8, 9, 10, 11, 12, 13, 14, 15, 16] []
    2 0x00000080 0xFFFFFFC0 0x007FFF00 False   [2, 3, 4, 5, 6, 7, 8, 9, 10, 11, 12, 13, 14, 15, 16] []
    3 0x000000C0 0xFFFFFFC0 0x007FFF00 False   [2, 3, 4, 5, 6, 7, 8, 9, 10, 11, 12, 13, 14, 15, 16] []
    4 0x00000100 0xFFFFFFC0 0x007FFF00 False   [2, 3, 4, 5, 6, 7, 8, 9, 10, 11, 12, 13, 14, 15, 16] []
    5 0x00000140 0xFFFFFFC0 0x007FFF00 False   [2, 3, 4, 5, 6, 7, 8, 9, 10, 11, 12, 13, 14, 15, 16] []
    6 0x00000180 0xFFFFFFC0 0x007FFF00 False   [2, 3, 4, 5, 6, 7, 8, 9, 10, 11, 12, 13, 14, 15, 16] []
    7 0x000001C0 0xFFFFFFC0 0x007FFF00 False   [2, 3, 4, 5, 6, 7, 8, 9, 10, 11, 12, 13, 14, 15, 16] []
    8 0x00000200 0xFFFFFFC0 0x007FFF00 False   [2, 3, 4, 5, 6, 7, 8, 9, 10, 11, 12, 13, 14, 15, 16] []
    9 0x00000240 0xFFFFFFC0 0x007FFF00 False   [2, 3, 4, 5, 6, 7, 8, 9, 10, 11, 12, 13, 14, 15, 16] []
   10 0x00000280 0xFFFFFFC0 0x007FFF00 False   [2, 3, 4, 5, 6, 7, 8, 9, 10, 11, 12, 13, 14, 15, 16] []
   11 0x000002C0 0xFFFFFFC0 0x007FFF00 False   [2, 3, 4, 5, 6, 7, 8, 9, 10, 11, 12, 13, 14, 15, 16] []
   12 0x00000300 0xFFFFFFC0 0x007FFF00 False   [2, 3, 4, 5, 6, 7, 8, 9, 10, 11, 12, 13, 14, 15, 16] []
   13 0x00000340 0xFFFFFFC0 0x007FFF00 False   [2, 3, 4, 5, 6, 7, 8, 9, 10, 11, 12, 13, 14, 15, 16] []
   14 0x00000380 0xFFFFFFC0 0x007FFF00 False   [2, 3, 4, 5, 6, 7, 8, 9, 10, 11, 12, 13, 14, 15, 16] []
   15 0x000003C0 0xFFFFFFC0 0x007FFF08 False   [2, 3, 4, 5, 6, 7, 8, 9, 10, 11, 12, 13, 14, 15, 16] [W]
   16 0x00000400 0xFFFFFFC0 0x007FFF08 False   [2, 3, 4, 5, 6, 7, 8, 9, 10, 11, 12, 13, 14, 15, 16] [W]
   17 0x00000440 0xFFFFFFC0 0x007FFF08 False   [2, 3, 4, 5, 6, 7, 8, 9, 10, 11, 12, 13, 14, 15, 16] [W]
   18 0x00000480 0xFFFFFFC0 0x007FFF08 False   [2, 3, 4, 5, 6, 7, 8, 9, 10, 11, 12, 13, 14, 15, 16] [W]
   19 0x000004C0 0xFFFFFFC0 0x007FFF08 False   [2, 3, 4, 5, 6, 7, 8, 9, 10, 11, 12, 13, 14, 15, 16] [W]
   20 0x00000500 0xFFFFFFC0 0x007FFF08 False   [2, 3, 4, 5, 6, 7, 8, 9, 10, 11, 12, 13, 14, 15, 16] [W]
   21 0x00000540 0xFFFFFFC0 0x007FFF08 False   [2, 3, 4, 5, 6, 7, 8, 9, 10, 11, 12, 13, 14, 15, 16] [W]
   22 0x00000580 0xFFFFFFC0 0x007FFF08 False   [2, 3, 4, 5, 6, 7, 8, 9, 10, 11, 12, 13, 14, 15, 16] [W]
   23 0x000005C0 0xFFFFFFC0 0x007FFF08 False   [2, 3, 4, 5, 6, 7, 8, 9, 10, 11, 12, 13, 14, 15, 16] [W]
   24 0x00000600 0xFFFFFFC0 0x007FFF08 False   [2, 3, 4, 5, 6, 7, 8, 9, 10, 11, 12, 13, 14, 15, 16] [W]
   25 0x00000640 0xFFFFFFC0 0x007FFF08 False   [2, 3, 4, 5, 6, 7, 8, 9, 10, 11, 12, 13, 14, 15, 16] [W]
   26 0x00000680 0xFFFFFFC0 0x007FFF08 False   [2, 3, 4, 5, 6, 7, 8, 9, 10, 11, 12, 13, 14, 15, 16] [W]
   27 0x000006C0 0xFFFFFFC0 0x007FFF08 False   [2, 3, 4, 5, 6, 7, 8, 9, 10, 11, 12, 13, 14, 15, 16] [W]
   28 0x00000700 0xFFFFFFC0 0x007FFF08 False   [2, 3, 4, 5, 6, 7, 8, 9, 10, 11, 12, 13, 14, 15, 16] [W]
   29 0x00000740 0xFFFFFFC0 0x007FFF08 False   [2, 3, 4, 5, 6, 7, 8, 9, 10, 11, 12, 13, 14, 15, 16] [W]
   30 0x00000780 0xFFFFFFE0 0x007FFF08 False   [2, 3, 4, 5, 6, 7, 8, 9, 10, 11, 12, 13, 14, 15, 16] [W]
0 Defaultable entries
